===== LEROBOT SHARD MERGE ENV CHECK =====
repo root: /scratch/yp2841/geometry-vla/openpi_cam
shards root: /scratch/yp2841/geometry-vla/glbreeze/libero_object_tmp_shards/original
output repo id: glbreeze/libero_object
hf lerobot home: /scratch/yp2841/geometry-vla
norm stats root: /scratch/yp2841/geometry-vla/pi0_libero
/scratch/yp2841/geometry-vla/openpi_cam/.venv/bin/python
Python 3.11.14
cs616.hpc.nyu.edu
[merge] shard=shard_000 source_episode=0 merged_episode=0 length=148
[merge] shard=shard_000 source_episode=1 merged_episode=1 length=179
[merge] shard=shard_000 source_episode=2 merged_episode=2 length=157
[merge] shard=shard_000 source_episode=3 merged_episode=3 length=152
[merge] shard=shard_000 source_episode=4 merged_episode=4 length=172
[merge] shard=shard_000 source_episode=5 merged_episode=5 length=146
[merge] shard=shard_000 source_episode=6 merged_episode=6 length=149
[merge] shard=shard_000 source_episode=7 merged_episode=7 length=154
[merge] shard=shard_000 source_episode=8 merged_episode=8 length=155
[merge] shard=shard_000 source_episode=9 merged_episode=9 length=154
[merge] shard=shard_000 source_episode=10 merged_episode=10 length=152
[merge] shard=shard_000 source_episode=11 merged_episode=11 length=157
[merge] shard=shard_000 source_episode=12 merged_episode=12 length=136
[merge] shard=shard_000 source_episode=13 merged_episode=13 length=154
[merge] shard=shard_000 source_episode=14 merged_episode=14 length=163
[merge] shard=shard_000 source_episode=15 merged_episode=15 length=146
[merge] shard=shard_000 source_episode=16 merged_episode=16 length=161
[merge] shard=shard_000 source_episode=17 merged_episode=17 length=177
[merge] shard=shard_000 source_episode=18 merged_episode=18 length=143
[merge] shard=shard_000 source_episode=19 merged_episode=19 length=136
[merge] shard=shard_000 source_episode=20 merged_episode=20 length=154
[merge] shard=shard_000 source_episode=21 merged_episode=21 length=136
[merge] shard=shard_000 source_episode=22 merged_episode=22 length=175
[merge] shard=shard_000 source_episode=23 merged_episode=23 length=146
[merge] shard=shard_000 source_episode=24 merged_episode=24 length=155
[merge] shard=shard_000 source_episode=25 merged_episode=25 length=179
[merge] shard=shard_000 source_episode=26 merged_episode=26 length=153
[merge] shard=shard_000 source_episode=27 merged_episode=27 length=152
[merge] shard=shard_000 source_episode=28 merged_episode=28 length=160
[merge] shard=shard_000 source_episode=29 merged_episode=29 length=150
[merge] shard=shard_000 source_episode=30 merged_episode=30 length=151
[merge] shard=shard_000 source_episode=31 merged_episode=31 length=149
[merge] shard=shard_000 source_episode=32 merged_episode=32 length=157
[merge] shard=shard_000 source_episode=33 merged_episode=33 length=171
[merge] shard=shard_000 source_episode=34 merged_episode=34 length=153
[merge] shard=shard_000 source_episode=35 merged_episode=35 length=137
[merge] shard=shard_000 source_episode=36 merged_episode=36 length=151
[merge] shard=shard_000 source_episode=37 merged_episode=37 length=160
[merge] shard=shard_000 source_episode=38 merged_episode=38 length=151
[merge] shard=shard_000 source_episode=39 merged_episode=39 length=150
[merge] shard=shard_000 source_episode=40 merged_episode=40 length=149
[merge] shard=shard_000 source_episode=41 merged_episode=41 length=189
[merge] shard=shard_000 source_episode=42 merged_episode=42 length=196
[merge] shard=shard_000 source_episode=43 merged_episode=43 length=151
[merge] shard=shard_000 source_episode=44 merged_episode=44 length=148
[merge] shard=shard_000 source_episode=45 merged_episode=45 length=150
[merge] shard=shard_000 source_episode=46 merged_episode=46 length=156
[merge] shard=shard_000 source_episode=47 merged_episode=47 length=153
[merge] shard=shard_000 source_episode=48 merged_episode=48 length=194
[merge] shard=shard_000 source_episode=49 merged_episode=49 length=141
[merge] shard=shard_001 source_episode=0 merged_episode=50 length=134
[merge] shard=shard_001 source_episode=1 merged_episode=51 length=179
[merge] shard=shard_001 source_episode=2 merged_episode=52 length=130
[merge] shard=shard_001 source_episode=3 merged_episode=53 length=149
[merge] shard=shard_001 source_episode=4 merged_episode=54 length=126
[merge] shard=shard_001 source_episode=5 merged_episode=55 length=222
[merge] shard=shard_001 source_episode=6 merged_episode=56 length=125
[merge] shard=shard_001 source_episode=7 merged_episode=57 length=135
[merge] shard=shard_001 source_episode=8 merged_episode=58 length=140
[merge] shard=shard_001 source_episode=9 merged_episode=59 length=123
[merge] shard=shard_001 source_episode=10 merged_episode=60 length=139
[merge] shard=shard_001 source_episode=11 merged_episode=61 length=132
[merge] shard=shard_001 source_episode=12 merged_episode=62 length=172
[merge] shard=shard_001 source_episode=13 merged_episode=63 length=124
[merge] shard=shard_001 source_episode=14 merged_episode=64 length=135
[merge] shard=shard_001 source_episode=15 merged_episode=65 length=132
[merge] shard=shard_001 source_episode=16 merged_episode=66 length=135
[merge] shard=shard_001 source_episode=17 merged_episode=67 length=135
[merge] shard=shard_001 source_episode=18 merged_episode=68 length=166
[merge] shard=shard_001 source_episode=19 merged_episode=69 length=171
[merge] shard=shard_001 source_episode=20 merged_episode=70 length=168
[merge] shard=shard_001 source_episode=21 merged_episode=71 length=127
[merge] shard=shard_001 source_episode=22 merged_episode=72 length=141
[merge] shard=shard_001 source_episode=23 merged_episode=73 length=136
[merge] shard=shard_001 source_episode=24 merged_episode=74 length=189
[merge] shard=shard_001 source_episode=25 merged_episode=75 length=162
[merge] shard=shard_001 source_episode=26 merged_episode=76 length=131
[merge] shard=shard_001 source_episode=27 merged_episode=77 length=134
[merge] shard=shard_001 source_episode=28 merged_episode=78 length=134
[merge] shard=shard_001 source_episode=29 merged_episode=79 length=162
[merge] shard=shard_001 source_episode=30 merged_episode=80 length=131
[merge] shard=shard_001 source_episode=31 merged_episode=81 length=132
[merge] shard=shard_001 source_episode=32 merged_episode=82 length=139
[merge] shard=shard_001 source_episode=33 merged_episode=83 length=141
[merge] shard=shard_001 source_episode=34 merged_episode=84 length=166
[merge] shard=shard_001 source_episode=35 merged_episode=85 length=149
[merge] shard=shard_001 source_episode=36 merged_episode=86 length=129
[merge] shard=shard_001 source_episode=37 merged_episode=87 length=174
[merge] shard=shard_001 source_episode=38 merged_episode=88 length=177
[merge] shard=shard_001 source_episode=39 merged_episode=89 length=135
[merge] shard=shard_001 source_episode=40 merged_episode=90 length=161
[merge] shard=shard_001 source_episode=41 merged_episode=91 length=129
[merge] shard=shard_001 source_episode=42 merged_episode=92 length=149
[merge] shard=shard_001 source_episode=43 merged_episode=93 length=174
[merge] shard=shard_001 source_episode=44 merged_episode=94 length=142
[merge] shard=shard_001 source_episode=45 merged_episode=95 length=132
[merge] shard=shard_001 source_episode=46 merged_episode=96 length=128
[merge] shard=shard_001 source_episode=47 merged_episode=97 length=160
[merge] shard=shard_001 source_episode=48 merged_episode=98 length=162
[merge] shard=shard_001 source_episode=49 merged_episode=99 length=150
[merge] shard=shard_002 source_episode=0 merged_episode=100 length=169
[merge] shard=shard_002 source_episode=1 merged_episode=101 length=149
[merge] shard=shard_002 source_episode=2 merged_episode=102 length=152
[merge] shard=shard_002 source_episode=3 merged_episode=103 length=171
[merge] shard=shard_002 source_episode=4 merged_episode=104 length=154
[merge] shard=shard_002 source_episode=5 merged_episode=105 length=149
[merge] shard=shard_002 source_episode=6 merged_episode=106 length=154
[merge] shard=shard_002 source_episode=7 merged_episode=107 length=173
[merge] shard=shard_002 source_episode=8 merged_episode=108 length=147
[merge] shard=shard_002 source_episode=9 merged_episode=109 length=167
[merge] shard=shard_002 source_episode=10 merged_episode=110 length=144
[merge] shard=shard_002 source_episode=11 merged_episode=111 length=149
[merge] shard=shard_002 source_episode=12 merged_episode=112 length=159
[merge] shard=shard_002 source_episode=13 merged_episode=113 length=146
[merge] shard=shard_002 source_episode=14 merged_episode=114 length=162
[merge] shard=shard_002 source_episode=15 merged_episode=115 length=153
[merge] shard=shard_002 source_episode=16 merged_episode=116 length=158
[merge] shard=shard_002 source_episode=17 merged_episode=117 length=150
[merge] shard=shard_002 source_episode=18 merged_episode=118 length=177
[merge] shard=shard_002 source_episode=19 merged_episode=119 length=156
[merge] shard=shard_002 source_episode=20 merged_episode=120 length=149
[merge] shard=shard_002 source_episode=21 merged_episode=121 length=151
[merge] shard=shard_002 source_episode=22 merged_episode=122 length=164
[merge] shard=shard_002 source_episode=23 merged_episode=123 length=154
[merge] shard=shard_002 source_episode=24 merged_episode=124 length=162
[merge] shard=shard_002 source_episode=25 merged_episode=125 length=164
[merge] shard=shard_002 source_episode=26 merged_episode=126 length=152
[merge] shard=shard_002 source_episode=27 merged_episode=127 length=144
[merge] shard=shard_002 source_episode=28 merged_episode=128 length=164
[merge] shard=shard_002 source_episode=29 merged_episode=129 length=175
[merge] shard=shard_002 source_episode=30 merged_episode=130 length=151
[merge] shard=shard_002 source_episode=31 merged_episode=131 length=158
[merge] shard=shard_002 source_episode=32 merged_episode=132 length=164
[merge] shard=shard_002 source_episode=33 merged_episode=133 length=165
[merge] shard=shard_002 source_episode=34 merged_episode=134 length=178
[merge] shard=shard_002 source_episode=35 merged_episode=135 length=155
[merge] shard=shard_002 source_episode=36 merged_episode=136 length=156
[merge] shard=shard_002 source_episode=37 merged_episode=137 length=153
[merge] shard=shard_002 source_episode=38 merged_episode=138 length=146
[merge] shard=shard_002 source_episode=39 merged_episode=139 length=152
[merge] shard=shard_002 source_episode=40 merged_episode=140 length=207
[merge] shard=shard_002 source_episode=41 merged_episode=141 length=157
[merge] shard=shard_002 source_episode=42 merged_episode=142 length=155
[merge] shard=shard_002 source_episode=43 merged_episode=143 length=146
[merge] shard=shard_002 source_episode=44 merged_episode=144 length=151
[merge] shard=shard_002 source_episode=45 merged_episode=145 length=146
[merge] shard=shard_002 source_episode=46 merged_episode=146 length=148
[merge] shard=shard_002 source_episode=47 merged_episode=147 length=154
[merge] shard=shard_002 source_episode=48 merged_episode=148 length=150
[merge] shard=shard_002 source_episode=49 merged_episode=149 length=155
[merge] shard=shard_003 source_episode=0 merged_episode=150 length=168
[merge] shard=shard_003 source_episode=1 merged_episode=151 length=150
[merge] shard=shard_003 source_episode=2 merged_episode=152 length=152
[merge] shard=shard_003 source_episode=3 merged_episode=153 length=163
[merge] shard=shard_003 source_episode=4 merged_episode=154 length=158
[merge] shard=shard_003 source_episode=5 merged_episode=155 length=154
[merge] shard=shard_003 source_episode=6 merged_episode=156 length=160
[merge] shard=shard_003 source_episode=7 merged_episode=157 length=159
[merge] shard=shard_003 source_episode=8 merged_episode=158 length=172
[merge] shard=shard_003 source_episode=9 merged_episode=159 length=148
[merge] shard=shard_003 source_episode=10 merged_episode=160 length=161
[merge] shard=shard_003 source_episode=11 merged_episode=161 length=158
[merge] shard=shard_003 source_episode=12 merged_episode=162 length=151
[merge] shard=shard_003 source_episode=13 merged_episode=163 length=165
[merge] shard=shard_003 source_episode=14 merged_episode=164 length=224
[merge] shard=shard_003 source_episode=15 merged_episode=165 length=154
[merge] shard=shard_003 source_episode=16 merged_episode=166 length=154
[merge] shard=shard_003 source_episode=17 merged_episode=167 length=171
[merge] shard=shard_003 source_episode=18 merged_episode=168 length=150
[merge] shard=shard_003 source_episode=19 merged_episode=169 length=148
[merge] shard=shard_003 source_episode=20 merged_episode=170 length=166
[merge] shard=shard_003 source_episode=21 merged_episode=171 length=149
[merge] shard=shard_003 source_episode=22 merged_episode=172 length=153
[merge] shard=shard_003 source_episode=23 merged_episode=173 length=158
[merge] shard=shard_003 source_episode=24 merged_episode=174 length=162
[merge] shard=shard_003 source_episode=25 merged_episode=175 length=169
[merge] shard=shard_003 source_episode=26 merged_episode=176 length=161
[merge] shard=shard_003 source_episode=27 merged_episode=177 length=168
[merge] shard=shard_003 source_episode=28 merged_episode=178 length=174
[merge] shard=shard_003 source_episode=29 merged_episode=179 length=158
[merge] shard=shard_003 source_episode=30 merged_episode=180 length=162
[merge] shard=shard_003 source_episode=31 merged_episode=181 length=152
[merge] shard=shard_003 source_episode=32 merged_episode=182 length=159
[merge] shard=shard_003 source_episode=33 merged_episode=183 length=157
[merge] shard=shard_003 source_episode=34 merged_episode=184 length=149
[merge] shard=shard_003 source_episode=35 merged_episode=185 length=163
[merge] shard=shard_003 source_episode=36 merged_episode=186 length=151
[merge] shard=shard_003 source_episode=37 merged_episode=187 length=151
[merge] shard=shard_003 source_episode=38 merged_episode=188 length=169
[merge] shard=shard_003 source_episode=39 merged_episode=189 length=153
[merge] shard=shard_003 source_episode=40 merged_episode=190 length=161
[merge] shard=shard_003 source_episode=41 merged_episode=191 length=165
[merge] shard=shard_003 source_episode=42 merged_episode=192 length=162
[merge] shard=shard_003 source_episode=43 merged_episode=193 length=157
[merge] shard=shard_003 source_episode=44 merged_episode=194 length=149
[merge] shard=shard_003 source_episode=45 merged_episode=195 length=154
[merge] shard=shard_003 source_episode=46 merged_episode=196 length=162
[merge] shard=shard_003 source_episode=47 merged_episode=197 length=168
[merge] shard=shard_003 source_episode=48 merged_episode=198 length=155
[merge] shard=shard_003 source_episode=49 merged_episode=199 length=145
[merge] shard=shard_004 source_episode=0 merged_episode=200 length=139
[merge] shard=shard_004 source_episode=1 merged_episode=201 length=187
[merge] shard=shard_004 source_episode=2 merged_episode=202 length=132
[merge] shard=shard_004 source_episode=3 merged_episode=203 length=162
[merge] shard=shard_004 source_episode=4 merged_episode=204 length=133
[merge] shard=shard_004 source_episode=5 merged_episode=205 length=142
[merge] shard=shard_004 source_episode=6 merged_episode=206 length=157
[merge] shard=shard_004 source_episode=7 merged_episode=207 length=130
[merge] shard=shard_004 source_episode=8 merged_episode=208 length=119
[merge] shard=shard_004 source_episode=9 merged_episode=209 length=144
[merge] shard=shard_004 source_episode=10 merged_episode=210 length=177
[merge] shard=shard_004 source_episode=11 merged_episode=211 length=127
[merge] shard=shard_004 source_episode=12 merged_episode=212 length=125
[merge] shard=shard_004 source_episode=13 merged_episode=213 length=123
[merge] shard=shard_004 source_episode=14 merged_episode=214 length=147
[merge] shard=shard_004 source_episode=15 merged_episode=215 length=125
[merge] shard=shard_004 source_episode=16 merged_episode=216 length=140
[merge] shard=shard_004 source_episode=17 merged_episode=217 length=127
[merge] shard=shard_004 source_episode=18 merged_episode=218 length=131
[merge] shard=shard_004 source_episode=19 merged_episode=219 length=138
[merge] shard=shard_004 source_episode=20 merged_episode=220 length=121
[merge] shard=shard_004 source_episode=21 merged_episode=221 length=140
[merge] shard=shard_004 source_episode=22 merged_episode=222 length=178
[merge] shard=shard_004 source_episode=23 merged_episode=223 length=133
[merge] shard=shard_004 source_episode=24 merged_episode=224 length=171
[merge] shard=shard_004 source_episode=25 merged_episode=225 length=151
[merge] shard=shard_004 source_episode=26 merged_episode=226 length=172
[merge] shard=shard_004 source_episode=27 merged_episode=227 length=145
[merge] shard=shard_004 source_episode=28 merged_episode=228 length=127
[merge] shard=shard_004 source_episode=29 merged_episode=229 length=139
[merge] shard=shard_004 source_episode=30 merged_episode=230 length=141
[merge] shard=shard_004 source_episode=31 merged_episode=231 length=135
[merge] shard=shard_004 source_episode=32 merged_episode=232 length=130
[merge] shard=shard_004 source_episode=33 merged_episode=233 length=164
[merge] shard=shard_004 source_episode=34 merged_episode=234 length=127
[merge] shard=shard_004 source_episode=35 merged_episode=235 length=151
[merge] shard=shard_004 source_episode=36 merged_episode=236 length=136
[merge] shard=shard_004 source_episode=37 merged_episode=237 length=139
[merge] shard=shard_004 source_episode=38 merged_episode=238 length=142
[merge] shard=shard_004 source_episode=39 merged_episode=239 length=137
[merge] shard=shard_004 source_episode=40 merged_episode=240 length=163
[merge] shard=shard_004 source_episode=41 merged_episode=241 length=135
[merge] shard=shard_004 source_episode=42 merged_episode=242 length=156
[merge] shard=shard_004 source_episode=43 merged_episode=243 length=137
[merge] shard=shard_004 source_episode=44 merged_episode=244 length=128
[merge] shard=shard_004 source_episode=45 merged_episode=245 length=156
[merge] shard=shard_004 source_episode=46 merged_episode=246 length=168
[merge] shard=shard_004 source_episode=47 merged_episode=247 length=141
[merge] shard=shard_004 source_episode=48 merged_episode=248 length=176
[merge] shard=shard_004 source_episode=49 merged_episode=249 length=150
[merge] shard=shard_005 source_episode=0 merged_episode=250 length=248
[merge] shard=shard_005 source_episode=1 merged_episode=251 length=155
[merge] shard=shard_005 source_episode=2 merged_episode=252 length=160
[merge] shard=shard_005 source_episode=3 merged_episode=253 length=148
[merge] shard=shard_005 source_episode=4 merged_episode=254 length=162
[merge] shard=shard_005 source_episode=5 merged_episode=255 length=150
[merge] shard=shard_005 source_episode=6 merged_episode=256 length=141
[merge] shard=shard_005 source_episode=7 merged_episode=257 length=144
[merge] shard=shard_005 source_episode=8 merged_episode=258 length=150
[merge] shard=shard_005 source_episode=9 merged_episode=259 length=226
[merge] shard=shard_005 source_episode=10 merged_episode=260 length=179
[merge] shard=shard_005 source_episode=11 merged_episode=261 length=156
[merge] shard=shard_005 source_episode=12 merged_episode=262 length=137
[merge] shard=shard_005 source_episode=13 merged_episode=263 length=239
[merge] shard=shard_005 source_episode=14 merged_episode=264 length=141
[merge] shard=shard_005 source_episode=15 merged_episode=265 length=142
[merge] shard=shard_005 source_episode=16 merged_episode=266 length=136
[merge] shard=shard_005 source_episode=17 merged_episode=267 length=152
[merge] shard=shard_005 source_episode=18 merged_episode=268 length=150
[merge] shard=shard_005 source_episode=19 merged_episode=269 length=148
[merge] shard=shard_005 source_episode=20 merged_episode=270 length=152
[merge] shard=shard_005 source_episode=21 merged_episode=271 length=135
[merge] shard=shard_005 source_episode=22 merged_episode=272 length=199
[merge] shard=shard_005 source_episode=23 merged_episode=273 length=136
[merge] shard=shard_005 source_episode=24 merged_episode=274 length=159
[merge] shard=shard_005 source_episode=25 merged_episode=275 length=219
[merge] shard=shard_005 source_episode=26 merged_episode=276 length=159
[merge] shard=shard_005 source_episode=27 merged_episode=277 length=162
[merge] shard=shard_005 source_episode=28 merged_episode=278 length=158
[merge] shard=shard_005 source_episode=29 merged_episode=279 length=156
[merge] shard=shard_005 source_episode=30 merged_episode=280 length=141
[merge] shard=shard_005 source_episode=31 merged_episode=281 length=159
[merge] shard=shard_005 source_episode=32 merged_episode=282 length=142
[merge] shard=shard_005 source_episode=33 merged_episode=283 length=146
[merge] shard=shard_005 source_episode=34 merged_episode=284 length=147
[merge] shard=shard_005 source_episode=35 merged_episode=285 length=164
[merge] shard=shard_005 source_episode=36 merged_episode=286 length=160
[merge] shard=shard_005 source_episode=37 merged_episode=287 length=141
[merge] shard=shard_005 source_episode=38 merged_episode=288 length=148
[merge] shard=shard_005 source_episode=39 merged_episode=289 length=142
[merge] shard=shard_005 source_episode=40 merged_episode=290 length=160
[merge] shard=shard_005 source_episode=41 merged_episode=291 length=251
[merge] shard=shard_005 source_episode=42 merged_episode=292 length=163
[merge] shard=shard_005 source_episode=43 merged_episode=293 length=144
[merge] shard=shard_005 source_episode=44 merged_episode=294 length=157
[merge] shard=shard_005 source_episode=45 merged_episode=295 length=194
[merge] shard=shard_005 source_episode=46 merged_episode=296 length=150
[merge] shard=shard_005 source_episode=47 merged_episode=297 length=151
[merge] shard=shard_005 source_episode=48 merged_episode=298 length=148
[merge] shard=shard_005 source_episode=49 merged_episode=299 length=149
[merge] shard=shard_006 source_episode=0 merged_episode=300 length=150
[merge] shard=shard_006 source_episode=1 merged_episode=301 length=131
[merge] shard=shard_006 source_episode=2 merged_episode=302 length=143
[merge] shard=shard_006 source_episode=3 merged_episode=303 length=143
[merge] shard=shard_006 source_episode=4 merged_episode=304 length=127
[merge] shard=shard_006 source_episode=5 merged_episode=305 length=135
[merge] shard=shard_006 source_episode=6 merged_episode=306 length=141
[merge] shard=shard_006 source_episode=7 merged_episode=307 length=138
[merge] shard=shard_006 source_episode=8 merged_episode=308 length=141
[merge] shard=shard_006 source_episode=9 merged_episode=309 length=152
[merge] shard=shard_006 source_episode=10 merged_episode=310 length=148
[merge] shard=shard_006 source_episode=11 merged_episode=311 length=140
[merge] shard=shard_006 source_episode=12 merged_episode=312 length=143
[merge] shard=shard_006 source_episode=13 merged_episode=313 length=141
[merge] shard=shard_006 source_episode=14 merged_episode=314 length=137
[merge] shard=shard_006 source_episode=15 merged_episode=315 length=127
[merge] shard=shard_006 source_episode=16 merged_episode=316 length=144
[merge] shard=shard_006 source_episode=17 merged_episode=317 length=132
[merge] shard=shard_006 source_episode=18 merged_episode=318 length=132
[merge] shard=shard_006 source_episode=19 merged_episode=319 length=164
[merge] shard=shard_006 source_episode=20 merged_episode=320 length=135
[merge] shard=shard_006 source_episode=21 merged_episode=321 length=131
[merge] shard=shard_006 source_episode=22 merged_episode=322 length=140
[merge] shard=shard_006 source_episode=23 merged_episode=323 length=137
[merge] shard=shard_006 source_episode=24 merged_episode=324 length=155
[merge] shard=shard_006 source_episode=25 merged_episode=325 length=196
[merge] shard=shard_006 source_episode=26 merged_episode=326 length=175
[merge] shard=shard_006 source_episode=27 merged_episode=327 length=168
[merge] shard=shard_006 source_episode=28 merged_episode=328 length=139
[merge] shard=shard_006 source_episode=29 merged_episode=329 length=164
[merge] shard=shard_006 source_episode=30 merged_episode=330 length=126
[merge] shard=shard_006 source_episode=31 merged_episode=331 length=156
[merge] shard=shard_006 source_episode=32 merged_episode=332 length=190
[merge] shard=shard_006 source_episode=33 merged_episode=333 length=138
[merge] shard=shard_006 source_episode=34 merged_episode=334 length=161
[merge] shard=shard_006 source_episode=35 merged_episode=335 length=130
[merge] shard=shard_006 source_episode=36 merged_episode=336 length=130
[merge] shard=shard_006 source_episode=37 merged_episode=337 length=173
[merge] shard=shard_006 source_episode=38 merged_episode=338 length=133
[merge] shard=shard_006 source_episode=39 merged_episode=339 length=146
[merge] shard=shard_006 source_episode=40 merged_episode=340 length=139
[merge] shard=shard_006 source_episode=41 merged_episode=341 length=129
[merge] shard=shard_006 source_episode=42 merged_episode=342 length=139
[merge] shard=shard_006 source_episode=43 merged_episode=343 length=143
[merge] shard=shard_006 source_episode=44 merged_episode=344 length=141
[merge] shard=shard_006 source_episode=45 merged_episode=345 length=175
[merge] shard=shard_006 source_episode=46 merged_episode=346 length=144
[merge] shard=shard_006 source_episode=47 merged_episode=347 length=150
[merge] shard=shard_006 source_episode=48 merged_episode=348 length=150
[merge] shard=shard_006 source_episode=49 merged_episode=349 length=139
[merge] shard=shard_007 source_episode=0 merged_episode=350 length=126
[merge] shard=shard_007 source_episode=1 merged_episode=351 length=135
[merge] shard=shard_007 source_episode=2 merged_episode=352 length=134
[merge] shard=shard_007 source_episode=3 merged_episode=353 length=167
[merge] shard=shard_007 source_episode=4 merged_episode=354 length=144
[merge] shard=shard_007 source_episode=5 merged_episode=355 length=129
[merge] shard=shard_007 source_episode=6 merged_episode=356 length=114
[merge] shard=shard_007 source_episode=7 merged_episode=357 length=131
[merge] shard=shard_007 source_episode=8 merged_episode=358 length=163
[merge] shard=shard_007 source_episode=9 merged_episode=359 length=122
[merge] shard=shard_007 source_episode=10 merged_episode=360 length=136
[merge] shard=shard_007 source_episode=11 merged_episode=361 length=121
[merge] shard=shard_007 source_episode=12 merged_episode=362 length=132
[merge] shard=shard_007 source_episode=13 merged_episode=363 length=201
[merge] shard=shard_007 source_episode=14 merged_episode=364 length=136
[merge] shard=shard_007 source_episode=15 merged_episode=365 length=195
[merge] shard=shard_007 source_episode=16 merged_episode=366 length=150
[merge] shard=shard_007 source_episode=17 merged_episode=367 length=124
[merge] shard=shard_007 source_episode=18 merged_episode=368 length=127
[merge] shard=shard_007 source_episode=19 merged_episode=369 length=128
[merge] shard=shard_007 source_episode=20 merged_episode=370 length=141
[merge] shard=shard_007 source_episode=21 merged_episode=371 length=131
[merge] shard=shard_007 source_episode=22 merged_episode=372 length=154
[merge] shard=shard_007 source_episode=23 merged_episode=373 length=145
[merge] shard=shard_007 source_episode=24 merged_episode=374 length=124
[merge] shard=shard_007 source_episode=25 merged_episode=375 length=143
[merge] shard=shard_007 source_episode=26 merged_episode=376 length=121
[merge] shard=shard_007 source_episode=27 merged_episode=377 length=142
[merge] shard=shard_007 source_episode=28 merged_episode=378 length=123
[merge] shard=shard_007 source_episode=29 merged_episode=379 length=168
[merge] shard=shard_007 source_episode=30 merged_episode=380 length=141
[merge] shard=shard_007 source_episode=31 merged_episode=381 length=134
[merge] shard=shard_007 source_episode=32 merged_episode=382 length=123
[merge] shard=shard_007 source_episode=33 merged_episode=383 length=142
[merge] shard=shard_007 source_episode=34 merged_episode=384 length=138
[merge] shard=shard_007 source_episode=35 merged_episode=385 length=164
[merge] shard=shard_007 source_episode=36 merged_episode=386 length=120
[merge] shard=shard_007 source_episode=37 merged_episode=387 length=126
[merge] shard=shard_007 source_episode=38 merged_episode=388 length=254
[merge] shard=shard_007 source_episode=39 merged_episode=389 length=123
[merge] shard=shard_007 source_episode=40 merged_episode=390 length=145
[merge] shard=shard_007 source_episode=41 merged_episode=391 length=121
[merge] shard=shard_007 source_episode=42 merged_episode=392 length=133
[merge] shard=shard_007 source_episode=43 merged_episode=393 length=129
[merge] shard=shard_007 source_episode=44 merged_episode=394 length=125
[merge] shard=shard_007 source_episode=45 merged_episode=395 length=133
[merge] shard=shard_007 source_episode=46 merged_episode=396 length=133
[merge] shard=shard_007 source_episode=47 merged_episode=397 length=129
[merge] shard=shard_007 source_episode=48 merged_episode=398 length=123
[merge] shard=shard_007 source_episode=49 merged_episode=399 length=125
[merge] shard=shard_008 source_episode=0 merged_episode=400 length=137
[merge] shard=shard_008 source_episode=1 merged_episode=401 length=124
[merge] shard=shard_008 source_episode=2 merged_episode=402 length=163
[merge] shard=shard_008 source_episode=3 merged_episode=403 length=167
[merge] shard=shard_008 source_episode=4 merged_episode=404 length=122
[merge] shard=shard_008 source_episode=5 merged_episode=405 length=139
[merge] shard=shard_008 source_episode=6 merged_episode=406 length=124
[merge] shard=shard_008 source_episode=7 merged_episode=407 length=125
[merge] shard=shard_008 source_episode=8 merged_episode=408 length=134
[merge] shard=shard_008 source_episode=9 merged_episode=409 length=128
[merge] shard=shard_008 source_episode=10 merged_episode=410 length=124
[merge] shard=shard_008 source_episode=11 merged_episode=411 length=128
[merge] shard=shard_008 source_episode=12 merged_episode=412 length=129
[merge] shard=shard_008 source_episode=13 merged_episode=413 length=145
[merge] shard=shard_008 source_episode=14 merged_episode=414 length=123
[merge] shard=shard_008 source_episode=15 merged_episode=415 length=135
[merge] shard=shard_008 source_episode=16 merged_episode=416 length=121
[merge] shard=shard_008 source_episode=17 merged_episode=417 length=131
[merge] shard=shard_008 source_episode=18 merged_episode=418 length=177
[merge] shard=shard_008 source_episode=19 merged_episode=419 length=129
[merge] shard=shard_008 source_episode=20 merged_episode=420 length=128
[merge] shard=shard_008 source_episode=21 merged_episode=421 length=128
[merge] shard=shard_008 source_episode=22 merged_episode=422 length=126
[merge] shard=shard_008 source_episode=23 merged_episode=423 length=125
[merge] shard=shard_008 source_episode=24 merged_episode=424 length=149
[merge] shard=shard_008 source_episode=25 merged_episode=425 length=126
[merge] shard=shard_008 source_episode=26 merged_episode=426 length=122
[merge] shard=shard_008 source_episode=27 merged_episode=427 length=124
[merge] shard=shard_008 source_episode=28 merged_episode=428 length=132
[merge] shard=shard_008 source_episode=29 merged_episode=429 length=123
[merge] shard=shard_008 source_episode=30 merged_episode=430 length=128
[merge] shard=shard_008 source_episode=31 merged_episode=431 length=132
[merge] shard=shard_008 source_episode=32 merged_episode=432 length=133
[merge] shard=shard_008 source_episode=33 merged_episode=433 length=136
[merge] shard=shard_008 source_episode=34 merged_episode=434 length=216
[merge] shard=shard_008 source_episode=35 merged_episode=435 length=116
[merge] shard=shard_008 source_episode=36 merged_episode=436 length=120
[merge] shard=shard_008 source_episode=37 merged_episode=437 length=124
[merge] shard=shard_008 source_episode=38 merged_episode=438 length=125
[merge] shard=shard_008 source_episode=39 merged_episode=439 length=126
[merge] shard=shard_008 source_episode=40 merged_episode=440 length=115
[merge] shard=shard_008 source_episode=41 merged_episode=441 length=118
[merge] shard=shard_008 source_episode=42 merged_episode=442 length=129
[merge] shard=shard_008 source_episode=43 merged_episode=443 length=129
[merge] shard=shard_008 source_episode=44 merged_episode=444 length=134
[merge] shard=shard_008 source_episode=45 merged_episode=445 length=118
[merge] shard=shard_008 source_episode=46 merged_episode=446 length=126
[merge] shard=shard_008 source_episode=47 merged_episode=447 length=124
[merge] shard=shard_008 source_episode=48 merged_episode=448 length=134
[merge] shard=shard_008 source_episode=49 merged_episode=449 length=170
[merge] shard=shard_009 source_episode=0 merged_episode=450 length=132
[merge] shard=shard_009 source_episode=1 merged_episode=451 length=160
[merge] shard=shard_009 source_episode=2 merged_episode=452 length=177
[merge] shard=shard_009 source_episode=3 merged_episode=453 length=133
[merge] shard=shard_009 source_episode=4 merged_episode=454 length=136
[merge] shard=shard_009 source_episode=5 merged_episode=455 length=135
[merge] shard=shard_009 source_episode=6 merged_episode=456 length=183
[merge] shard=shard_009 source_episode=7 merged_episode=457 length=146
[merge] shard=shard_009 source_episode=8 merged_episode=458 length=142
[merge] shard=shard_009 source_episode=9 merged_episode=459 length=145
[merge] shard=shard_009 source_episode=10 merged_episode=460 length=157
[merge] shard=shard_009 source_episode=11 merged_episode=461 length=150
[merge] shard=shard_009 source_episode=12 merged_episode=462 length=127
[merge] shard=shard_009 source_episode=13 merged_episode=463 length=135
[merge] shard=shard_009 source_episode=14 merged_episode=464 length=137
[merge] shard=shard_009 source_episode=15 merged_episode=465 length=180
[merge] shard=shard_009 source_episode=16 merged_episode=466 length=170
[merge] shard=shard_009 source_episode=17 merged_episode=467 length=184
[merge] shard=shard_009 source_episode=18 merged_episode=468 length=131
[merge] shard=shard_009 source_episode=19 merged_episode=469 length=161
[merge] shard=shard_009 source_episode=20 merged_episode=470 length=130
[merge] shard=shard_009 source_episode=21 merged_episode=471 length=127
[merge] shard=shard_009 source_episode=22 merged_episode=472 length=157
[merge] shard=shard_009 source_episode=23 merged_episode=473 length=177
[merge] shard=shard_009 source_episode=24 merged_episode=474 length=146
[merge] shard=shard_009 source_episode=25 merged_episode=475 length=129
[merge] shard=shard_009 source_episode=26 merged_episode=476 length=148
[merge] shard=shard_009 source_episode=27 merged_episode=477 length=139
[merge] shard=shard_009 source_episode=28 merged_episode=478 length=140
[merge] shard=shard_009 source_episode=29 merged_episode=479 length=140
[merge] shard=shard_009 source_episode=30 merged_episode=480 length=139
[merge] shard=shard_009 source_episode=31 merged_episode=481 length=165
[merge] shard=shard_009 source_episode=32 merged_episode=482 length=157
[merge] shard=shard_009 source_episode=33 merged_episode=483 length=133
[merge] shard=shard_009 source_episode=34 merged_episode=484 length=133
[merge] shard=shard_009 source_episode=35 merged_episode=485 length=162
[merge] shard=shard_009 source_episode=36 merged_episode=486 length=137
[merge] shard=shard_009 source_episode=37 merged_episode=487 length=156
[merge] shard=shard_009 source_episode=38 merged_episode=488 length=177
[merge] shard=shard_009 source_episode=39 merged_episode=489 length=133
[merge] shard=shard_009 source_episode=40 merged_episode=490 length=147
[merge] shard=shard_009 source_episode=41 merged_episode=491 length=149
[merge] shard=shard_009 source_episode=42 merged_episode=492 length=126
[merge] shard=shard_009 source_episode=43 merged_episode=493 length=135
[merge] shard=shard_009 source_episode=44 merged_episode=494 length=136
[merge] shard=shard_009 source_episode=45 merged_episode=495 length=175
[merge] shard=shard_009 source_episode=46 merged_episode=496 length=139
[merge] shard=shard_009 source_episode=47 merged_episode=497 length=133
[merge] shard=shard_009 source_episode=48 merged_episode=498 length=142
[merge] shard=shard_009 source_episode=49 merged_episode=499 length=136
[merge] completed repo_id=glbreeze/libero_object shards=10 episodes=500 frames=74507
Read 74507 rows from 500 parquet files under /scratch/yp2841/geometry-vla/glbreeze/libero_object
Writing stats to: /scratch/yp2841/geometry-vla/pi0_libero/glbreeze/libero_object
Shard merge completed successfully.
