===== TRAIN ENV CHECK =====
repo root: /scratch/yp2841/geometry-vla/openpi_cam
use_cam: true
config: pi0_libero_cam_pytorch_full_finetune
exp: pi0_libero_object_cam_posefusion
dataset: /scratch/yp2841/geometry-vla/glbreeze/libero_object_cam
base model: /scratch/yp2841/geometry-vla/pi0_base
norm stats: /scratch/yp2841/geometry-vla/pi0_libero/glbreeze/libero_object_cam
checkpoints: /scratch/yp2841/geometry-vla/openpi_cam/checkpoints
wandb root: /state/partition1/job-4969375/openpi_cam_4969375/wandb_root
num_gpus: 4
batch_size: 32
num_train_steps: 30000
/scratch/yp2841/geometry-vla/openpi_cam/.venv/bin/python
Python 3.11.14
gh106.hpc.nyu.edu
GPU 0: NVIDIA H200 (UUID: GPU-09984fbe-28f6-54da-42ab-8cc525b7aed5)
GPU 1: NVIDIA H200 (UUID: GPU-8616996e-3f99-f187-98f1-e9d7c273f412)
GPU 2: NVIDIA H200 (UUID: GPU-69e3da02-c601-3470-ede3-f5306811f2e4)
GPU 3: NVIDIA H200 (UUID: GPU-ee7e34d2-9357-a133-8ec3-a30ce63175f6)
