===== TRAIN ENV CHECK =====
repo root: /scratch/yp2841/geometry-vla/openpi_cam
use_cam: false
config: pi0_libero_pytorch_full_finetune
exp: pi0_libero_object_4690327
dataset: /scratch/yp2841/geometry-vla/glbreeze/libero_object
base model: /scratch/yp2841/geometry-vla/pi0_base
norm stats: /scratch/yp2841/geometry-vla/pi0_libero/glbreeze/libero_object
checkpoints: /scratch/yp2841/geometry-vla/openpi_cam/checkpoints
wandb root: /state/partition1/job-4690327/openpi_cam_4690327/wandb_root
num_gpus: 4
batch_size: 32
num_train_steps: 30000
/scratch/yp2841/geometry-vla/openpi_cam/.venv/bin/python
Python 3.11.14
gh109.hpc.nyu.edu
GPU 0: NVIDIA H200 (UUID: GPU-2b229d8c-8c21-a580-6b24-059d09c12788)
GPU 1: NVIDIA H200 (UUID: GPU-1d3f4de2-c4ae-f2a1-266a-e06175d2d77a)
GPU 2: NVIDIA H200 (UUID: GPU-fdbddbd9-1b72-2bd1-52fb-9531bb065408)
GPU 3: NVIDIA H200 (UUID: GPU-f682be23-6d32-f62c-9aac-e365bda07cc9)
