===== TRAIN ENV CHECK =====
repo root: /scratch/yp2841/geometry-vla/openpi_cam
use_cam: true
resume: true
config: pi0_libero_cam_pytorch_full_finetune
exp: pi0_libero_object_cam_posefusion
dataset: /scratch/yp2841/geometry-vla/glbreeze/libero_object_cam
base model: /scratch/yp2841/geometry-vla/pi0_base
norm stats: /scratch/yp2841/geometry-vla/pi0_libero/glbreeze/libero_object_cam
checkpoints: /scratch/yp2841/geometry-vla/openpi_cam/checkpoints
wandb root: /state/partition1/job-5002770/openpi_cam_5002770/wandb_root
num_gpus: 4
batch_size: 32
num_train_steps: 60000
/scratch/yp2841/geometry-vla/openpi_cam/.venv/bin/python
Python 3.11.14
gh113.hpc.nyu.edu
GPU 0: NVIDIA H200 (UUID: GPU-7d28715b-c962-8fb4-daad-fc794623d668)
GPU 1: NVIDIA H200 (UUID: GPU-eb675cc8-c71b-060e-e4ee-2ff0f3619fa9)
GPU 2: NVIDIA H200 (UUID: GPU-035c4b49-d1cf-d60b-d3cb-cab0a943b76a)
GPU 3: NVIDIA H200 (UUID: GPU-0a464185-f53a-5a1f-eb5a-9cc9715cbd45)
