===== TRAIN ENV CHECK =====
repo root: /scratch/yp2841/geometry-vla/openpi_cam
use_cam: false
config: pi0_libero_pytorch_full_finetune
exp: pi0_libero_object_4643881
dataset: /scratch/yp2841/geometry-vla/glbreeze/libero_object
base model: /scratch/yp2841/geometry-vla/pi0_base
norm stats: /scratch/yp2841/geometry-vla/pi0_libero/glbreeze/libero_object
checkpoints: /scratch/yp2841/geometry-vla/openpi_cam/checkpoints
wandb root: /state/partition1/job-4643881/openpi_cam_4643881/wandb_root
num_gpus: 4
batch_size: 32
num_train_steps: 30000
/scratch/yp2841/geometry-vla/openpi_cam/.venv/bin/python
Python 3.11.14
gh113.hpc.nyu.edu
GPU 0: NVIDIA H200 (UUID: GPU-7d28715b-c962-8fb4-daad-fc794623d668)
GPU 1: NVIDIA H200 (UUID: GPU-eb675cc8-c71b-060e-e4ee-2ff0f3619fa9)
GPU 2: NVIDIA H200 (UUID: GPU-035c4b49-d1cf-d60b-d3cb-cab0a943b76a)
GPU 3: NVIDIA H200 (UUID: GPU-0a464185-f53a-5a1f-eb5a-9cc9715cbd45)
[1;34mwandb[0m: 
[1;34mwandb[0m: 🚀 View run [33mpi0_libero_object_4643881[0m at: [34mhttps://wandb.ai/pengyuee-new-york-university/openpi_cam_libero_object/runs/uwdyogj9[0m
[1;34mwandb[0m: Find logs at: [1;35m../../../../state/partition1/job-4643881/openpi_cam_4643881/wandb_root/wandb/run-20260320_150539-uwdyogj9/logs[0m
