===== TRAIN ENV CHECK =====
repo root: /scratch/yp2841/geometry-vla/openpi_cam
use_cam: false
config: pi0_libero_pytorch_full_finetune
exp: pi0_libero_object_cam_pi0_baseline
dataset: /scratch/yp2841/geometry-vla/glbreeze/libero_object_cam
base model: /scratch/yp2841/geometry-vla/pi0_base
norm stats: /scratch/yp2841/geometry-vla/pi0_libero/glbreeze/libero_object_cam
checkpoints: /scratch/yp2841/geometry-vla/openpi_cam/checkpoints
wandb root: /state/partition1/job-4969376/openpi_cam_4969376/wandb_root
num_gpus: 4
batch_size: 32
num_train_steps: 30000
/scratch/yp2841/geometry-vla/openpi_cam/.venv/bin/python
Python 3.11.14
gh120.hpc.nyu.edu
GPU 0: NVIDIA H200 (UUID: GPU-700eb0fd-24d4-48d5-6bc8-5e689e55e5e8)
GPU 1: NVIDIA H200 (UUID: GPU-527d96c5-f0da-7e62-f471-01a3dc6a2a6b)
GPU 2: NVIDIA H200 (UUID: GPU-9a7be99e-7c0b-746b-fadf-28f2bc841858)
GPU 3: NVIDIA H200 (UUID: GPU-2119630a-6a70-8546-760c-b88161245391)
