===== HDF5 SHARD CONVERSION ENV CHECK =====
repo root: /scratch/yp2841/geometry-vla/openpi_cam
raw hdf5 root: /scratch/yp2841/geometry-vla/libero_object_camera_left
mode: original_only
repo id: glbreeze/libero_object_tmp_shards/original/shard_004
shard index: 4
num shards: 10
hf lerobot home: /scratch/yp2841/geometry-vla
/scratch/yp2841/geometry-vla/openpi_cam/.venv/bin/python
Python 3.11.14
cs621.hpc.nyu.edu
[convert] repo_id=glbreeze/libero_object_tmp_shards/original/shard_004 mode=original_only shard_index=4/10 selected_files=1
[convert] file=pick_up_the_cream_cheese_and_place_it_in_the_basket_demo.hdf5 episode=demo_0 frames=139 task=pick up the cream cheese and place it in the basket
[convert] file=pick_up_the_cream_cheese_and_place_it_in_the_basket_demo.hdf5 episode=demo_1 frames=187 task=pick up the cream cheese and place it in the basket
[convert] file=pick_up_the_cream_cheese_and_place_it_in_the_basket_demo.hdf5 episode=demo_10 frames=132 task=pick up the cream cheese and place it in the basket
[convert] file=pick_up_the_cream_cheese_and_place_it_in_the_basket_demo.hdf5 episode=demo_11 frames=162 task=pick up the cream cheese and place it in the basket
[convert] file=pick_up_the_cream_cheese_and_place_it_in_the_basket_demo.hdf5 episode=demo_12 frames=133 task=pick up the cream cheese and place it in the basket
[convert] file=pick_up_the_cream_cheese_and_place_it_in_the_basket_demo.hdf5 episode=demo_13 frames=142 task=pick up the cream cheese and place it in the basket
[convert] file=pick_up_the_cream_cheese_and_place_it_in_the_basket_demo.hdf5 episode=demo_14 frames=157 task=pick up the cream cheese and place it in the basket
[convert] file=pick_up_the_cream_cheese_and_place_it_in_the_basket_demo.hdf5 episode=demo_15 frames=130 task=pick up the cream cheese and place it in the basket
[convert] file=pick_up_the_cream_cheese_and_place_it_in_the_basket_demo.hdf5 episode=demo_16 frames=119 task=pick up the cream cheese and place it in the basket
[convert] file=pick_up_the_cream_cheese_and_place_it_in_the_basket_demo.hdf5 episode=demo_17 frames=144 task=pick up the cream cheese and place it in the basket
[convert] file=pick_up_the_cream_cheese_and_place_it_in_the_basket_demo.hdf5 episode=demo_18 frames=177 task=pick up the cream cheese and place it in the basket
[convert] file=pick_up_the_cream_cheese_and_place_it_in_the_basket_demo.hdf5 episode=demo_19 frames=127 task=pick up the cream cheese and place it in the basket
[convert] file=pick_up_the_cream_cheese_and_place_it_in_the_basket_demo.hdf5 episode=demo_2 frames=125 task=pick up the cream cheese and place it in the basket
[convert] file=pick_up_the_cream_cheese_and_place_it_in_the_basket_demo.hdf5 episode=demo_20 frames=123 task=pick up the cream cheese and place it in the basket
[convert] file=pick_up_the_cream_cheese_and_place_it_in_the_basket_demo.hdf5 episode=demo_21 frames=147 task=pick up the cream cheese and place it in the basket
[convert] file=pick_up_the_cream_cheese_and_place_it_in_the_basket_demo.hdf5 episode=demo_22 frames=125 task=pick up the cream cheese and place it in the basket
[convert] file=pick_up_the_cream_cheese_and_place_it_in_the_basket_demo.hdf5 episode=demo_23 frames=140 task=pick up the cream cheese and place it in the basket
[convert] file=pick_up_the_cream_cheese_and_place_it_in_the_basket_demo.hdf5 episode=demo_24 frames=127 task=pick up the cream cheese and place it in the basket
[convert] file=pick_up_the_cream_cheese_and_place_it_in_the_basket_demo.hdf5 episode=demo_25 frames=131 task=pick up the cream cheese and place it in the basket
[convert] file=pick_up_the_cream_cheese_and_place_it_in_the_basket_demo.hdf5 episode=demo_26 frames=138 task=pick up the cream cheese and place it in the basket
[convert] file=pick_up_the_cream_cheese_and_place_it_in_the_basket_demo.hdf5 episode=demo_27 frames=121 task=pick up the cream cheese and place it in the basket
[convert] file=pick_up_the_cream_cheese_and_place_it_in_the_basket_demo.hdf5 episode=demo_28 frames=140 task=pick up the cream cheese and place it in the basket
[convert] file=pick_up_the_cream_cheese_and_place_it_in_the_basket_demo.hdf5 episode=demo_29 frames=178 task=pick up the cream cheese and place it in the basket
[convert] file=pick_up_the_cream_cheese_and_place_it_in_the_basket_demo.hdf5 episode=demo_3 frames=133 task=pick up the cream cheese and place it in the basket
[convert] file=pick_up_the_cream_cheese_and_place_it_in_the_basket_demo.hdf5 episode=demo_30 frames=171 task=pick up the cream cheese and place it in the basket
[convert] file=pick_up_the_cream_cheese_and_place_it_in_the_basket_demo.hdf5 episode=demo_31 frames=151 task=pick up the cream cheese and place it in the basket
[convert] file=pick_up_the_cream_cheese_and_place_it_in_the_basket_demo.hdf5 episode=demo_32 frames=172 task=pick up the cream cheese and place it in the basket
[convert] file=pick_up_the_cream_cheese_and_place_it_in_the_basket_demo.hdf5 episode=demo_33 frames=145 task=pick up the cream cheese and place it in the basket
[convert] file=pick_up_the_cream_cheese_and_place_it_in_the_basket_demo.hdf5 episode=demo_34 frames=127 task=pick up the cream cheese and place it in the basket
[convert] file=pick_up_the_cream_cheese_and_place_it_in_the_basket_demo.hdf5 episode=demo_35 frames=139 task=pick up the cream cheese and place it in the basket
[convert] file=pick_up_the_cream_cheese_and_place_it_in_the_basket_demo.hdf5 episode=demo_36 frames=141 task=pick up the cream cheese and place it in the basket
[convert] file=pick_up_the_cream_cheese_and_place_it_in_the_basket_demo.hdf5 episode=demo_37 frames=135 task=pick up the cream cheese and place it in the basket
[convert] file=pick_up_the_cream_cheese_and_place_it_in_the_basket_demo.hdf5 episode=demo_38 frames=130 task=pick up the cream cheese and place it in the basket
[convert] file=pick_up_the_cream_cheese_and_place_it_in_the_basket_demo.hdf5 episode=demo_39 frames=164 task=pick up the cream cheese and place it in the basket
[convert] file=pick_up_the_cream_cheese_and_place_it_in_the_basket_demo.hdf5 episode=demo_4 frames=127 task=pick up the cream cheese and place it in the basket
[convert] file=pick_up_the_cream_cheese_and_place_it_in_the_basket_demo.hdf5 episode=demo_40 frames=151 task=pick up the cream cheese and place it in the basket
[convert] file=pick_up_the_cream_cheese_and_place_it_in_the_basket_demo.hdf5 episode=demo_41 frames=136 task=pick up the cream cheese and place it in the basket
[convert] file=pick_up_the_cream_cheese_and_place_it_in_the_basket_demo.hdf5 episode=demo_42 frames=139 task=pick up the cream cheese and place it in the basket
[convert] file=pick_up_the_cream_cheese_and_place_it_in_the_basket_demo.hdf5 episode=demo_43 frames=142 task=pick up the cream cheese and place it in the basket
[convert] file=pick_up_the_cream_cheese_and_place_it_in_the_basket_demo.hdf5 episode=demo_44 frames=137 task=pick up the cream cheese and place it in the basket
[convert] file=pick_up_the_cream_cheese_and_place_it_in_the_basket_demo.hdf5 episode=demo_45 frames=163 task=pick up the cream cheese and place it in the basket
[convert] file=pick_up_the_cream_cheese_and_place_it_in_the_basket_demo.hdf5 episode=demo_46 frames=135 task=pick up the cream cheese and place it in the basket
[convert] file=pick_up_the_cream_cheese_and_place_it_in_the_basket_demo.hdf5 episode=demo_47 frames=156 task=pick up the cream cheese and place it in the basket
[convert] file=pick_up_the_cream_cheese_and_place_it_in_the_basket_demo.hdf5 episode=demo_48 frames=137 task=pick up the cream cheese and place it in the basket
[convert] file=pick_up_the_cream_cheese_and_place_it_in_the_basket_demo.hdf5 episode=demo_49 frames=128 task=pick up the cream cheese and place it in the basket
[convert] file=pick_up_the_cream_cheese_and_place_it_in_the_basket_demo.hdf5 episode=demo_5 frames=156 task=pick up the cream cheese and place it in the basket
[convert] file=pick_up_the_cream_cheese_and_place_it_in_the_basket_demo.hdf5 episode=demo_6 frames=168 task=pick up the cream cheese and place it in the basket
[convert] file=pick_up_the_cream_cheese_and_place_it_in_the_basket_demo.hdf5 episode=demo_7 frames=141 task=pick up the cream cheese and place it in the basket
[convert] file=pick_up_the_cream_cheese_and_place_it_in_the_basket_demo.hdf5 episode=demo_8 frames=176 task=pick up the cream cheese and place it in the basket
[convert] file=pick_up_the_cream_cheese_and_place_it_in_the_basket_demo.hdf5 episode=demo_9 frames=150 task=pick up the cream cheese and place it in the basket
[convert] completed repo_id=glbreeze/libero_object_tmp_shards/original/shard_004 mode=original_only files=1 episodes=50 frames=7194
Shard conversion completed successfully.
