===== HDF5 SHARD CONVERSION ENV CHECK =====
repo root: /scratch/yp2841/geometry-vla/openpi_cam
raw hdf5 root: /scratch/yp2841/geometry-vla/libero_object_camera_left_roll11
mode: all_views
repo id: glbreeze/libero_object_cam_train_o00_02_03_05_06_09_10_tmp_shards/shard_005
shard index: 5
num shards: 12
include camera labels: original+camvar_00+camvar_02+camvar_03+camvar_05+camvar_06+camvar_09+camvar_10
exclude camera labels: <none>
image writer threads: 4
image writer processes: 2
stage files to local: true
hf lerobot home: /scratch/yp2841/geometry-vla
/scratch/yp2841/geometry-vla/openpi_cam/.venv/bin/python
Python 3.11.14
cs682.hpc.nyu.edu
[convert] staged_files_root=/state/partition1/job-5248843/openpi_cam_convert_shard_5248843_5/tmp/libero_hdf5_stage/shard_005
[convert] repo_id=glbreeze/libero_object_cam_train_o00_02_03_05_06_09_10_tmp_shards/shard_005 mode=all_views shard_index=5/12 selected_files=7 include_camera_labels=['camvar_00', 'camvar_02', 'camvar_03', 'camvar_05', 'camvar_06', 'camvar_09', 'camvar_10', 'original'] exclude_camera_labels=None
[convert] file=pick_up_the_alphabet_soup_and_place_it_in_the_basket_demo_camvar_06_t7de9b6.hdf5 episode=demo_0 frames=143 task=pick up the alphabet soup and place it in the basket
[convert] file=pick_up_the_alphabet_soup_and_place_it_in_the_basket_demo_camvar_06_t7de9b6.hdf5 episode=demo_1 frames=174 task=pick up the alphabet soup and place it in the basket
[convert] file=pick_up_the_alphabet_soup_and_place_it_in_the_basket_demo_camvar_06_t7de9b6.hdf5 episode=demo_10 frames=147 task=pick up the alphabet soup and place it in the basket
[convert] file=pick_up_the_alphabet_soup_and_place_it_in_the_basket_demo_camvar_06_t7de9b6.hdf5 episode=demo_11 frames=152 task=pick up the alphabet soup and place it in the basket
[convert] file=pick_up_the_alphabet_soup_and_place_it_in_the_basket_demo_camvar_06_t7de9b6.hdf5 episode=demo_12 frames=131 task=pick up the alphabet soup and place it in the basket
[convert] file=pick_up_the_alphabet_soup_and_place_it_in_the_basket_demo_camvar_06_t7de9b6.hdf5 episode=demo_13 frames=149 task=pick up the alphabet soup and place it in the basket
[convert] file=pick_up_the_alphabet_soup_and_place_it_in_the_basket_demo_camvar_06_t7de9b6.hdf5 episode=demo_14 frames=158 task=pick up the alphabet soup and place it in the basket
[convert] file=pick_up_the_alphabet_soup_and_place_it_in_the_basket_demo_camvar_06_t7de9b6.hdf5 episode=demo_15 frames=141 task=pick up the alphabet soup and place it in the basket
[convert] file=pick_up_the_alphabet_soup_and_place_it_in_the_basket_demo_camvar_06_t7de9b6.hdf5 episode=demo_16 frames=156 task=pick up the alphabet soup and place it in the basket
[convert] file=pick_up_the_alphabet_soup_and_place_it_in_the_basket_demo_camvar_06_t7de9b6.hdf5 episode=demo_17 frames=172 task=pick up the alphabet soup and place it in the basket
[convert] file=pick_up_the_alphabet_soup_and_place_it_in_the_basket_demo_camvar_06_t7de9b6.hdf5 episode=demo_18 frames=138 task=pick up the alphabet soup and place it in the basket
[convert] file=pick_up_the_alphabet_soup_and_place_it_in_the_basket_demo_camvar_06_t7de9b6.hdf5 episode=demo_19 frames=131 task=pick up the alphabet soup and place it in the basket
[convert] file=pick_up_the_alphabet_soup_and_place_it_in_the_basket_demo_camvar_06_t7de9b6.hdf5 episode=demo_2 frames=152 task=pick up the alphabet soup and place it in the basket
[convert] file=pick_up_the_alphabet_soup_and_place_it_in_the_basket_demo_camvar_06_t7de9b6.hdf5 episode=demo_20 frames=149 task=pick up the alphabet soup and place it in the basket
[convert] file=pick_up_the_alphabet_soup_and_place_it_in_the_basket_demo_camvar_06_t7de9b6.hdf5 episode=demo_21 frames=131 task=pick up the alphabet soup and place it in the basket
[convert] file=pick_up_the_alphabet_soup_and_place_it_in_the_basket_demo_camvar_06_t7de9b6.hdf5 episode=demo_22 frames=170 task=pick up the alphabet soup and place it in the basket
[convert] file=pick_up_the_alphabet_soup_and_place_it_in_the_basket_demo_camvar_06_t7de9b6.hdf5 episode=demo_23 frames=141 task=pick up the alphabet soup and place it in the basket
[convert] file=pick_up_the_alphabet_soup_and_place_it_in_the_basket_demo_camvar_06_t7de9b6.hdf5 episode=demo_24 frames=150 task=pick up the alphabet soup and place it in the basket
[convert] file=pick_up_the_alphabet_soup_and_place_it_in_the_basket_demo_camvar_06_t7de9b6.hdf5 episode=demo_25 frames=174 task=pick up the alphabet soup and place it in the basket
[convert] file=pick_up_the_alphabet_soup_and_place_it_in_the_basket_demo_camvar_06_t7de9b6.hdf5 episode=demo_26 frames=148 task=pick up the alphabet soup and place it in the basket
[convert] file=pick_up_the_alphabet_soup_and_place_it_in_the_basket_demo_camvar_06_t7de9b6.hdf5 episode=demo_27 frames=147 task=pick up the alphabet soup and place it in the basket
[convert] file=pick_up_the_alphabet_soup_and_place_it_in_the_basket_demo_camvar_06_t7de9b6.hdf5 episode=demo_28 frames=155 task=pick up the alphabet soup and place it in the basket
[convert] file=pick_up_the_alphabet_soup_and_place_it_in_the_basket_demo_camvar_06_t7de9b6.hdf5 episode=demo_29 frames=145 task=pick up the alphabet soup and place it in the basket
[convert] file=pick_up_the_alphabet_soup_and_place_it_in_the_basket_demo_camvar_06_t7de9b6.hdf5 episode=demo_3 frames=147 task=pick up the alphabet soup and place it in the basket
[convert] file=pick_up_the_alphabet_soup_and_place_it_in_the_basket_demo_camvar_06_t7de9b6.hdf5 episode=demo_30 frames=146 task=pick up the alphabet soup and place it in the basket
[convert] file=pick_up_the_alphabet_soup_and_place_it_in_the_basket_demo_camvar_06_t7de9b6.hdf5 episode=demo_31 frames=144 task=pick up the alphabet soup and place it in the basket
[convert] file=pick_up_the_alphabet_soup_and_place_it_in_the_basket_demo_camvar_06_t7de9b6.hdf5 episode=demo_32 frames=152 task=pick up the alphabet soup and place it in the basket
[convert] file=pick_up_the_alphabet_soup_and_place_it_in_the_basket_demo_camvar_06_t7de9b6.hdf5 episode=demo_33 frames=166 task=pick up the alphabet soup and place it in the basket
[convert] file=pick_up_the_alphabet_soup_and_place_it_in_the_basket_demo_camvar_06_t7de9b6.hdf5 episode=demo_34 frames=148 task=pick up the alphabet soup and place it in the basket
[convert] file=pick_up_the_alphabet_soup_and_place_it_in_the_basket_demo_camvar_06_t7de9b6.hdf5 episode=demo_35 frames=132 task=pick up the alphabet soup and place it in the basket
[convert] file=pick_up_the_alphabet_soup_and_place_it_in_the_basket_demo_camvar_06_t7de9b6.hdf5 episode=demo_36 frames=146 task=pick up the alphabet soup and place it in the basket
[convert] file=pick_up_the_alphabet_soup_and_place_it_in_the_basket_demo_camvar_06_t7de9b6.hdf5 episode=demo_37 frames=155 task=pick up the alphabet soup and place it in the basket
[convert] file=pick_up_the_alphabet_soup_and_place_it_in_the_basket_demo_camvar_06_t7de9b6.hdf5 episode=demo_38 frames=146 task=pick up the alphabet soup and place it in the basket
[convert] file=pick_up_the_alphabet_soup_and_place_it_in_the_basket_demo_camvar_06_t7de9b6.hdf5 episode=demo_39 frames=145 task=pick up the alphabet soup and place it in the basket
[convert] file=pick_up_the_alphabet_soup_and_place_it_in_the_basket_demo_camvar_06_t7de9b6.hdf5 episode=demo_4 frames=167 task=pick up the alphabet soup and place it in the basket
[convert] file=pick_up_the_alphabet_soup_and_place_it_in_the_basket_demo_camvar_06_t7de9b6.hdf5 episode=demo_40 frames=144 task=pick up the alphabet soup and place it in the basket
[convert] file=pick_up_the_alphabet_soup_and_place_it_in_the_basket_demo_camvar_06_t7de9b6.hdf5 episode=demo_41 frames=184 task=pick up the alphabet soup and place it in the basket
[convert] file=pick_up_the_alphabet_soup_and_place_it_in_the_basket_demo_camvar_06_t7de9b6.hdf5 episode=demo_42 frames=191 task=pick up the alphabet soup and place it in the basket
[convert] file=pick_up_the_alphabet_soup_and_place_it_in_the_basket_demo_camvar_06_t7de9b6.hdf5 episode=demo_43 frames=146 task=pick up the alphabet soup and place it in the basket
[convert] file=pick_up_the_alphabet_soup_and_place_it_in_the_basket_demo_camvar_06_t7de9b6.hdf5 episode=demo_44 frames=143 task=pick up the alphabet soup and place it in the basket
[convert] file=pick_up_the_alphabet_soup_and_place_it_in_the_basket_demo_camvar_06_t7de9b6.hdf5 episode=demo_45 frames=145 task=pick up the alphabet soup and place it in the basket
[convert] file=pick_up_the_alphabet_soup_and_place_it_in_the_basket_demo_camvar_06_t7de9b6.hdf5 episode=demo_46 frames=151 task=pick up the alphabet soup and place it in the basket
[convert] file=pick_up_the_alphabet_soup_and_place_it_in_the_basket_demo_camvar_06_t7de9b6.hdf5 episode=demo_47 frames=148 task=pick up the alphabet soup and place it in the basket
[convert] file=pick_up_the_alphabet_soup_and_place_it_in_the_basket_demo_camvar_06_t7de9b6.hdf5 episode=demo_48 frames=189 task=pick up the alphabet soup and place it in the basket
[convert] file=pick_up_the_alphabet_soup_and_place_it_in_the_basket_demo_camvar_06_t7de9b6.hdf5 episode=demo_49 frames=136 task=pick up the alphabet soup and place it in the basket
[convert] file=pick_up_the_alphabet_soup_and_place_it_in_the_basket_demo_camvar_06_t7de9b6.hdf5 episode=demo_5 frames=141 task=pick up the alphabet soup and place it in the basket
[convert] file=pick_up_the_alphabet_soup_and_place_it_in_the_basket_demo_camvar_06_t7de9b6.hdf5 episode=demo_6 frames=144 task=pick up the alphabet soup and place it in the basket
[convert] file=pick_up_the_alphabet_soup_and_place_it_in_the_basket_demo_camvar_06_t7de9b6.hdf5 episode=demo_7 frames=149 task=pick up the alphabet soup and place it in the basket
[convert] file=pick_up_the_alphabet_soup_and_place_it_in_the_basket_demo_camvar_06_t7de9b6.hdf5 episode=demo_8 frames=150 task=pick up the alphabet soup and place it in the basket
[convert] file=pick_up_the_alphabet_soup_and_place_it_in_the_basket_demo_camvar_06_t7de9b6.hdf5 episode=demo_9 frames=149 task=pick up the alphabet soup and place it in the basket
[convert] file=pick_up_the_butter_and_place_it_in_the_basket_demo_camvar_00_t7b41ae.hdf5 episode=demo_0 frames=164 task=pick up the butter and place it in the basket
[convert] file=pick_up_the_butter_and_place_it_in_the_basket_demo_camvar_00_t7b41ae.hdf5 episode=demo_1 frames=144 task=pick up the butter and place it in the basket
[convert] file=pick_up_the_butter_and_place_it_in_the_basket_demo_camvar_00_t7b41ae.hdf5 episode=demo_10 frames=139 task=pick up the butter and place it in the basket
[convert] file=pick_up_the_butter_and_place_it_in_the_basket_demo_camvar_00_t7b41ae.hdf5 episode=demo_11 frames=144 task=pick up the butter and place it in the basket
[convert] file=pick_up_the_butter_and_place_it_in_the_basket_demo_camvar_00_t7b41ae.hdf5 episode=demo_12 frames=154 task=pick up the butter and place it in the basket
[convert] file=pick_up_the_butter_and_place_it_in_the_basket_demo_camvar_00_t7b41ae.hdf5 episode=demo_13 frames=141 task=pick up the butter and place it in the basket
[convert] file=pick_up_the_butter_and_place_it_in_the_basket_demo_camvar_00_t7b41ae.hdf5 episode=demo_14 frames=157 task=pick up the butter and place it in the basket
[convert] file=pick_up_the_butter_and_place_it_in_the_basket_demo_camvar_00_t7b41ae.hdf5 episode=demo_15 frames=148 task=pick up the butter and place it in the basket
[convert] file=pick_up_the_butter_and_place_it_in_the_basket_demo_camvar_00_t7b41ae.hdf5 episode=demo_16 frames=153 task=pick up the butter and place it in the basket
[convert] file=pick_up_the_butter_and_place_it_in_the_basket_demo_camvar_00_t7b41ae.hdf5 episode=demo_17 frames=145 task=pick up the butter and place it in the basket
[convert] file=pick_up_the_butter_and_place_it_in_the_basket_demo_camvar_00_t7b41ae.hdf5 episode=demo_18 frames=172 task=pick up the butter and place it in the basket
[convert] file=pick_up_the_butter_and_place_it_in_the_basket_demo_camvar_00_t7b41ae.hdf5 episode=demo_19 frames=151 task=pick up the butter and place it in the basket
[convert] file=pick_up_the_butter_and_place_it_in_the_basket_demo_camvar_00_t7b41ae.hdf5 episode=demo_2 frames=147 task=pick up the butter and place it in the basket
[convert] file=pick_up_the_butter_and_place_it_in_the_basket_demo_camvar_00_t7b41ae.hdf5 episode=demo_20 frames=144 task=pick up the butter and place it in the basket
[convert] file=pick_up_the_butter_and_place_it_in_the_basket_demo_camvar_00_t7b41ae.hdf5 episode=demo_21 frames=146 task=pick up the butter and place it in the basket
[convert] file=pick_up_the_butter_and_place_it_in_the_basket_demo_camvar_00_t7b41ae.hdf5 episode=demo_22 frames=159 task=pick up the butter and place it in the basket
[convert] file=pick_up_the_butter_and_place_it_in_the_basket_demo_camvar_00_t7b41ae.hdf5 episode=demo_23 frames=149 task=pick up the butter and place it in the basket
[convert] file=pick_up_the_butter_and_place_it_in_the_basket_demo_camvar_00_t7b41ae.hdf5 episode=demo_24 frames=157 task=pick up the butter and place it in the basket
[convert] file=pick_up_the_butter_and_place_it_in_the_basket_demo_camvar_00_t7b41ae.hdf5 episode=demo_25 frames=159 task=pick up the butter and place it in the basket
[convert] file=pick_up_the_butter_and_place_it_in_the_basket_demo_camvar_00_t7b41ae.hdf5 episode=demo_26 frames=147 task=pick up the butter and place it in the basket
[convert] file=pick_up_the_butter_and_place_it_in_the_basket_demo_camvar_00_t7b41ae.hdf5 episode=demo_27 frames=139 task=pick up the butter and place it in the basket
[convert] file=pick_up_the_butter_and_place_it_in_the_basket_demo_camvar_00_t7b41ae.hdf5 episode=demo_28 frames=159 task=pick up the butter and place it in the basket
[convert] file=pick_up_the_butter_and_place_it_in_the_basket_demo_camvar_00_t7b41ae.hdf5 episode=demo_29 frames=170 task=pick up the butter and place it in the basket
[convert] file=pick_up_the_butter_and_place_it_in_the_basket_demo_camvar_00_t7b41ae.hdf5 episode=demo_3 frames=166 task=pick up the butter and place it in the basket
[convert] file=pick_up_the_butter_and_place_it_in_the_basket_demo_camvar_00_t7b41ae.hdf5 episode=demo_30 frames=146 task=pick up the butter and place it in the basket
[convert] file=pick_up_the_butter_and_place_it_in_the_basket_demo_camvar_00_t7b41ae.hdf5 episode=demo_31 frames=153 task=pick up the butter and place it in the basket
[convert] file=pick_up_the_butter_and_place_it_in_the_basket_demo_camvar_00_t7b41ae.hdf5 episode=demo_32 frames=159 task=pick up the butter and place it in the basket
[convert] file=pick_up_the_butter_and_place_it_in_the_basket_demo_camvar_00_t7b41ae.hdf5 episode=demo_33 frames=160 task=pick up the butter and place it in the basket
[convert] file=pick_up_the_butter_and_place_it_in_the_basket_demo_camvar_00_t7b41ae.hdf5 episode=demo_34 frames=173 task=pick up the butter and place it in the basket
[convert] file=pick_up_the_butter_and_place_it_in_the_basket_demo_camvar_00_t7b41ae.hdf5 episode=demo_35 frames=150 task=pick up the butter and place it in the basket
[convert] file=pick_up_the_butter_and_place_it_in_the_basket_demo_camvar_00_t7b41ae.hdf5 episode=demo_36 frames=151 task=pick up the butter and place it in the basket
[convert] file=pick_up_the_butter_and_place_it_in_the_basket_demo_camvar_00_t7b41ae.hdf5 episode=demo_37 frames=148 task=pick up the butter and place it in the basket
[convert] file=pick_up_the_butter_and_place_it_in_the_basket_demo_camvar_00_t7b41ae.hdf5 episode=demo_38 frames=141 task=pick up the butter and place it in the basket
[convert] file=pick_up_the_butter_and_place_it_in_the_basket_demo_camvar_00_t7b41ae.hdf5 episode=demo_39 frames=147 task=pick up the butter and place it in the basket
[convert] file=pick_up_the_butter_and_place_it_in_the_basket_demo_camvar_00_t7b41ae.hdf5 episode=demo_4 frames=149 task=pick up the butter and place it in the basket
[convert] file=pick_up_the_butter_and_place_it_in_the_basket_demo_camvar_00_t7b41ae.hdf5 episode=demo_40 frames=202 task=pick up the butter and place it in the basket
[convert] file=pick_up_the_butter_and_place_it_in_the_basket_demo_camvar_00_t7b41ae.hdf5 episode=demo_41 frames=152 task=pick up the butter and place it in the basket
[convert] file=pick_up_the_butter_and_place_it_in_the_basket_demo_camvar_00_t7b41ae.hdf5 episode=demo_42 frames=150 task=pick up the butter and place it in the basket
[convert] file=pick_up_the_butter_and_place_it_in_the_basket_demo_camvar_00_t7b41ae.hdf5 episode=demo_43 frames=141 task=pick up the butter and place it in the basket
[convert] file=pick_up_the_butter_and_place_it_in_the_basket_demo_camvar_00_t7b41ae.hdf5 episode=demo_44 frames=146 task=pick up the butter and place it in the basket
[convert] file=pick_up_the_butter_and_place_it_in_the_basket_demo_camvar_00_t7b41ae.hdf5 episode=demo_45 frames=141 task=pick up the butter and place it in the basket
[convert] file=pick_up_the_butter_and_place_it_in_the_basket_demo_camvar_00_t7b41ae.hdf5 episode=demo_46 frames=143 task=pick up the butter and place it in the basket
[convert] file=pick_up_the_butter_and_place_it_in_the_basket_demo_camvar_00_t7b41ae.hdf5 episode=demo_47 frames=149 task=pick up the butter and place it in the basket
[convert] file=pick_up_the_butter_and_place_it_in_the_basket_demo_camvar_00_t7b41ae.hdf5 episode=demo_48 frames=145 task=pick up the butter and place it in the basket
[convert] file=pick_up_the_butter_and_place_it_in_the_basket_demo_camvar_00_t7b41ae.hdf5 episode=demo_49 frames=150 task=pick up the butter and place it in the basket
[convert] file=pick_up_the_butter_and_place_it_in_the_basket_demo_camvar_00_t7b41ae.hdf5 episode=demo_5 frames=144 task=pick up the butter and place it in the basket
[convert] file=pick_up_the_butter_and_place_it_in_the_basket_demo_camvar_00_t7b41ae.hdf5 episode=demo_6 frames=149 task=pick up the butter and place it in the basket
[convert] file=pick_up_the_butter_and_place_it_in_the_basket_demo_camvar_00_t7b41ae.hdf5 episode=demo_7 frames=168 task=pick up the butter and place it in the basket
[convert] file=pick_up_the_butter_and_place_it_in_the_basket_demo_camvar_00_t7b41ae.hdf5 episode=demo_8 frames=142 task=pick up the butter and place it in the basket
[convert] file=pick_up_the_butter_and_place_it_in_the_basket_demo_camvar_00_t7b41ae.hdf5 episode=demo_9 frames=162 task=pick up the butter and place it in the basket
[convert] file=pick_up_the_chocolate_pudding_and_place_it_in_the_basket_demo_camvar_06_t8fcfbe.hdf5 episode=demo_0 frames=163 task=pick up the chocolate pudding and place it in the basket
[convert] file=pick_up_the_chocolate_pudding_and_place_it_in_the_basket_demo_camvar_06_t8fcfbe.hdf5 episode=demo_1 frames=145 task=pick up the chocolate pudding and place it in the basket
[convert] file=pick_up_the_chocolate_pudding_and_place_it_in_the_basket_demo_camvar_06_t8fcfbe.hdf5 episode=demo_10 frames=156 task=pick up the chocolate pudding and place it in the basket
[convert] file=pick_up_the_chocolate_pudding_and_place_it_in_the_basket_demo_camvar_06_t8fcfbe.hdf5 episode=demo_11 frames=153 task=pick up the chocolate pudding and place it in the basket
[convert] file=pick_up_the_chocolate_pudding_and_place_it_in_the_basket_demo_camvar_06_t8fcfbe.hdf5 episode=demo_12 frames=146 task=pick up the chocolate pudding and place it in the basket
[convert] file=pick_up_the_chocolate_pudding_and_place_it_in_the_basket_demo_camvar_06_t8fcfbe.hdf5 episode=demo_13 frames=160 task=pick up the chocolate pudding and place it in the basket
[convert] file=pick_up_the_chocolate_pudding_and_place_it_in_the_basket_demo_camvar_06_t8fcfbe.hdf5 episode=demo_14 frames=219 task=pick up the chocolate pudding and place it in the basket
[convert] file=pick_up_the_chocolate_pudding_and_place_it_in_the_basket_demo_camvar_06_t8fcfbe.hdf5 episode=demo_15 frames=149 task=pick up the chocolate pudding and place it in the basket
[convert] file=pick_up_the_chocolate_pudding_and_place_it_in_the_basket_demo_camvar_06_t8fcfbe.hdf5 episode=demo_16 frames=149 task=pick up the chocolate pudding and place it in the basket
[convert] file=pick_up_the_chocolate_pudding_and_place_it_in_the_basket_demo_camvar_06_t8fcfbe.hdf5 episode=demo_17 frames=166 task=pick up the chocolate pudding and place it in the basket
[convert] file=pick_up_the_chocolate_pudding_and_place_it_in_the_basket_demo_camvar_06_t8fcfbe.hdf5 episode=demo_18 frames=145 task=pick up the chocolate pudding and place it in the basket
[convert] file=pick_up_the_chocolate_pudding_and_place_it_in_the_basket_demo_camvar_06_t8fcfbe.hdf5 episode=demo_19 frames=143 task=pick up the chocolate pudding and place it in the basket
[convert] file=pick_up_the_chocolate_pudding_and_place_it_in_the_basket_demo_camvar_06_t8fcfbe.hdf5 episode=demo_2 frames=147 task=pick up the chocolate pudding and place it in the basket
[convert] file=pick_up_the_chocolate_pudding_and_place_it_in_the_basket_demo_camvar_06_t8fcfbe.hdf5 episode=demo_20 frames=161 task=pick up the chocolate pudding and place it in the basket
[convert] file=pick_up_the_chocolate_pudding_and_place_it_in_the_basket_demo_camvar_06_t8fcfbe.hdf5 episode=demo_21 frames=144 task=pick up the chocolate pudding and place it in the basket
[convert] file=pick_up_the_chocolate_pudding_and_place_it_in_the_basket_demo_camvar_06_t8fcfbe.hdf5 episode=demo_22 frames=148 task=pick up the chocolate pudding and place it in the basket
[convert] file=pick_up_the_chocolate_pudding_and_place_it_in_the_basket_demo_camvar_06_t8fcfbe.hdf5 episode=demo_23 frames=153 task=pick up the chocolate pudding and place it in the basket
[convert] file=pick_up_the_chocolate_pudding_and_place_it_in_the_basket_demo_camvar_06_t8fcfbe.hdf5 episode=demo_24 frames=157 task=pick up the chocolate pudding and place it in the basket
[convert] file=pick_up_the_chocolate_pudding_and_place_it_in_the_basket_demo_camvar_06_t8fcfbe.hdf5 episode=demo_25 frames=164 task=pick up the chocolate pudding and place it in the basket
[convert] file=pick_up_the_chocolate_pudding_and_place_it_in_the_basket_demo_camvar_06_t8fcfbe.hdf5 episode=demo_26 frames=156 task=pick up the chocolate pudding and place it in the basket
[convert] file=pick_up_the_chocolate_pudding_and_place_it_in_the_basket_demo_camvar_06_t8fcfbe.hdf5 episode=demo_27 frames=163 task=pick up the chocolate pudding and place it in the basket
[convert] file=pick_up_the_chocolate_pudding_and_place_it_in_the_basket_demo_camvar_06_t8fcfbe.hdf5 episode=demo_28 frames=169 task=pick up the chocolate pudding and place it in the basket
[convert] file=pick_up_the_chocolate_pudding_and_place_it_in_the_basket_demo_camvar_06_t8fcfbe.hdf5 episode=demo_29 frames=153 task=pick up the chocolate pudding and place it in the basket
[convert] file=pick_up_the_chocolate_pudding_and_place_it_in_the_basket_demo_camvar_06_t8fcfbe.hdf5 episode=demo_3 frames=158 task=pick up the chocolate pudding and place it in the basket
[convert] file=pick_up_the_chocolate_pudding_and_place_it_in_the_basket_demo_camvar_06_t8fcfbe.hdf5 episode=demo_30 frames=157 task=pick up the chocolate pudding and place it in the basket
[convert] file=pick_up_the_chocolate_pudding_and_place_it_in_the_basket_demo_camvar_06_t8fcfbe.hdf5 episode=demo_31 frames=147 task=pick up the chocolate pudding and place it in the basket
[convert] file=pick_up_the_chocolate_pudding_and_place_it_in_the_basket_demo_camvar_06_t8fcfbe.hdf5 episode=demo_32 frames=154 task=pick up the chocolate pudding and place it in the basket
[convert] file=pick_up_the_chocolate_pudding_and_place_it_in_the_basket_demo_camvar_06_t8fcfbe.hdf5 episode=demo_33 frames=152 task=pick up the chocolate pudding and place it in the basket
[convert] file=pick_up_the_chocolate_pudding_and_place_it_in_the_basket_demo_camvar_06_t8fcfbe.hdf5 episode=demo_34 frames=144 task=pick up the chocolate pudding and place it in the basket
[convert] file=pick_up_the_chocolate_pudding_and_place_it_in_the_basket_demo_camvar_06_t8fcfbe.hdf5 episode=demo_35 frames=158 task=pick up the chocolate pudding and place it in the basket
[convert] file=pick_up_the_chocolate_pudding_and_place_it_in_the_basket_demo_camvar_06_t8fcfbe.hdf5 episode=demo_36 frames=146 task=pick up the chocolate pudding and place it in the basket
[convert] file=pick_up_the_chocolate_pudding_and_place_it_in_the_basket_demo_camvar_06_t8fcfbe.hdf5 episode=demo_37 frames=146 task=pick up the chocolate pudding and place it in the basket
[convert] file=pick_up_the_chocolate_pudding_and_place_it_in_the_basket_demo_camvar_06_t8fcfbe.hdf5 episode=demo_38 frames=164 task=pick up the chocolate pudding and place it in the basket
[convert] file=pick_up_the_chocolate_pudding_and_place_it_in_the_basket_demo_camvar_06_t8fcfbe.hdf5 episode=demo_39 frames=148 task=pick up the chocolate pudding and place it in the basket
[convert] file=pick_up_the_chocolate_pudding_and_place_it_in_the_basket_demo_camvar_06_t8fcfbe.hdf5 episode=demo_4 frames=153 task=pick up the chocolate pudding and place it in the basket
[convert] file=pick_up_the_chocolate_pudding_and_place_it_in_the_basket_demo_camvar_06_t8fcfbe.hdf5 episode=demo_40 frames=156 task=pick up the chocolate pudding and place it in the basket
[convert] file=pick_up_the_chocolate_pudding_and_place_it_in_the_basket_demo_camvar_06_t8fcfbe.hdf5 episode=demo_41 frames=160 task=pick up the chocolate pudding and place it in the basket
[convert] file=pick_up_the_chocolate_pudding_and_place_it_in_the_basket_demo_camvar_06_t8fcfbe.hdf5 episode=demo_42 frames=157 task=pick up the chocolate pudding and place it in the basket
[convert] file=pick_up_the_chocolate_pudding_and_place_it_in_the_basket_demo_camvar_06_t8fcfbe.hdf5 episode=demo_43 frames=152 task=pick up the chocolate pudding and place it in the basket
[convert] file=pick_up_the_chocolate_pudding_and_place_it_in_the_basket_demo_camvar_06_t8fcfbe.hdf5 episode=demo_44 frames=144 task=pick up the chocolate pudding and place it in the basket
[convert] file=pick_up_the_chocolate_pudding_and_place_it_in_the_basket_demo_camvar_06_t8fcfbe.hdf5 episode=demo_45 frames=149 task=pick up the chocolate pudding and place it in the basket
[convert] file=pick_up_the_chocolate_pudding_and_place_it_in_the_basket_demo_camvar_06_t8fcfbe.hdf5 episode=demo_46 frames=157 task=pick up the chocolate pudding and place it in the basket
[convert] file=pick_up_the_chocolate_pudding_and_place_it_in_the_basket_demo_camvar_06_t8fcfbe.hdf5 episode=demo_47 frames=163 task=pick up the chocolate pudding and place it in the basket
[convert] file=pick_up_the_chocolate_pudding_and_place_it_in_the_basket_demo_camvar_06_t8fcfbe.hdf5 episode=demo_48 frames=150 task=pick up the chocolate pudding and place it in the basket
[convert] file=pick_up_the_chocolate_pudding_and_place_it_in_the_basket_demo_camvar_06_t8fcfbe.hdf5 episode=demo_49 frames=140 task=pick up the chocolate pudding and place it in the basket
[convert] file=pick_up_the_chocolate_pudding_and_place_it_in_the_basket_demo_camvar_06_t8fcfbe.hdf5 episode=demo_5 frames=149 task=pick up the chocolate pudding and place it in the basket
[convert] file=pick_up_the_chocolate_pudding_and_place_it_in_the_basket_demo_camvar_06_t8fcfbe.hdf5 episode=demo_6 frames=155 task=pick up the chocolate pudding and place it in the basket
[convert] file=pick_up_the_chocolate_pudding_and_place_it_in_the_basket_demo_camvar_06_t8fcfbe.hdf5 episode=demo_7 frames=154 task=pick up the chocolate pudding and place it in the basket
[convert] file=pick_up_the_chocolate_pudding_and_place_it_in_the_basket_demo_camvar_06_t8fcfbe.hdf5 episode=demo_8 frames=167 task=pick up the chocolate pudding and place it in the basket
[convert] file=pick_up_the_chocolate_pudding_and_place_it_in_the_basket_demo_camvar_06_t8fcfbe.hdf5 episode=demo_9 frames=143 task=pick up the chocolate pudding and place it in the basket
[convert] file=pick_up_the_ketchup_and_place_it_in_the_basket_demo_camvar_00_t1a391a.hdf5 episode=demo_0 frames=243 task=pick up the ketchup and place it in the basket
[convert] file=pick_up_the_ketchup_and_place_it_in_the_basket_demo_camvar_00_t1a391a.hdf5 episode=demo_1 frames=150 task=pick up the ketchup and place it in the basket
[convert] file=pick_up_the_ketchup_and_place_it_in_the_basket_demo_camvar_00_t1a391a.hdf5 episode=demo_10 frames=174 task=pick up the ketchup and place it in the basket
[convert] file=pick_up_the_ketchup_and_place_it_in_the_basket_demo_camvar_00_t1a391a.hdf5 episode=demo_11 frames=151 task=pick up the ketchup and place it in the basket
[convert] file=pick_up_the_ketchup_and_place_it_in_the_basket_demo_camvar_00_t1a391a.hdf5 episode=demo_12 frames=132 task=pick up the ketchup and place it in the basket
[convert] file=pick_up_the_ketchup_and_place_it_in_the_basket_demo_camvar_00_t1a391a.hdf5 episode=demo_13 frames=234 task=pick up the ketchup and place it in the basket
[convert] file=pick_up_the_ketchup_and_place_it_in_the_basket_demo_camvar_00_t1a391a.hdf5 episode=demo_14 frames=136 task=pick up the ketchup and place it in the basket
[convert] file=pick_up_the_ketchup_and_place_it_in_the_basket_demo_camvar_00_t1a391a.hdf5 episode=demo_15 frames=137 task=pick up the ketchup and place it in the basket
[convert] file=pick_up_the_ketchup_and_place_it_in_the_basket_demo_camvar_00_t1a391a.hdf5 episode=demo_16 frames=131 task=pick up the ketchup and place it in the basket
[convert] file=pick_up_the_ketchup_and_place_it_in_the_basket_demo_camvar_00_t1a391a.hdf5 episode=demo_17 frames=147 task=pick up the ketchup and place it in the basket
[convert] file=pick_up_the_ketchup_and_place_it_in_the_basket_demo_camvar_00_t1a391a.hdf5 episode=demo_18 frames=145 task=pick up the ketchup and place it in the basket
[convert] file=pick_up_the_ketchup_and_place_it_in_the_basket_demo_camvar_00_t1a391a.hdf5 episode=demo_19 frames=143 task=pick up the ketchup and place it in the basket
[convert] file=pick_up_the_ketchup_and_place_it_in_the_basket_demo_camvar_00_t1a391a.hdf5 episode=demo_2 frames=155 task=pick up the ketchup and place it in the basket
[convert] file=pick_up_the_ketchup_and_place_it_in_the_basket_demo_camvar_00_t1a391a.hdf5 episode=demo_20 frames=147 task=pick up the ketchup and place it in the basket
[convert] file=pick_up_the_ketchup_and_place_it_in_the_basket_demo_camvar_00_t1a391a.hdf5 episode=demo_21 frames=130 task=pick up the ketchup and place it in the basket
[convert] file=pick_up_the_ketchup_and_place_it_in_the_basket_demo_camvar_00_t1a391a.hdf5 episode=demo_22 frames=194 task=pick up the ketchup and place it in the basket
[convert] file=pick_up_the_ketchup_and_place_it_in_the_basket_demo_camvar_00_t1a391a.hdf5 episode=demo_23 frames=131 task=pick up the ketchup and place it in the basket
[convert] file=pick_up_the_ketchup_and_place_it_in_the_basket_demo_camvar_00_t1a391a.hdf5 episode=demo_24 frames=154 task=pick up the ketchup and place it in the basket
[convert] file=pick_up_the_ketchup_and_place_it_in_the_basket_demo_camvar_00_t1a391a.hdf5 episode=demo_25 frames=214 task=pick up the ketchup and place it in the basket
[convert] file=pick_up_the_ketchup_and_place_it_in_the_basket_demo_camvar_00_t1a391a.hdf5 episode=demo_26 frames=154 task=pick up the ketchup and place it in the basket
[convert] file=pick_up_the_ketchup_and_place_it_in_the_basket_demo_camvar_00_t1a391a.hdf5 episode=demo_27 frames=157 task=pick up the ketchup and place it in the basket
[convert] file=pick_up_the_ketchup_and_place_it_in_the_basket_demo_camvar_00_t1a391a.hdf5 episode=demo_28 frames=153 task=pick up the ketchup and place it in the basket
[convert] file=pick_up_the_ketchup_and_place_it_in_the_basket_demo_camvar_00_t1a391a.hdf5 episode=demo_29 frames=151 task=pick up the ketchup and place it in the basket
[convert] file=pick_up_the_ketchup_and_place_it_in_the_basket_demo_camvar_00_t1a391a.hdf5 episode=demo_3 frames=143 task=pick up the ketchup and place it in the basket
[convert] file=pick_up_the_ketchup_and_place_it_in_the_basket_demo_camvar_00_t1a391a.hdf5 episode=demo_30 frames=136 task=pick up the ketchup and place it in the basket
[convert] file=pick_up_the_ketchup_and_place_it_in_the_basket_demo_camvar_00_t1a391a.hdf5 episode=demo_31 frames=154 task=pick up the ketchup and place it in the basket
[convert] file=pick_up_the_ketchup_and_place_it_in_the_basket_demo_camvar_00_t1a391a.hdf5 episode=demo_32 frames=137 task=pick up the ketchup and place it in the basket
[convert] file=pick_up_the_ketchup_and_place_it_in_the_basket_demo_camvar_00_t1a391a.hdf5 episode=demo_33 frames=141 task=pick up the ketchup and place it in the basket
[convert] file=pick_up_the_ketchup_and_place_it_in_the_basket_demo_camvar_00_t1a391a.hdf5 episode=demo_34 frames=142 task=pick up the ketchup and place it in the basket
[convert] file=pick_up_the_ketchup_and_place_it_in_the_basket_demo_camvar_00_t1a391a.hdf5 episode=demo_35 frames=159 task=pick up the ketchup and place it in the basket
[convert] file=pick_up_the_ketchup_and_place_it_in_the_basket_demo_camvar_00_t1a391a.hdf5 episode=demo_36 frames=155 task=pick up the ketchup and place it in the basket
[convert] file=pick_up_the_ketchup_and_place_it_in_the_basket_demo_camvar_00_t1a391a.hdf5 episode=demo_37 frames=136 task=pick up the ketchup and place it in the basket
[convert] file=pick_up_the_ketchup_and_place_it_in_the_basket_demo_camvar_00_t1a391a.hdf5 episode=demo_38 frames=143 task=pick up the ketchup and place it in the basket
[convert] file=pick_up_the_ketchup_and_place_it_in_the_basket_demo_camvar_00_t1a391a.hdf5 episode=demo_39 frames=137 task=pick up the ketchup and place it in the basket
[convert] file=pick_up_the_ketchup_and_place_it_in_the_basket_demo_camvar_00_t1a391a.hdf5 episode=demo_4 frames=157 task=pick up the ketchup and place it in the basket
[convert] file=pick_up_the_ketchup_and_place_it_in_the_basket_demo_camvar_00_t1a391a.hdf5 episode=demo_40 frames=155 task=pick up the ketchup and place it in the basket
[convert] file=pick_up_the_ketchup_and_place_it_in_the_basket_demo_camvar_00_t1a391a.hdf5 episode=demo_41 frames=246 task=pick up the ketchup and place it in the basket
[convert] file=pick_up_the_ketchup_and_place_it_in_the_basket_demo_camvar_00_t1a391a.hdf5 episode=demo_42 frames=158 task=pick up the ketchup and place it in the basket
[convert] file=pick_up_the_ketchup_and_place_it_in_the_basket_demo_camvar_00_t1a391a.hdf5 episode=demo_43 frames=139 task=pick up the ketchup and place it in the basket
[convert] file=pick_up_the_ketchup_and_place_it_in_the_basket_demo_camvar_00_t1a391a.hdf5 episode=demo_44 frames=152 task=pick up the ketchup and place it in the basket
[convert] file=pick_up_the_ketchup_and_place_it_in_the_basket_demo_camvar_00_t1a391a.hdf5 episode=demo_45 frames=189 task=pick up the ketchup and place it in the basket
[convert] file=pick_up_the_ketchup_and_place_it_in_the_basket_demo_camvar_00_t1a391a.hdf5 episode=demo_46 frames=145 task=pick up the ketchup and place it in the basket
[convert] file=pick_up_the_ketchup_and_place_it_in_the_basket_demo_camvar_00_t1a391a.hdf5 episode=demo_47 frames=146 task=pick up the ketchup and place it in the basket
[convert] file=pick_up_the_ketchup_and_place_it_in_the_basket_demo_camvar_00_t1a391a.hdf5 episode=demo_48 frames=143 task=pick up the ketchup and place it in the basket
[convert] file=pick_up_the_ketchup_and_place_it_in_the_basket_demo_camvar_00_t1a391a.hdf5 episode=demo_49 frames=144 task=pick up the ketchup and place it in the basket
[convert] file=pick_up_the_ketchup_and_place_it_in_the_basket_demo_camvar_00_t1a391a.hdf5 episode=demo_5 frames=145 task=pick up the ketchup and place it in the basket
[convert] file=pick_up_the_ketchup_and_place_it_in_the_basket_demo_camvar_00_t1a391a.hdf5 episode=demo_6 frames=136 task=pick up the ketchup and place it in the basket
[convert] file=pick_up_the_ketchup_and_place_it_in_the_basket_demo_camvar_00_t1a391a.hdf5 episode=demo_7 frames=139 task=pick up the ketchup and place it in the basket
[convert] file=pick_up_the_ketchup_and_place_it_in_the_basket_demo_camvar_00_t1a391a.hdf5 episode=demo_8 frames=145 task=pick up the ketchup and place it in the basket
[convert] file=pick_up_the_ketchup_and_place_it_in_the_basket_demo_camvar_00_t1a391a.hdf5 episode=demo_9 frames=221 task=pick up the ketchup and place it in the basket
[convert] file=pick_up_the_milk_and_place_it_in_the_basket_demo_camvar_06_t534293.hdf5 episode=demo_0 frames=145 task=pick up the milk and place it in the basket
[convert] file=pick_up_the_milk_and_place_it_in_the_basket_demo_camvar_06_t534293.hdf5 episode=demo_1 frames=126 task=pick up the milk and place it in the basket
[convert] file=pick_up_the_milk_and_place_it_in_the_basket_demo_camvar_06_t534293.hdf5 episode=demo_10 frames=143 task=pick up the milk and place it in the basket
[convert] file=pick_up_the_milk_and_place_it_in_the_basket_demo_camvar_06_t534293.hdf5 episode=demo_11 frames=135 task=pick up the milk and place it in the basket
[convert] file=pick_up_the_milk_and_place_it_in_the_basket_demo_camvar_06_t534293.hdf5 episode=demo_12 frames=138 task=pick up the milk and place it in the basket
[convert] file=pick_up_the_milk_and_place_it_in_the_basket_demo_camvar_06_t534293.hdf5 episode=demo_13 frames=136 task=pick up the milk and place it in the basket
[convert] file=pick_up_the_milk_and_place_it_in_the_basket_demo_camvar_06_t534293.hdf5 episode=demo_14 frames=132 task=pick up the milk and place it in the basket
[convert] file=pick_up_the_milk_and_place_it_in_the_basket_demo_camvar_06_t534293.hdf5 episode=demo_15 frames=122 task=pick up the milk and place it in the basket
[convert] file=pick_up_the_milk_and_place_it_in_the_basket_demo_camvar_06_t534293.hdf5 episode=demo_16 frames=139 task=pick up the milk and place it in the basket
[convert] file=pick_up_the_milk_and_place_it_in_the_basket_demo_camvar_06_t534293.hdf5 episode=demo_17 frames=127 task=pick up the milk and place it in the basket
[convert] file=pick_up_the_milk_and_place_it_in_the_basket_demo_camvar_06_t534293.hdf5 episode=demo_18 frames=127 task=pick up the milk and place it in the basket
[convert] file=pick_up_the_milk_and_place_it_in_the_basket_demo_camvar_06_t534293.hdf5 episode=demo_19 frames=159 task=pick up the milk and place it in the basket
[convert] file=pick_up_the_milk_and_place_it_in_the_basket_demo_camvar_06_t534293.hdf5 episode=demo_2 frames=138 task=pick up the milk and place it in the basket
[convert] file=pick_up_the_milk_and_place_it_in_the_basket_demo_camvar_06_t534293.hdf5 episode=demo_20 frames=130 task=pick up the milk and place it in the basket
[convert] file=pick_up_the_milk_and_place_it_in_the_basket_demo_camvar_06_t534293.hdf5 episode=demo_21 frames=126 task=pick up the milk and place it in the basket
[convert] file=pick_up_the_milk_and_place_it_in_the_basket_demo_camvar_06_t534293.hdf5 episode=demo_22 frames=135 task=pick up the milk and place it in the basket
[convert] file=pick_up_the_milk_and_place_it_in_the_basket_demo_camvar_06_t534293.hdf5 episode=demo_23 frames=132 task=pick up the milk and place it in the basket
[convert] file=pick_up_the_milk_and_place_it_in_the_basket_demo_camvar_06_t534293.hdf5 episode=demo_24 frames=150 task=pick up the milk and place it in the basket
[convert] file=pick_up_the_milk_and_place_it_in_the_basket_demo_camvar_06_t534293.hdf5 episode=demo_25 frames=191 task=pick up the milk and place it in the basket
[convert] file=pick_up_the_milk_and_place_it_in_the_basket_demo_camvar_06_t534293.hdf5 episode=demo_26 frames=170 task=pick up the milk and place it in the basket
[convert] file=pick_up_the_milk_and_place_it_in_the_basket_demo_camvar_06_t534293.hdf5 episode=demo_27 frames=163 task=pick up the milk and place it in the basket
[convert] file=pick_up_the_milk_and_place_it_in_the_basket_demo_camvar_06_t534293.hdf5 episode=demo_28 frames=134 task=pick up the milk and place it in the basket
[convert] file=pick_up_the_milk_and_place_it_in_the_basket_demo_camvar_06_t534293.hdf5 episode=demo_29 frames=159 task=pick up the milk and place it in the basket
[convert] file=pick_up_the_milk_and_place_it_in_the_basket_demo_camvar_06_t534293.hdf5 episode=demo_3 frames=138 task=pick up the milk and place it in the basket
[convert] file=pick_up_the_milk_and_place_it_in_the_basket_demo_camvar_06_t534293.hdf5 episode=demo_30 frames=121 task=pick up the milk and place it in the basket
[convert] file=pick_up_the_milk_and_place_it_in_the_basket_demo_camvar_06_t534293.hdf5 episode=demo_31 frames=151 task=pick up the milk and place it in the basket
[convert] file=pick_up_the_milk_and_place_it_in_the_basket_demo_camvar_06_t534293.hdf5 episode=demo_32 frames=185 task=pick up the milk and place it in the basket
[convert] file=pick_up_the_milk_and_place_it_in_the_basket_demo_camvar_06_t534293.hdf5 episode=demo_33 frames=133 task=pick up the milk and place it in the basket
[convert] file=pick_up_the_milk_and_place_it_in_the_basket_demo_camvar_06_t534293.hdf5 episode=demo_34 frames=156 task=pick up the milk and place it in the basket
[convert] file=pick_up_the_milk_and_place_it_in_the_basket_demo_camvar_06_t534293.hdf5 episode=demo_35 frames=125 task=pick up the milk and place it in the basket
[convert] file=pick_up_the_milk_and_place_it_in_the_basket_demo_camvar_06_t534293.hdf5 episode=demo_36 frames=125 task=pick up the milk and place it in the basket
[convert] file=pick_up_the_milk_and_place_it_in_the_basket_demo_camvar_06_t534293.hdf5 episode=demo_37 frames=168 task=pick up the milk and place it in the basket
[convert] file=pick_up_the_milk_and_place_it_in_the_basket_demo_camvar_06_t534293.hdf5 episode=demo_38 frames=128 task=pick up the milk and place it in the basket
[convert] file=pick_up_the_milk_and_place_it_in_the_basket_demo_camvar_06_t534293.hdf5 episode=demo_39 frames=141 task=pick up the milk and place it in the basket
[convert] file=pick_up_the_milk_and_place_it_in_the_basket_demo_camvar_06_t534293.hdf5 episode=demo_4 frames=122 task=pick up the milk and place it in the basket
[convert] file=pick_up_the_milk_and_place_it_in_the_basket_demo_camvar_06_t534293.hdf5 episode=demo_40 frames=134 task=pick up the milk and place it in the basket
[convert] file=pick_up_the_milk_and_place_it_in_the_basket_demo_camvar_06_t534293.hdf5 episode=demo_41 frames=124 task=pick up the milk and place it in the basket
[convert] file=pick_up_the_milk_and_place_it_in_the_basket_demo_camvar_06_t534293.hdf5 episode=demo_42 frames=134 task=pick up the milk and place it in the basket
[convert] file=pick_up_the_milk_and_place_it_in_the_basket_demo_camvar_06_t534293.hdf5 episode=demo_43 frames=138 task=pick up the milk and place it in the basket
[convert] file=pick_up_the_milk_and_place_it_in_the_basket_demo_camvar_06_t534293.hdf5 episode=demo_44 frames=136 task=pick up the milk and place it in the basket
[convert] file=pick_up_the_milk_and_place_it_in_the_basket_demo_camvar_06_t534293.hdf5 episode=demo_45 frames=170 task=pick up the milk and place it in the basket
[convert] file=pick_up_the_milk_and_place_it_in_the_basket_demo_camvar_06_t534293.hdf5 episode=demo_46 frames=139 task=pick up the milk and place it in the basket
[convert] file=pick_up_the_milk_and_place_it_in_the_basket_demo_camvar_06_t534293.hdf5 episode=demo_47 frames=145 task=pick up the milk and place it in the basket
[convert] file=pick_up_the_milk_and_place_it_in_the_basket_demo_camvar_06_t534293.hdf5 episode=demo_48 frames=145 task=pick up the milk and place it in the basket
[convert] file=pick_up_the_milk_and_place_it_in_the_basket_demo_camvar_06_t534293.hdf5 episode=demo_49 frames=134 task=pick up the milk and place it in the basket
[convert] file=pick_up_the_milk_and_place_it_in_the_basket_demo_camvar_06_t534293.hdf5 episode=demo_5 frames=130 task=pick up the milk and place it in the basket
[convert] file=pick_up_the_milk_and_place_it_in_the_basket_demo_camvar_06_t534293.hdf5 episode=demo_6 frames=136 task=pick up the milk and place it in the basket
[convert] file=pick_up_the_milk_and_place_it_in_the_basket_demo_camvar_06_t534293.hdf5 episode=demo_7 frames=133 task=pick up the milk and place it in the basket
[convert] file=pick_up_the_milk_and_place_it_in_the_basket_demo_camvar_06_t534293.hdf5 episode=demo_8 frames=136 task=pick up the milk and place it in the basket
[convert] file=pick_up_the_milk_and_place_it_in_the_basket_demo_camvar_06_t534293.hdf5 episode=demo_9 frames=147 task=pick up the milk and place it in the basket
[convert] file=pick_up_the_salad_dressing_and_place_it_in_the_basket_demo_camvar_00_t499846.hdf5 episode=demo_0 frames=132 task=pick up the salad dressing and place it in the basket
[convert] file=pick_up_the_salad_dressing_and_place_it_in_the_basket_demo_camvar_00_t499846.hdf5 episode=demo_1 frames=119 task=pick up the salad dressing and place it in the basket
[convert] file=pick_up_the_salad_dressing_and_place_it_in_the_basket_demo_camvar_00_t499846.hdf5 episode=demo_10 frames=119 task=pick up the salad dressing and place it in the basket
[convert] file=pick_up_the_salad_dressing_and_place_it_in_the_basket_demo_camvar_00_t499846.hdf5 episode=demo_11 frames=123 task=pick up the salad dressing and place it in the basket
[convert] file=pick_up_the_salad_dressing_and_place_it_in_the_basket_demo_camvar_00_t499846.hdf5 episode=demo_12 frames=124 task=pick up the salad dressing and place it in the basket
[convert] file=pick_up_the_salad_dressing_and_place_it_in_the_basket_demo_camvar_00_t499846.hdf5 episode=demo_13 frames=140 task=pick up the salad dressing and place it in the basket
[convert] file=pick_up_the_salad_dressing_and_place_it_in_the_basket_demo_camvar_00_t499846.hdf5 episode=demo_14 frames=118 task=pick up the salad dressing and place it in the basket
[convert] file=pick_up_the_salad_dressing_and_place_it_in_the_basket_demo_camvar_00_t499846.hdf5 episode=demo_15 frames=130 task=pick up the salad dressing and place it in the basket
[convert] file=pick_up_the_salad_dressing_and_place_it_in_the_basket_demo_camvar_00_t499846.hdf5 episode=demo_16 frames=116 task=pick up the salad dressing and place it in the basket
[convert] file=pick_up_the_salad_dressing_and_place_it_in_the_basket_demo_camvar_00_t499846.hdf5 episode=demo_17 frames=126 task=pick up the salad dressing and place it in the basket
[convert] file=pick_up_the_salad_dressing_and_place_it_in_the_basket_demo_camvar_00_t499846.hdf5 episode=demo_18 frames=172 task=pick up the salad dressing and place it in the basket
[convert] file=pick_up_the_salad_dressing_and_place_it_in_the_basket_demo_camvar_00_t499846.hdf5 episode=demo_19 frames=124 task=pick up the salad dressing and place it in the basket
[convert] file=pick_up_the_salad_dressing_and_place_it_in_the_basket_demo_camvar_00_t499846.hdf5 episode=demo_2 frames=158 task=pick up the salad dressing and place it in the basket
[convert] file=pick_up_the_salad_dressing_and_place_it_in_the_basket_demo_camvar_00_t499846.hdf5 episode=demo_20 frames=123 task=pick up the salad dressing and place it in the basket
[convert] file=pick_up_the_salad_dressing_and_place_it_in_the_basket_demo_camvar_00_t499846.hdf5 episode=demo_21 frames=123 task=pick up the salad dressing and place it in the basket
[convert] file=pick_up_the_salad_dressing_and_place_it_in_the_basket_demo_camvar_00_t499846.hdf5 episode=demo_22 frames=121 task=pick up the salad dressing and place it in the basket
[convert] file=pick_up_the_salad_dressing_and_place_it_in_the_basket_demo_camvar_00_t499846.hdf5 episode=demo_23 frames=120 task=pick up the salad dressing and place it in the basket
[convert] file=pick_up_the_salad_dressing_and_place_it_in_the_basket_demo_camvar_00_t499846.hdf5 episode=demo_24 frames=144 task=pick up the salad dressing and place it in the basket
[convert] file=pick_up_the_salad_dressing_and_place_it_in_the_basket_demo_camvar_00_t499846.hdf5 episode=demo_25 frames=121 task=pick up the salad dressing and place it in the basket
[convert] file=pick_up_the_salad_dressing_and_place_it_in_the_basket_demo_camvar_00_t499846.hdf5 episode=demo_26 frames=117 task=pick up the salad dressing and place it in the basket
[convert] file=pick_up_the_salad_dressing_and_place_it_in_the_basket_demo_camvar_00_t499846.hdf5 episode=demo_27 frames=119 task=pick up the salad dressing and place it in the basket
[convert] file=pick_up_the_salad_dressing_and_place_it_in_the_basket_demo_camvar_00_t499846.hdf5 episode=demo_28 frames=127 task=pick up the salad dressing and place it in the basket
[convert] file=pick_up_the_salad_dressing_and_place_it_in_the_basket_demo_camvar_00_t499846.hdf5 episode=demo_29 frames=118 task=pick up the salad dressing and place it in the basket
[convert] file=pick_up_the_salad_dressing_and_place_it_in_the_basket_demo_camvar_00_t499846.hdf5 episode=demo_3 frames=162 task=pick up the salad dressing and place it in the basket
[convert] file=pick_up_the_salad_dressing_and_place_it_in_the_basket_demo_camvar_00_t499846.hdf5 episode=demo_30 frames=123 task=pick up the salad dressing and place it in the basket
[convert] file=pick_up_the_salad_dressing_and_place_it_in_the_basket_demo_camvar_00_t499846.hdf5 episode=demo_31 frames=127 task=pick up the salad dressing and place it in the basket
[convert] file=pick_up_the_salad_dressing_and_place_it_in_the_basket_demo_camvar_00_t499846.hdf5 episode=demo_32 frames=128 task=pick up the salad dressing and place it in the basket
[convert] file=pick_up_the_salad_dressing_and_place_it_in_the_basket_demo_camvar_00_t499846.hdf5 episode=demo_33 frames=131 task=pick up the salad dressing and place it in the basket
[convert] file=pick_up_the_salad_dressing_and_place_it_in_the_basket_demo_camvar_00_t499846.hdf5 episode=demo_34 frames=211 task=pick up the salad dressing and place it in the basket
[convert] file=pick_up_the_salad_dressing_and_place_it_in_the_basket_demo_camvar_00_t499846.hdf5 episode=demo_35 frames=111 task=pick up the salad dressing and place it in the basket
[convert] file=pick_up_the_salad_dressing_and_place_it_in_the_basket_demo_camvar_00_t499846.hdf5 episode=demo_36 frames=115 task=pick up the salad dressing and place it in the basket
[convert] file=pick_up_the_salad_dressing_and_place_it_in_the_basket_demo_camvar_00_t499846.hdf5 episode=demo_37 frames=119 task=pick up the salad dressing and place it in the basket
[convert] file=pick_up_the_salad_dressing_and_place_it_in_the_basket_demo_camvar_00_t499846.hdf5 episode=demo_38 frames=120 task=pick up the salad dressing and place it in the basket
[convert] file=pick_up_the_salad_dressing_and_place_it_in_the_basket_demo_camvar_00_t499846.hdf5 episode=demo_39 frames=121 task=pick up the salad dressing and place it in the basket
[convert] file=pick_up_the_salad_dressing_and_place_it_in_the_basket_demo_camvar_00_t499846.hdf5 episode=demo_4 frames=117 task=pick up the salad dressing and place it in the basket
[convert] file=pick_up_the_salad_dressing_and_place_it_in_the_basket_demo_camvar_00_t499846.hdf5 episode=demo_40 frames=110 task=pick up the salad dressing and place it in the basket
[convert] file=pick_up_the_salad_dressing_and_place_it_in_the_basket_demo_camvar_00_t499846.hdf5 episode=demo_41 frames=113 task=pick up the salad dressing and place it in the basket
[convert] file=pick_up_the_salad_dressing_and_place_it_in_the_basket_demo_camvar_00_t499846.hdf5 episode=demo_42 frames=124 task=pick up the salad dressing and place it in the basket
[convert] file=pick_up_the_salad_dressing_and_place_it_in_the_basket_demo_camvar_00_t499846.hdf5 episode=demo_43 frames=124 task=pick up the salad dressing and place it in the basket
[convert] file=pick_up_the_salad_dressing_and_place_it_in_the_basket_demo_camvar_00_t499846.hdf5 episode=demo_44 frames=129 task=pick up the salad dressing and place it in the basket
[convert] file=pick_up_the_salad_dressing_and_place_it_in_the_basket_demo_camvar_00_t499846.hdf5 episode=demo_45 frames=113 task=pick up the salad dressing and place it in the basket
[convert] file=pick_up_the_salad_dressing_and_place_it_in_the_basket_demo_camvar_00_t499846.hdf5 episode=demo_46 frames=121 task=pick up the salad dressing and place it in the basket
[convert] file=pick_up_the_salad_dressing_and_place_it_in_the_basket_demo_camvar_00_t499846.hdf5 episode=demo_47 frames=119 task=pick up the salad dressing and place it in the basket
[convert] file=pick_up_the_salad_dressing_and_place_it_in_the_basket_demo_camvar_00_t499846.hdf5 episode=demo_48 frames=129 task=pick up the salad dressing and place it in the basket
[convert] file=pick_up_the_salad_dressing_and_place_it_in_the_basket_demo_camvar_00_t499846.hdf5 episode=demo_49 frames=165 task=pick up the salad dressing and place it in the basket
[convert] file=pick_up_the_salad_dressing_and_place_it_in_the_basket_demo_camvar_00_t499846.hdf5 episode=demo_5 frames=134 task=pick up the salad dressing and place it in the basket
[convert] file=pick_up_the_salad_dressing_and_place_it_in_the_basket_demo_camvar_00_t499846.hdf5 episode=demo_6 frames=119 task=pick up the salad dressing and place it in the basket
[convert] file=pick_up_the_salad_dressing_and_place_it_in_the_basket_demo_camvar_00_t499846.hdf5 episode=demo_7 frames=120 task=pick up the salad dressing and place it in the basket
[convert] file=pick_up_the_salad_dressing_and_place_it_in_the_basket_demo_camvar_00_t499846.hdf5 episode=demo_8 frames=129 task=pick up the salad dressing and place it in the basket
[convert] file=pick_up_the_salad_dressing_and_place_it_in_the_basket_demo_camvar_00_t499846.hdf5 episode=demo_9 frames=123 task=pick up the salad dressing and place it in the basket
[convert] file=pick_up_the_tomato_sauce_and_place_it_in_the_basket_demo_camvar_06_t043eea.hdf5 episode=demo_0 frames=127 task=pick up the tomato sauce and place it in the basket
[convert] file=pick_up_the_tomato_sauce_and_place_it_in_the_basket_demo_camvar_06_t043eea.hdf5 episode=demo_1 frames=155 task=pick up the tomato sauce and place it in the basket
[convert] file=pick_up_the_tomato_sauce_and_place_it_in_the_basket_demo_camvar_06_t043eea.hdf5 episode=demo_10 frames=152 task=pick up the tomato sauce and place it in the basket
[convert] file=pick_up_the_tomato_sauce_and_place_it_in_the_basket_demo_camvar_06_t043eea.hdf5 episode=demo_11 frames=145 task=pick up the tomato sauce and place it in the basket
[convert] file=pick_up_the_tomato_sauce_and_place_it_in_the_basket_demo_camvar_06_t043eea.hdf5 episode=demo_12 frames=122 task=pick up the tomato sauce and place it in the basket
[convert] file=pick_up_the_tomato_sauce_and_place_it_in_the_basket_demo_camvar_06_t043eea.hdf5 episode=demo_13 frames=130 task=pick up the tomato sauce and place it in the basket
[convert] file=pick_up_the_tomato_sauce_and_place_it_in_the_basket_demo_camvar_06_t043eea.hdf5 episode=demo_14 frames=132 task=pick up the tomato sauce and place it in the basket
[convert] file=pick_up_the_tomato_sauce_and_place_it_in_the_basket_demo_camvar_06_t043eea.hdf5 episode=demo_15 frames=175 task=pick up the tomato sauce and place it in the basket
[convert] file=pick_up_the_tomato_sauce_and_place_it_in_the_basket_demo_camvar_06_t043eea.hdf5 episode=demo_16 frames=165 task=pick up the tomato sauce and place it in the basket
[convert] file=pick_up_the_tomato_sauce_and_place_it_in_the_basket_demo_camvar_06_t043eea.hdf5 episode=demo_17 frames=179 task=pick up the tomato sauce and place it in the basket
[convert] file=pick_up_the_tomato_sauce_and_place_it_in_the_basket_demo_camvar_06_t043eea.hdf5 episode=demo_18 frames=126 task=pick up the tomato sauce and place it in the basket
[convert] file=pick_up_the_tomato_sauce_and_place_it_in_the_basket_demo_camvar_06_t043eea.hdf5 episode=demo_19 frames=156 task=pick up the tomato sauce and place it in the basket
[convert] file=pick_up_the_tomato_sauce_and_place_it_in_the_basket_demo_camvar_06_t043eea.hdf5 episode=demo_2 frames=172 task=pick up the tomato sauce and place it in the basket
[convert] file=pick_up_the_tomato_sauce_and_place_it_in_the_basket_demo_camvar_06_t043eea.hdf5 episode=demo_20 frames=125 task=pick up the tomato sauce and place it in the basket
[convert] file=pick_up_the_tomato_sauce_and_place_it_in_the_basket_demo_camvar_06_t043eea.hdf5 episode=demo_21 frames=122 task=pick up the tomato sauce and place it in the basket
[convert] file=pick_up_the_tomato_sauce_and_place_it_in_the_basket_demo_camvar_06_t043eea.hdf5 episode=demo_22 frames=152 task=pick up the tomato sauce and place it in the basket
[convert] file=pick_up_the_tomato_sauce_and_place_it_in_the_basket_demo_camvar_06_t043eea.hdf5 episode=demo_23 frames=172 task=pick up the tomato sauce and place it in the basket
[convert] file=pick_up_the_tomato_sauce_and_place_it_in_the_basket_demo_camvar_06_t043eea.hdf5 episode=demo_24 frames=141 task=pick up the tomato sauce and place it in the basket
[convert] file=pick_up_the_tomato_sauce_and_place_it_in_the_basket_demo_camvar_06_t043eea.hdf5 episode=demo_25 frames=124 task=pick up the tomato sauce and place it in the basket
[convert] file=pick_up_the_tomato_sauce_and_place_it_in_the_basket_demo_camvar_06_t043eea.hdf5 episode=demo_26 frames=143 task=pick up the tomato sauce and place it in the basket
[convert] file=pick_up_the_tomato_sauce_and_place_it_in_the_basket_demo_camvar_06_t043eea.hdf5 episode=demo_27 frames=134 task=pick up the tomato sauce and place it in the basket
[convert] file=pick_up_the_tomato_sauce_and_place_it_in_the_basket_demo_camvar_06_t043eea.hdf5 episode=demo_28 frames=135 task=pick up the tomato sauce and place it in the basket
[convert] file=pick_up_the_tomato_sauce_and_place_it_in_the_basket_demo_camvar_06_t043eea.hdf5 episode=demo_29 frames=135 task=pick up the tomato sauce and place it in the basket
[convert] file=pick_up_the_tomato_sauce_and_place_it_in_the_basket_demo_camvar_06_t043eea.hdf5 episode=demo_3 frames=128 task=pick up the tomato sauce and place it in the basket
[convert] file=pick_up_the_tomato_sauce_and_place_it_in_the_basket_demo_camvar_06_t043eea.hdf5 episode=demo_30 frames=134 task=pick up the tomato sauce and place it in the basket
[convert] file=pick_up_the_tomato_sauce_and_place_it_in_the_basket_demo_camvar_06_t043eea.hdf5 episode=demo_31 frames=160 task=pick up the tomato sauce and place it in the basket
[convert] file=pick_up_the_tomato_sauce_and_place_it_in_the_basket_demo_camvar_06_t043eea.hdf5 episode=demo_32 frames=152 task=pick up the tomato sauce and place it in the basket
[convert] file=pick_up_the_tomato_sauce_and_place_it_in_the_basket_demo_camvar_06_t043eea.hdf5 episode=demo_33 frames=128 task=pick up the tomato sauce and place it in the basket
[convert] file=pick_up_the_tomato_sauce_and_place_it_in_the_basket_demo_camvar_06_t043eea.hdf5 episode=demo_34 frames=128 task=pick up the tomato sauce and place it in the basket
[convert] file=pick_up_the_tomato_sauce_and_place_it_in_the_basket_demo_camvar_06_t043eea.hdf5 episode=demo_35 frames=157 task=pick up the tomato sauce and place it in the basket
[convert] file=pick_up_the_tomato_sauce_and_place_it_in_the_basket_demo_camvar_06_t043eea.hdf5 episode=demo_36 frames=132 task=pick up the tomato sauce and place it in the basket
[convert] file=pick_up_the_tomato_sauce_and_place_it_in_the_basket_demo_camvar_06_t043eea.hdf5 episode=demo_37 frames=151 task=pick up the tomato sauce and place it in the basket
[convert] file=pick_up_the_tomato_sauce_and_place_it_in_the_basket_demo_camvar_06_t043eea.hdf5 episode=demo_38 frames=172 task=pick up the tomato sauce and place it in the basket
[convert] file=pick_up_the_tomato_sauce_and_place_it_in_the_basket_demo_camvar_06_t043eea.hdf5 episode=demo_39 frames=128 task=pick up the tomato sauce and place it in the basket
[convert] file=pick_up_the_tomato_sauce_and_place_it_in_the_basket_demo_camvar_06_t043eea.hdf5 episode=demo_4 frames=131 task=pick up the tomato sauce and place it in the basket
[convert] file=pick_up_the_tomato_sauce_and_place_it_in_the_basket_demo_camvar_06_t043eea.hdf5 episode=demo_40 frames=142 task=pick up the tomato sauce and place it in the basket
[convert] file=pick_up_the_tomato_sauce_and_place_it_in_the_basket_demo_camvar_06_t043eea.hdf5 episode=demo_41 frames=144 task=pick up the tomato sauce and place it in the basket
[convert] file=pick_up_the_tomato_sauce_and_place_it_in_the_basket_demo_camvar_06_t043eea.hdf5 episode=demo_42 frames=121 task=pick up the tomato sauce and place it in the basket
[convert] file=pick_up_the_tomato_sauce_and_place_it_in_the_basket_demo_camvar_06_t043eea.hdf5 episode=demo_43 frames=130 task=pick up the tomato sauce and place it in the basket
[convert] file=pick_up_the_tomato_sauce_and_place_it_in_the_basket_demo_camvar_06_t043eea.hdf5 episode=demo_44 frames=131 task=pick up the tomato sauce and place it in the basket
[convert] file=pick_up_the_tomato_sauce_and_place_it_in_the_basket_demo_camvar_06_t043eea.hdf5 episode=demo_45 frames=170 task=pick up the tomato sauce and place it in the basket
[convert] file=pick_up_the_tomato_sauce_and_place_it_in_the_basket_demo_camvar_06_t043eea.hdf5 episode=demo_46 frames=134 task=pick up the tomato sauce and place it in the basket
[convert] file=pick_up_the_tomato_sauce_and_place_it_in_the_basket_demo_camvar_06_t043eea.hdf5 episode=demo_47 frames=128 task=pick up the tomato sauce and place it in the basket
[convert] file=pick_up_the_tomato_sauce_and_place_it_in_the_basket_demo_camvar_06_t043eea.hdf5 episode=demo_48 frames=137 task=pick up the tomato sauce and place it in the basket
[convert] file=pick_up_the_tomato_sauce_and_place_it_in_the_basket_demo_camvar_06_t043eea.hdf5 episode=demo_49 frames=131 task=pick up the tomato sauce and place it in the basket
[convert] file=pick_up_the_tomato_sauce_and_place_it_in_the_basket_demo_camvar_06_t043eea.hdf5 episode=demo_5 frames=130 task=pick up the tomato sauce and place it in the basket
[convert] file=pick_up_the_tomato_sauce_and_place_it_in_the_basket_demo_camvar_06_t043eea.hdf5 episode=demo_6 frames=178 task=pick up the tomato sauce and place it in the basket
[convert] file=pick_up_the_tomato_sauce_and_place_it_in_the_basket_demo_camvar_06_t043eea.hdf5 episode=demo_7 frames=141 task=pick up the tomato sauce and place it in the basket
[convert] file=pick_up_the_tomato_sauce_and_place_it_in_the_basket_demo_camvar_06_t043eea.hdf5 episode=demo_8 frames=137 task=pick up the tomato sauce and place it in the basket
[convert] file=pick_up_the_tomato_sauce_and_place_it_in_the_basket_demo_camvar_06_t043eea.hdf5 episode=demo_9 frames=140 task=pick up the tomato sauce and place it in the basket
[convert] completed repo_id=glbreeze/libero_object_cam_train_o00_02_03_05_06_09_10_tmp_shards/shard_005 mode=all_views files=7 episodes=350 frames=51247
Shard conversion completed successfully.
