===== HDF5 SHARD CONVERSION ENV CHECK =====
repo root: /scratch/yp2841/geometry-vla/openpi_cam
raw hdf5 root: /scratch/yp2841/geometry-vla/libero_object_camera_left
mode: all_views
repo id: glbreeze/libero_object_tmp_shards/cam/shard_043
shard index: 43
num shards: 50
hf lerobot home: /scratch/yp2841/geometry-vla
/scratch/yp2841/geometry-vla/openpi_cam/.venv/bin/python
Python 3.11.14
cs726.hpc.nyu.edu
[convert] repo_id=glbreeze/libero_object_tmp_shards/cam/shard_043 mode=all_views shard_index=43/50 selected_files=1
[convert] file=pick_up_the_salad_dressing_and_place_it_in_the_basket_demo_camvar_02_t499846.hdf5 episode=demo_0 frames=132 task=pick up the salad dressing and place it in the basket
[convert] file=pick_up_the_salad_dressing_and_place_it_in_the_basket_demo_camvar_02_t499846.hdf5 episode=demo_1 frames=119 task=pick up the salad dressing and place it in the basket
[convert] file=pick_up_the_salad_dressing_and_place_it_in_the_basket_demo_camvar_02_t499846.hdf5 episode=demo_10 frames=119 task=pick up the salad dressing and place it in the basket
[convert] file=pick_up_the_salad_dressing_and_place_it_in_the_basket_demo_camvar_02_t499846.hdf5 episode=demo_11 frames=123 task=pick up the salad dressing and place it in the basket
[convert] file=pick_up_the_salad_dressing_and_place_it_in_the_basket_demo_camvar_02_t499846.hdf5 episode=demo_12 frames=124 task=pick up the salad dressing and place it in the basket
[convert] file=pick_up_the_salad_dressing_and_place_it_in_the_basket_demo_camvar_02_t499846.hdf5 episode=demo_13 frames=140 task=pick up the salad dressing and place it in the basket
[convert] file=pick_up_the_salad_dressing_and_place_it_in_the_basket_demo_camvar_02_t499846.hdf5 episode=demo_14 frames=118 task=pick up the salad dressing and place it in the basket
[convert] file=pick_up_the_salad_dressing_and_place_it_in_the_basket_demo_camvar_02_t499846.hdf5 episode=demo_15 frames=130 task=pick up the salad dressing and place it in the basket
[convert] file=pick_up_the_salad_dressing_and_place_it_in_the_basket_demo_camvar_02_t499846.hdf5 episode=demo_16 frames=116 task=pick up the salad dressing and place it in the basket
[convert] file=pick_up_the_salad_dressing_and_place_it_in_the_basket_demo_camvar_02_t499846.hdf5 episode=demo_17 frames=126 task=pick up the salad dressing and place it in the basket
[convert] file=pick_up_the_salad_dressing_and_place_it_in_the_basket_demo_camvar_02_t499846.hdf5 episode=demo_18 frames=172 task=pick up the salad dressing and place it in the basket
[convert] file=pick_up_the_salad_dressing_and_place_it_in_the_basket_demo_camvar_02_t499846.hdf5 episode=demo_19 frames=124 task=pick up the salad dressing and place it in the basket
[convert] file=pick_up_the_salad_dressing_and_place_it_in_the_basket_demo_camvar_02_t499846.hdf5 episode=demo_2 frames=158 task=pick up the salad dressing and place it in the basket
[convert] file=pick_up_the_salad_dressing_and_place_it_in_the_basket_demo_camvar_02_t499846.hdf5 episode=demo_20 frames=123 task=pick up the salad dressing and place it in the basket
[convert] file=pick_up_the_salad_dressing_and_place_it_in_the_basket_demo_camvar_02_t499846.hdf5 episode=demo_21 frames=123 task=pick up the salad dressing and place it in the basket
[convert] file=pick_up_the_salad_dressing_and_place_it_in_the_basket_demo_camvar_02_t499846.hdf5 episode=demo_22 frames=121 task=pick up the salad dressing and place it in the basket
[convert] file=pick_up_the_salad_dressing_and_place_it_in_the_basket_demo_camvar_02_t499846.hdf5 episode=demo_23 frames=120 task=pick up the salad dressing and place it in the basket
[convert] file=pick_up_the_salad_dressing_and_place_it_in_the_basket_demo_camvar_02_t499846.hdf5 episode=demo_24 frames=144 task=pick up the salad dressing and place it in the basket
[convert] file=pick_up_the_salad_dressing_and_place_it_in_the_basket_demo_camvar_02_t499846.hdf5 episode=demo_25 frames=121 task=pick up the salad dressing and place it in the basket
[convert] file=pick_up_the_salad_dressing_and_place_it_in_the_basket_demo_camvar_02_t499846.hdf5 episode=demo_26 frames=117 task=pick up the salad dressing and place it in the basket
[convert] file=pick_up_the_salad_dressing_and_place_it_in_the_basket_demo_camvar_02_t499846.hdf5 episode=demo_27 frames=119 task=pick up the salad dressing and place it in the basket
[convert] file=pick_up_the_salad_dressing_and_place_it_in_the_basket_demo_camvar_02_t499846.hdf5 episode=demo_28 frames=127 task=pick up the salad dressing and place it in the basket
[convert] file=pick_up_the_salad_dressing_and_place_it_in_the_basket_demo_camvar_02_t499846.hdf5 episode=demo_29 frames=118 task=pick up the salad dressing and place it in the basket
[convert] file=pick_up_the_salad_dressing_and_place_it_in_the_basket_demo_camvar_02_t499846.hdf5 episode=demo_3 frames=162 task=pick up the salad dressing and place it in the basket
[convert] file=pick_up_the_salad_dressing_and_place_it_in_the_basket_demo_camvar_02_t499846.hdf5 episode=demo_30 frames=123 task=pick up the salad dressing and place it in the basket
[convert] file=pick_up_the_salad_dressing_and_place_it_in_the_basket_demo_camvar_02_t499846.hdf5 episode=demo_31 frames=127 task=pick up the salad dressing and place it in the basket
[convert] file=pick_up_the_salad_dressing_and_place_it_in_the_basket_demo_camvar_02_t499846.hdf5 episode=demo_32 frames=128 task=pick up the salad dressing and place it in the basket
[convert] file=pick_up_the_salad_dressing_and_place_it_in_the_basket_demo_camvar_02_t499846.hdf5 episode=demo_33 frames=131 task=pick up the salad dressing and place it in the basket
[convert] file=pick_up_the_salad_dressing_and_place_it_in_the_basket_demo_camvar_02_t499846.hdf5 episode=demo_34 frames=211 task=pick up the salad dressing and place it in the basket
[convert] file=pick_up_the_salad_dressing_and_place_it_in_the_basket_demo_camvar_02_t499846.hdf5 episode=demo_35 frames=111 task=pick up the salad dressing and place it in the basket
[convert] file=pick_up_the_salad_dressing_and_place_it_in_the_basket_demo_camvar_02_t499846.hdf5 episode=demo_36 frames=115 task=pick up the salad dressing and place it in the basket
[convert] file=pick_up_the_salad_dressing_and_place_it_in_the_basket_demo_camvar_02_t499846.hdf5 episode=demo_37 frames=119 task=pick up the salad dressing and place it in the basket
[convert] file=pick_up_the_salad_dressing_and_place_it_in_the_basket_demo_camvar_02_t499846.hdf5 episode=demo_38 frames=120 task=pick up the salad dressing and place it in the basket
[convert] file=pick_up_the_salad_dressing_and_place_it_in_the_basket_demo_camvar_02_t499846.hdf5 episode=demo_39 frames=121 task=pick up the salad dressing and place it in the basket
[convert] file=pick_up_the_salad_dressing_and_place_it_in_the_basket_demo_camvar_02_t499846.hdf5 episode=demo_4 frames=117 task=pick up the salad dressing and place it in the basket
[convert] file=pick_up_the_salad_dressing_and_place_it_in_the_basket_demo_camvar_02_t499846.hdf5 episode=demo_40 frames=110 task=pick up the salad dressing and place it in the basket
[convert] file=pick_up_the_salad_dressing_and_place_it_in_the_basket_demo_camvar_02_t499846.hdf5 episode=demo_41 frames=113 task=pick up the salad dressing and place it in the basket
[convert] file=pick_up_the_salad_dressing_and_place_it_in_the_basket_demo_camvar_02_t499846.hdf5 episode=demo_42 frames=124 task=pick up the salad dressing and place it in the basket
[convert] file=pick_up_the_salad_dressing_and_place_it_in_the_basket_demo_camvar_02_t499846.hdf5 episode=demo_43 frames=124 task=pick up the salad dressing and place it in the basket
[convert] file=pick_up_the_salad_dressing_and_place_it_in_the_basket_demo_camvar_02_t499846.hdf5 episode=demo_44 frames=129 task=pick up the salad dressing and place it in the basket
[convert] file=pick_up_the_salad_dressing_and_place_it_in_the_basket_demo_camvar_02_t499846.hdf5 episode=demo_45 frames=113 task=pick up the salad dressing and place it in the basket
[convert] file=pick_up_the_salad_dressing_and_place_it_in_the_basket_demo_camvar_02_t499846.hdf5 episode=demo_46 frames=121 task=pick up the salad dressing and place it in the basket
[convert] file=pick_up_the_salad_dressing_and_place_it_in_the_basket_demo_camvar_02_t499846.hdf5 episode=demo_47 frames=119 task=pick up the salad dressing and place it in the basket
[convert] file=pick_up_the_salad_dressing_and_place_it_in_the_basket_demo_camvar_02_t499846.hdf5 episode=demo_48 frames=129 task=pick up the salad dressing and place it in the basket
[convert] file=pick_up_the_salad_dressing_and_place_it_in_the_basket_demo_camvar_02_t499846.hdf5 episode=demo_49 frames=165 task=pick up the salad dressing and place it in the basket
[convert] file=pick_up_the_salad_dressing_and_place_it_in_the_basket_demo_camvar_02_t499846.hdf5 episode=demo_5 frames=134 task=pick up the salad dressing and place it in the basket
[convert] file=pick_up_the_salad_dressing_and_place_it_in_the_basket_demo_camvar_02_t499846.hdf5 episode=demo_6 frames=119 task=pick up the salad dressing and place it in the basket
[convert] file=pick_up_the_salad_dressing_and_place_it_in_the_basket_demo_camvar_02_t499846.hdf5 episode=demo_7 frames=120 task=pick up the salad dressing and place it in the basket
[convert] file=pick_up_the_salad_dressing_and_place_it_in_the_basket_demo_camvar_02_t499846.hdf5 episode=demo_8 frames=129 task=pick up the salad dressing and place it in the basket
[convert] file=pick_up_the_salad_dressing_and_place_it_in_the_basket_demo_camvar_02_t499846.hdf5 episode=demo_9 frames=123 task=pick up the salad dressing and place it in the basket
[convert] completed repo_id=glbreeze/libero_object_tmp_shards/cam/shard_043 mode=all_views files=1 episodes=50 frames=6391
Shard conversion completed successfully.
