===== HDF5 SHARD CONVERSION ENV CHECK =====
repo root: /scratch/yp2841/geometry-vla/openpi_cam
raw hdf5 root: /scratch/yp2841/geometry-vla/libero_object_camera_left
mode: original_only
repo id: glbreeze/libero_object_tmp_shards/original/shard_005
shard index: 5
num shards: 10
hf lerobot home: /scratch/yp2841/geometry-vla
/scratch/yp2841/geometry-vla/openpi_cam/.venv/bin/python
Python 3.11.14
cs624.hpc.nyu.edu
[convert] repo_id=glbreeze/libero_object_tmp_shards/original/shard_005 mode=original_only shard_index=5/10 selected_files=1
[convert] file=pick_up_the_ketchup_and_place_it_in_the_basket_demo.hdf5 episode=demo_0 frames=248 task=pick up the ketchup and place it in the basket
[convert] file=pick_up_the_ketchup_and_place_it_in_the_basket_demo.hdf5 episode=demo_1 frames=155 task=pick up the ketchup and place it in the basket
[convert] file=pick_up_the_ketchup_and_place_it_in_the_basket_demo.hdf5 episode=demo_10 frames=160 task=pick up the ketchup and place it in the basket
[convert] file=pick_up_the_ketchup_and_place_it_in_the_basket_demo.hdf5 episode=demo_11 frames=148 task=pick up the ketchup and place it in the basket
[convert] file=pick_up_the_ketchup_and_place_it_in_the_basket_demo.hdf5 episode=demo_12 frames=162 task=pick up the ketchup and place it in the basket
[convert] file=pick_up_the_ketchup_and_place_it_in_the_basket_demo.hdf5 episode=demo_13 frames=150 task=pick up the ketchup and place it in the basket
[convert] file=pick_up_the_ketchup_and_place_it_in_the_basket_demo.hdf5 episode=demo_14 frames=141 task=pick up the ketchup and place it in the basket
[convert] file=pick_up_the_ketchup_and_place_it_in_the_basket_demo.hdf5 episode=demo_15 frames=144 task=pick up the ketchup and place it in the basket
[convert] file=pick_up_the_ketchup_and_place_it_in_the_basket_demo.hdf5 episode=demo_16 frames=150 task=pick up the ketchup and place it in the basket
[convert] file=pick_up_the_ketchup_and_place_it_in_the_basket_demo.hdf5 episode=demo_17 frames=226 task=pick up the ketchup and place it in the basket
[convert] file=pick_up_the_ketchup_and_place_it_in_the_basket_demo.hdf5 episode=demo_18 frames=179 task=pick up the ketchup and place it in the basket
[convert] file=pick_up_the_ketchup_and_place_it_in_the_basket_demo.hdf5 episode=demo_19 frames=156 task=pick up the ketchup and place it in the basket
[convert] file=pick_up_the_ketchup_and_place_it_in_the_basket_demo.hdf5 episode=demo_2 frames=137 task=pick up the ketchup and place it in the basket
[convert] file=pick_up_the_ketchup_and_place_it_in_the_basket_demo.hdf5 episode=demo_20 frames=239 task=pick up the ketchup and place it in the basket
[convert] file=pick_up_the_ketchup_and_place_it_in_the_basket_demo.hdf5 episode=demo_21 frames=141 task=pick up the ketchup and place it in the basket
[convert] file=pick_up_the_ketchup_and_place_it_in_the_basket_demo.hdf5 episode=demo_22 frames=142 task=pick up the ketchup and place it in the basket
[convert] file=pick_up_the_ketchup_and_place_it_in_the_basket_demo.hdf5 episode=demo_23 frames=136 task=pick up the ketchup and place it in the basket
[convert] file=pick_up_the_ketchup_and_place_it_in_the_basket_demo.hdf5 episode=demo_24 frames=152 task=pick up the ketchup and place it in the basket
[convert] file=pick_up_the_ketchup_and_place_it_in_the_basket_demo.hdf5 episode=demo_25 frames=150 task=pick up the ketchup and place it in the basket
[convert] file=pick_up_the_ketchup_and_place_it_in_the_basket_demo.hdf5 episode=demo_26 frames=148 task=pick up the ketchup and place it in the basket
[convert] file=pick_up_the_ketchup_and_place_it_in_the_basket_demo.hdf5 episode=demo_27 frames=152 task=pick up the ketchup and place it in the basket
[convert] file=pick_up_the_ketchup_and_place_it_in_the_basket_demo.hdf5 episode=demo_28 frames=135 task=pick up the ketchup and place it in the basket
[convert] file=pick_up_the_ketchup_and_place_it_in_the_basket_demo.hdf5 episode=demo_29 frames=199 task=pick up the ketchup and place it in the basket
[convert] file=pick_up_the_ketchup_and_place_it_in_the_basket_demo.hdf5 episode=demo_3 frames=136 task=pick up the ketchup and place it in the basket
[convert] file=pick_up_the_ketchup_and_place_it_in_the_basket_demo.hdf5 episode=demo_30 frames=159 task=pick up the ketchup and place it in the basket
[convert] file=pick_up_the_ketchup_and_place_it_in_the_basket_demo.hdf5 episode=demo_31 frames=219 task=pick up the ketchup and place it in the basket
[convert] file=pick_up_the_ketchup_and_place_it_in_the_basket_demo.hdf5 episode=demo_32 frames=159 task=pick up the ketchup and place it in the basket
[convert] file=pick_up_the_ketchup_and_place_it_in_the_basket_demo.hdf5 episode=demo_33 frames=162 task=pick up the ketchup and place it in the basket
[convert] file=pick_up_the_ketchup_and_place_it_in_the_basket_demo.hdf5 episode=demo_34 frames=158 task=pick up the ketchup and place it in the basket
[convert] file=pick_up_the_ketchup_and_place_it_in_the_basket_demo.hdf5 episode=demo_35 frames=156 task=pick up the ketchup and place it in the basket
[convert] file=pick_up_the_ketchup_and_place_it_in_the_basket_demo.hdf5 episode=demo_36 frames=141 task=pick up the ketchup and place it in the basket
[convert] file=pick_up_the_ketchup_and_place_it_in_the_basket_demo.hdf5 episode=demo_37 frames=159 task=pick up the ketchup and place it in the basket
[convert] file=pick_up_the_ketchup_and_place_it_in_the_basket_demo.hdf5 episode=demo_38 frames=142 task=pick up the ketchup and place it in the basket
[convert] file=pick_up_the_ketchup_and_place_it_in_the_basket_demo.hdf5 episode=demo_39 frames=146 task=pick up the ketchup and place it in the basket
[convert] file=pick_up_the_ketchup_and_place_it_in_the_basket_demo.hdf5 episode=demo_4 frames=147 task=pick up the ketchup and place it in the basket
[convert] file=pick_up_the_ketchup_and_place_it_in_the_basket_demo.hdf5 episode=demo_40 frames=164 task=pick up the ketchup and place it in the basket
[convert] file=pick_up_the_ketchup_and_place_it_in_the_basket_demo.hdf5 episode=demo_41 frames=160 task=pick up the ketchup and place it in the basket
[convert] file=pick_up_the_ketchup_and_place_it_in_the_basket_demo.hdf5 episode=demo_42 frames=141 task=pick up the ketchup and place it in the basket
[convert] file=pick_up_the_ketchup_and_place_it_in_the_basket_demo.hdf5 episode=demo_43 frames=148 task=pick up the ketchup and place it in the basket
[convert] file=pick_up_the_ketchup_and_place_it_in_the_basket_demo.hdf5 episode=demo_44 frames=142 task=pick up the ketchup and place it in the basket
[convert] file=pick_up_the_ketchup_and_place_it_in_the_basket_demo.hdf5 episode=demo_45 frames=160 task=pick up the ketchup and place it in the basket
[convert] file=pick_up_the_ketchup_and_place_it_in_the_basket_demo.hdf5 episode=demo_46 frames=251 task=pick up the ketchup and place it in the basket
[convert] file=pick_up_the_ketchup_and_place_it_in_the_basket_demo.hdf5 episode=demo_47 frames=163 task=pick up the ketchup and place it in the basket
[convert] file=pick_up_the_ketchup_and_place_it_in_the_basket_demo.hdf5 episode=demo_48 frames=144 task=pick up the ketchup and place it in the basket
[convert] file=pick_up_the_ketchup_and_place_it_in_the_basket_demo.hdf5 episode=demo_49 frames=157 task=pick up the ketchup and place it in the basket
[convert] file=pick_up_the_ketchup_and_place_it_in_the_basket_demo.hdf5 episode=demo_5 frames=194 task=pick up the ketchup and place it in the basket
[convert] file=pick_up_the_ketchup_and_place_it_in_the_basket_demo.hdf5 episode=demo_6 frames=150 task=pick up the ketchup and place it in the basket
[convert] file=pick_up_the_ketchup_and_place_it_in_the_basket_demo.hdf5 episode=demo_7 frames=151 task=pick up the ketchup and place it in the basket
[convert] file=pick_up_the_ketchup_and_place_it_in_the_basket_demo.hdf5 episode=demo_8 frames=148 task=pick up the ketchup and place it in the basket
[convert] file=pick_up_the_ketchup_and_place_it_in_the_basket_demo.hdf5 episode=demo_9 frames=149 task=pick up the ketchup and place it in the basket
[convert] completed repo_id=glbreeze/libero_object_tmp_shards/original/shard_005 mode=original_only files=1 episodes=50 frames=8056
Shard conversion completed successfully.
