===== HDF5 SHARD CONVERSION ENV CHECK =====
repo root: /scratch/yp2841/geometry-vla/openpi_cam
raw hdf5 root: /scratch/yp2841/geometry-vla/libero_object_camera_left_roll11
mode: all_views
repo id: glbreeze/libero_object_cam_train_o00_02_03_05_06_09_10_tmp_shards/shard_008
shard index: 8
num shards: 12
include camera labels: original+camvar_00+camvar_02+camvar_03+camvar_05+camvar_06+camvar_09+camvar_10
exclude camera labels: <none>
image writer threads: 4
image writer processes: 2
stage files to local: true
hf lerobot home: /scratch/yp2841/geometry-vla
/scratch/yp2841/geometry-vla/openpi_cam/.venv/bin/python
Python 3.11.14
cs693.hpc.nyu.edu
[convert] staged_files_root=/state/partition1/job-5248846/openpi_cam_convert_shard_5248846_8/tmp/libero_hdf5_stage/shard_008
[convert] repo_id=glbreeze/libero_object_cam_train_o00_02_03_05_06_09_10_tmp_shards/shard_008 mode=all_views shard_index=8/12 selected_files=6 include_camera_labels=['camvar_00', 'camvar_02', 'camvar_03', 'camvar_05', 'camvar_06', 'camvar_09', 'camvar_10', 'original'] exclude_camera_labels=None
[convert] file=pick_up_the_bbq_sauce_and_place_it_in_the_basket_demo.hdf5 episode=demo_0 frames=134 task=pick up the bbq sauce and place it in the basket
[convert] file=pick_up_the_bbq_sauce_and_place_it_in_the_basket_demo.hdf5 episode=demo_1 frames=179 task=pick up the bbq sauce and place it in the basket
[convert] file=pick_up_the_bbq_sauce_and_place_it_in_the_basket_demo.hdf5 episode=demo_10 frames=130 task=pick up the bbq sauce and place it in the basket
[convert] file=pick_up_the_bbq_sauce_and_place_it_in_the_basket_demo.hdf5 episode=demo_11 frames=149 task=pick up the bbq sauce and place it in the basket
[convert] file=pick_up_the_bbq_sauce_and_place_it_in_the_basket_demo.hdf5 episode=demo_12 frames=126 task=pick up the bbq sauce and place it in the basket
[convert] file=pick_up_the_bbq_sauce_and_place_it_in_the_basket_demo.hdf5 episode=demo_13 frames=222 task=pick up the bbq sauce and place it in the basket
[convert] file=pick_up_the_bbq_sauce_and_place_it_in_the_basket_demo.hdf5 episode=demo_14 frames=125 task=pick up the bbq sauce and place it in the basket
[convert] file=pick_up_the_bbq_sauce_and_place_it_in_the_basket_demo.hdf5 episode=demo_15 frames=135 task=pick up the bbq sauce and place it in the basket
[convert] file=pick_up_the_bbq_sauce_and_place_it_in_the_basket_demo.hdf5 episode=demo_16 frames=140 task=pick up the bbq sauce and place it in the basket
[convert] file=pick_up_the_bbq_sauce_and_place_it_in_the_basket_demo.hdf5 episode=demo_17 frames=123 task=pick up the bbq sauce and place it in the basket
[convert] file=pick_up_the_bbq_sauce_and_place_it_in_the_basket_demo.hdf5 episode=demo_18 frames=139 task=pick up the bbq sauce and place it in the basket
[convert] file=pick_up_the_bbq_sauce_and_place_it_in_the_basket_demo.hdf5 episode=demo_19 frames=132 task=pick up the bbq sauce and place it in the basket
[convert] file=pick_up_the_bbq_sauce_and_place_it_in_the_basket_demo.hdf5 episode=demo_2 frames=172 task=pick up the bbq sauce and place it in the basket
[convert] file=pick_up_the_bbq_sauce_and_place_it_in_the_basket_demo.hdf5 episode=demo_20 frames=124 task=pick up the bbq sauce and place it in the basket
[convert] file=pick_up_the_bbq_sauce_and_place_it_in_the_basket_demo.hdf5 episode=demo_21 frames=135 task=pick up the bbq sauce and place it in the basket
[convert] file=pick_up_the_bbq_sauce_and_place_it_in_the_basket_demo.hdf5 episode=demo_22 frames=132 task=pick up the bbq sauce and place it in the basket
[convert] file=pick_up_the_bbq_sauce_and_place_it_in_the_basket_demo.hdf5 episode=demo_23 frames=135 task=pick up the bbq sauce and place it in the basket
[convert] file=pick_up_the_bbq_sauce_and_place_it_in_the_basket_demo.hdf5 episode=demo_24 frames=135 task=pick up the bbq sauce and place it in the basket
[convert] file=pick_up_the_bbq_sauce_and_place_it_in_the_basket_demo.hdf5 episode=demo_25 frames=166 task=pick up the bbq sauce and place it in the basket
[convert] file=pick_up_the_bbq_sauce_and_place_it_in_the_basket_demo.hdf5 episode=demo_26 frames=171 task=pick up the bbq sauce and place it in the basket
[convert] file=pick_up_the_bbq_sauce_and_place_it_in_the_basket_demo.hdf5 episode=demo_27 frames=168 task=pick up the bbq sauce and place it in the basket
[convert] file=pick_up_the_bbq_sauce_and_place_it_in_the_basket_demo.hdf5 episode=demo_28 frames=127 task=pick up the bbq sauce and place it in the basket
[convert] file=pick_up_the_bbq_sauce_and_place_it_in_the_basket_demo.hdf5 episode=demo_29 frames=141 task=pick up the bbq sauce and place it in the basket
[convert] file=pick_up_the_bbq_sauce_and_place_it_in_the_basket_demo.hdf5 episode=demo_3 frames=136 task=pick up the bbq sauce and place it in the basket
[convert] file=pick_up_the_bbq_sauce_and_place_it_in_the_basket_demo.hdf5 episode=demo_30 frames=189 task=pick up the bbq sauce and place it in the basket
[convert] file=pick_up_the_bbq_sauce_and_place_it_in_the_basket_demo.hdf5 episode=demo_31 frames=162 task=pick up the bbq sauce and place it in the basket
[convert] file=pick_up_the_bbq_sauce_and_place_it_in_the_basket_demo.hdf5 episode=demo_32 frames=131 task=pick up the bbq sauce and place it in the basket
[convert] file=pick_up_the_bbq_sauce_and_place_it_in_the_basket_demo.hdf5 episode=demo_33 frames=134 task=pick up the bbq sauce and place it in the basket
[convert] file=pick_up_the_bbq_sauce_and_place_it_in_the_basket_demo.hdf5 episode=demo_34 frames=134 task=pick up the bbq sauce and place it in the basket
[convert] file=pick_up_the_bbq_sauce_and_place_it_in_the_basket_demo.hdf5 episode=demo_35 frames=162 task=pick up the bbq sauce and place it in the basket
[convert] file=pick_up_the_bbq_sauce_and_place_it_in_the_basket_demo.hdf5 episode=demo_36 frames=131 task=pick up the bbq sauce and place it in the basket
[convert] file=pick_up_the_bbq_sauce_and_place_it_in_the_basket_demo.hdf5 episode=demo_37 frames=132 task=pick up the bbq sauce and place it in the basket
[convert] file=pick_up_the_bbq_sauce_and_place_it_in_the_basket_demo.hdf5 episode=demo_38 frames=139 task=pick up the bbq sauce and place it in the basket
[convert] file=pick_up_the_bbq_sauce_and_place_it_in_the_basket_demo.hdf5 episode=demo_39 frames=141 task=pick up the bbq sauce and place it in the basket
[convert] file=pick_up_the_bbq_sauce_and_place_it_in_the_basket_demo.hdf5 episode=demo_4 frames=166 task=pick up the bbq sauce and place it in the basket
[convert] file=pick_up_the_bbq_sauce_and_place_it_in_the_basket_demo.hdf5 episode=demo_40 frames=149 task=pick up the bbq sauce and place it in the basket
[convert] file=pick_up_the_bbq_sauce_and_place_it_in_the_basket_demo.hdf5 episode=demo_41 frames=129 task=pick up the bbq sauce and place it in the basket
[convert] file=pick_up_the_bbq_sauce_and_place_it_in_the_basket_demo.hdf5 episode=demo_42 frames=174 task=pick up the bbq sauce and place it in the basket
[convert] file=pick_up_the_bbq_sauce_and_place_it_in_the_basket_demo.hdf5 episode=demo_43 frames=177 task=pick up the bbq sauce and place it in the basket
[convert] file=pick_up_the_bbq_sauce_and_place_it_in_the_basket_demo.hdf5 episode=demo_44 frames=135 task=pick up the bbq sauce and place it in the basket
[convert] file=pick_up_the_bbq_sauce_and_place_it_in_the_basket_demo.hdf5 episode=demo_45 frames=161 task=pick up the bbq sauce and place it in the basket
[convert] file=pick_up_the_bbq_sauce_and_place_it_in_the_basket_demo.hdf5 episode=demo_46 frames=129 task=pick up the bbq sauce and place it in the basket
[convert] file=pick_up_the_bbq_sauce_and_place_it_in_the_basket_demo.hdf5 episode=demo_47 frames=149 task=pick up the bbq sauce and place it in the basket
[convert] file=pick_up_the_bbq_sauce_and_place_it_in_the_basket_demo.hdf5 episode=demo_48 frames=174 task=pick up the bbq sauce and place it in the basket
[convert] file=pick_up_the_bbq_sauce_and_place_it_in_the_basket_demo.hdf5 episode=demo_49 frames=142 task=pick up the bbq sauce and place it in the basket
[convert] file=pick_up_the_bbq_sauce_and_place_it_in_the_basket_demo.hdf5 episode=demo_5 frames=132 task=pick up the bbq sauce and place it in the basket
[convert] file=pick_up_the_bbq_sauce_and_place_it_in_the_basket_demo.hdf5 episode=demo_6 frames=128 task=pick up the bbq sauce and place it in the basket
[convert] file=pick_up_the_bbq_sauce_and_place_it_in_the_basket_demo.hdf5 episode=demo_7 frames=160 task=pick up the bbq sauce and place it in the basket
[convert] file=pick_up_the_bbq_sauce_and_place_it_in_the_basket_demo.hdf5 episode=demo_8 frames=162 task=pick up the bbq sauce and place it in the basket
[convert] file=pick_up_the_bbq_sauce_and_place_it_in_the_basket_demo.hdf5 episode=demo_9 frames=150 task=pick up the bbq sauce and place it in the basket
[convert] file=pick_up_the_butter_and_place_it_in_the_basket_demo_camvar_05_t7b41ae.hdf5 episode=demo_0 frames=164 task=pick up the butter and place it in the basket
[convert] file=pick_up_the_butter_and_place_it_in_the_basket_demo_camvar_05_t7b41ae.hdf5 episode=demo_1 frames=144 task=pick up the butter and place it in the basket
[convert] file=pick_up_the_butter_and_place_it_in_the_basket_demo_camvar_05_t7b41ae.hdf5 episode=demo_10 frames=139 task=pick up the butter and place it in the basket
[convert] file=pick_up_the_butter_and_place_it_in_the_basket_demo_camvar_05_t7b41ae.hdf5 episode=demo_11 frames=144 task=pick up the butter and place it in the basket
[convert] file=pick_up_the_butter_and_place_it_in_the_basket_demo_camvar_05_t7b41ae.hdf5 episode=demo_12 frames=154 task=pick up the butter and place it in the basket
[convert] file=pick_up_the_butter_and_place_it_in_the_basket_demo_camvar_05_t7b41ae.hdf5 episode=demo_13 frames=141 task=pick up the butter and place it in the basket
[convert] file=pick_up_the_butter_and_place_it_in_the_basket_demo_camvar_05_t7b41ae.hdf5 episode=demo_14 frames=157 task=pick up the butter and place it in the basket
[convert] file=pick_up_the_butter_and_place_it_in_the_basket_demo_camvar_05_t7b41ae.hdf5 episode=demo_15 frames=148 task=pick up the butter and place it in the basket
[convert] file=pick_up_the_butter_and_place_it_in_the_basket_demo_camvar_05_t7b41ae.hdf5 episode=demo_16 frames=153 task=pick up the butter and place it in the basket
[convert] file=pick_up_the_butter_and_place_it_in_the_basket_demo_camvar_05_t7b41ae.hdf5 episode=demo_17 frames=145 task=pick up the butter and place it in the basket
[convert] file=pick_up_the_butter_and_place_it_in_the_basket_demo_camvar_05_t7b41ae.hdf5 episode=demo_18 frames=172 task=pick up the butter and place it in the basket
[convert] file=pick_up_the_butter_and_place_it_in_the_basket_demo_camvar_05_t7b41ae.hdf5 episode=demo_19 frames=151 task=pick up the butter and place it in the basket
[convert] file=pick_up_the_butter_and_place_it_in_the_basket_demo_camvar_05_t7b41ae.hdf5 episode=demo_2 frames=147 task=pick up the butter and place it in the basket
[convert] file=pick_up_the_butter_and_place_it_in_the_basket_demo_camvar_05_t7b41ae.hdf5 episode=demo_20 frames=144 task=pick up the butter and place it in the basket
[convert] file=pick_up_the_butter_and_place_it_in_the_basket_demo_camvar_05_t7b41ae.hdf5 episode=demo_21 frames=146 task=pick up the butter and place it in the basket
[convert] file=pick_up_the_butter_and_place_it_in_the_basket_demo_camvar_05_t7b41ae.hdf5 episode=demo_22 frames=159 task=pick up the butter and place it in the basket
[convert] file=pick_up_the_butter_and_place_it_in_the_basket_demo_camvar_05_t7b41ae.hdf5 episode=demo_23 frames=149 task=pick up the butter and place it in the basket
[convert] file=pick_up_the_butter_and_place_it_in_the_basket_demo_camvar_05_t7b41ae.hdf5 episode=demo_24 frames=157 task=pick up the butter and place it in the basket
[convert] file=pick_up_the_butter_and_place_it_in_the_basket_demo_camvar_05_t7b41ae.hdf5 episode=demo_25 frames=159 task=pick up the butter and place it in the basket
[convert] file=pick_up_the_butter_and_place_it_in_the_basket_demo_camvar_05_t7b41ae.hdf5 episode=demo_26 frames=147 task=pick up the butter and place it in the basket
[convert] file=pick_up_the_butter_and_place_it_in_the_basket_demo_camvar_05_t7b41ae.hdf5 episode=demo_27 frames=139 task=pick up the butter and place it in the basket
[convert] file=pick_up_the_butter_and_place_it_in_the_basket_demo_camvar_05_t7b41ae.hdf5 episode=demo_28 frames=159 task=pick up the butter and place it in the basket
[convert] file=pick_up_the_butter_and_place_it_in_the_basket_demo_camvar_05_t7b41ae.hdf5 episode=demo_29 frames=170 task=pick up the butter and place it in the basket
[convert] file=pick_up_the_butter_and_place_it_in_the_basket_demo_camvar_05_t7b41ae.hdf5 episode=demo_3 frames=166 task=pick up the butter and place it in the basket
[convert] file=pick_up_the_butter_and_place_it_in_the_basket_demo_camvar_05_t7b41ae.hdf5 episode=demo_30 frames=146 task=pick up the butter and place it in the basket
[convert] file=pick_up_the_butter_and_place_it_in_the_basket_demo_camvar_05_t7b41ae.hdf5 episode=demo_31 frames=153 task=pick up the butter and place it in the basket
[convert] file=pick_up_the_butter_and_place_it_in_the_basket_demo_camvar_05_t7b41ae.hdf5 episode=demo_32 frames=159 task=pick up the butter and place it in the basket
[convert] file=pick_up_the_butter_and_place_it_in_the_basket_demo_camvar_05_t7b41ae.hdf5 episode=demo_33 frames=160 task=pick up the butter and place it in the basket
[convert] file=pick_up_the_butter_and_place_it_in_the_basket_demo_camvar_05_t7b41ae.hdf5 episode=demo_34 frames=173 task=pick up the butter and place it in the basket
[convert] file=pick_up_the_butter_and_place_it_in_the_basket_demo_camvar_05_t7b41ae.hdf5 episode=demo_35 frames=150 task=pick up the butter and place it in the basket
[convert] file=pick_up_the_butter_and_place_it_in_the_basket_demo_camvar_05_t7b41ae.hdf5 episode=demo_36 frames=151 task=pick up the butter and place it in the basket
[convert] file=pick_up_the_butter_and_place_it_in_the_basket_demo_camvar_05_t7b41ae.hdf5 episode=demo_37 frames=148 task=pick up the butter and place it in the basket
[convert] file=pick_up_the_butter_and_place_it_in_the_basket_demo_camvar_05_t7b41ae.hdf5 episode=demo_38 frames=141 task=pick up the butter and place it in the basket
[convert] file=pick_up_the_butter_and_place_it_in_the_basket_demo_camvar_05_t7b41ae.hdf5 episode=demo_39 frames=147 task=pick up the butter and place it in the basket
[convert] file=pick_up_the_butter_and_place_it_in_the_basket_demo_camvar_05_t7b41ae.hdf5 episode=demo_4 frames=149 task=pick up the butter and place it in the basket
[convert] file=pick_up_the_butter_and_place_it_in_the_basket_demo_camvar_05_t7b41ae.hdf5 episode=demo_40 frames=202 task=pick up the butter and place it in the basket
[convert] file=pick_up_the_butter_and_place_it_in_the_basket_demo_camvar_05_t7b41ae.hdf5 episode=demo_41 frames=152 task=pick up the butter and place it in the basket
[convert] file=pick_up_the_butter_and_place_it_in_the_basket_demo_camvar_05_t7b41ae.hdf5 episode=demo_42 frames=150 task=pick up the butter and place it in the basket
[convert] file=pick_up_the_butter_and_place_it_in_the_basket_demo_camvar_05_t7b41ae.hdf5 episode=demo_43 frames=141 task=pick up the butter and place it in the basket
[convert] file=pick_up_the_butter_and_place_it_in_the_basket_demo_camvar_05_t7b41ae.hdf5 episode=demo_44 frames=146 task=pick up the butter and place it in the basket
[convert] file=pick_up_the_butter_and_place_it_in_the_basket_demo_camvar_05_t7b41ae.hdf5 episode=demo_45 frames=141 task=pick up the butter and place it in the basket
[convert] file=pick_up_the_butter_and_place_it_in_the_basket_demo_camvar_05_t7b41ae.hdf5 episode=demo_46 frames=143 task=pick up the butter and place it in the basket
[convert] file=pick_up_the_butter_and_place_it_in_the_basket_demo_camvar_05_t7b41ae.hdf5 episode=demo_47 frames=149 task=pick up the butter and place it in the basket
[convert] file=pick_up_the_butter_and_place_it_in_the_basket_demo_camvar_05_t7b41ae.hdf5 episode=demo_48 frames=145 task=pick up the butter and place it in the basket
[convert] file=pick_up_the_butter_and_place_it_in_the_basket_demo_camvar_05_t7b41ae.hdf5 episode=demo_49 frames=150 task=pick up the butter and place it in the basket
[convert] file=pick_up_the_butter_and_place_it_in_the_basket_demo_camvar_05_t7b41ae.hdf5 episode=demo_5 frames=144 task=pick up the butter and place it in the basket
[convert] file=pick_up_the_butter_and_place_it_in_the_basket_demo_camvar_05_t7b41ae.hdf5 episode=demo_6 frames=149 task=pick up the butter and place it in the basket
[convert] file=pick_up_the_butter_and_place_it_in_the_basket_demo_camvar_05_t7b41ae.hdf5 episode=demo_7 frames=168 task=pick up the butter and place it in the basket
[convert] file=pick_up_the_butter_and_place_it_in_the_basket_demo_camvar_05_t7b41ae.hdf5 episode=demo_8 frames=142 task=pick up the butter and place it in the basket
[convert] file=pick_up_the_butter_and_place_it_in_the_basket_demo_camvar_05_t7b41ae.hdf5 episode=demo_9 frames=162 task=pick up the butter and place it in the basket
[convert] file=pick_up_the_cream_cheese_and_place_it_in_the_basket_demo.hdf5 episode=demo_0 frames=139 task=pick up the cream cheese and place it in the basket
[convert] file=pick_up_the_cream_cheese_and_place_it_in_the_basket_demo.hdf5 episode=demo_1 frames=187 task=pick up the cream cheese and place it in the basket
[convert] file=pick_up_the_cream_cheese_and_place_it_in_the_basket_demo.hdf5 episode=demo_10 frames=132 task=pick up the cream cheese and place it in the basket
[convert] file=pick_up_the_cream_cheese_and_place_it_in_the_basket_demo.hdf5 episode=demo_11 frames=162 task=pick up the cream cheese and place it in the basket
[convert] file=pick_up_the_cream_cheese_and_place_it_in_the_basket_demo.hdf5 episode=demo_12 frames=133 task=pick up the cream cheese and place it in the basket
[convert] file=pick_up_the_cream_cheese_and_place_it_in_the_basket_demo.hdf5 episode=demo_13 frames=142 task=pick up the cream cheese and place it in the basket
[convert] file=pick_up_the_cream_cheese_and_place_it_in_the_basket_demo.hdf5 episode=demo_14 frames=157 task=pick up the cream cheese and place it in the basket
[convert] file=pick_up_the_cream_cheese_and_place_it_in_the_basket_demo.hdf5 episode=demo_15 frames=130 task=pick up the cream cheese and place it in the basket
[convert] file=pick_up_the_cream_cheese_and_place_it_in_the_basket_demo.hdf5 episode=demo_16 frames=119 task=pick up the cream cheese and place it in the basket
[convert] file=pick_up_the_cream_cheese_and_place_it_in_the_basket_demo.hdf5 episode=demo_17 frames=144 task=pick up the cream cheese and place it in the basket
[convert] file=pick_up_the_cream_cheese_and_place_it_in_the_basket_demo.hdf5 episode=demo_18 frames=177 task=pick up the cream cheese and place it in the basket
[convert] file=pick_up_the_cream_cheese_and_place_it_in_the_basket_demo.hdf5 episode=demo_19 frames=127 task=pick up the cream cheese and place it in the basket
[convert] file=pick_up_the_cream_cheese_and_place_it_in_the_basket_demo.hdf5 episode=demo_2 frames=125 task=pick up the cream cheese and place it in the basket
[convert] file=pick_up_the_cream_cheese_and_place_it_in_the_basket_demo.hdf5 episode=demo_20 frames=123 task=pick up the cream cheese and place it in the basket
[convert] file=pick_up_the_cream_cheese_and_place_it_in_the_basket_demo.hdf5 episode=demo_21 frames=147 task=pick up the cream cheese and place it in the basket
[convert] file=pick_up_the_cream_cheese_and_place_it_in_the_basket_demo.hdf5 episode=demo_22 frames=125 task=pick up the cream cheese and place it in the basket
[convert] file=pick_up_the_cream_cheese_and_place_it_in_the_basket_demo.hdf5 episode=demo_23 frames=140 task=pick up the cream cheese and place it in the basket
[convert] file=pick_up_the_cream_cheese_and_place_it_in_the_basket_demo.hdf5 episode=demo_24 frames=127 task=pick up the cream cheese and place it in the basket
[convert] file=pick_up_the_cream_cheese_and_place_it_in_the_basket_demo.hdf5 episode=demo_25 frames=131 task=pick up the cream cheese and place it in the basket
[convert] file=pick_up_the_cream_cheese_and_place_it_in_the_basket_demo.hdf5 episode=demo_26 frames=138 task=pick up the cream cheese and place it in the basket
[convert] file=pick_up_the_cream_cheese_and_place_it_in_the_basket_demo.hdf5 episode=demo_27 frames=121 task=pick up the cream cheese and place it in the basket
[convert] file=pick_up_the_cream_cheese_and_place_it_in_the_basket_demo.hdf5 episode=demo_28 frames=140 task=pick up the cream cheese and place it in the basket
[convert] file=pick_up_the_cream_cheese_and_place_it_in_the_basket_demo.hdf5 episode=demo_29 frames=178 task=pick up the cream cheese and place it in the basket
[convert] file=pick_up_the_cream_cheese_and_place_it_in_the_basket_demo.hdf5 episode=demo_3 frames=133 task=pick up the cream cheese and place it in the basket
[convert] file=pick_up_the_cream_cheese_and_place_it_in_the_basket_demo.hdf5 episode=demo_30 frames=171 task=pick up the cream cheese and place it in the basket
[convert] file=pick_up_the_cream_cheese_and_place_it_in_the_basket_demo.hdf5 episode=demo_31 frames=151 task=pick up the cream cheese and place it in the basket
[convert] file=pick_up_the_cream_cheese_and_place_it_in_the_basket_demo.hdf5 episode=demo_32 frames=172 task=pick up the cream cheese and place it in the basket
[convert] file=pick_up_the_cream_cheese_and_place_it_in_the_basket_demo.hdf5 episode=demo_33 frames=145 task=pick up the cream cheese and place it in the basket
[convert] file=pick_up_the_cream_cheese_and_place_it_in_the_basket_demo.hdf5 episode=demo_34 frames=127 task=pick up the cream cheese and place it in the basket
[convert] file=pick_up_the_cream_cheese_and_place_it_in_the_basket_demo.hdf5 episode=demo_35 frames=139 task=pick up the cream cheese and place it in the basket
[convert] file=pick_up_the_cream_cheese_and_place_it_in_the_basket_demo.hdf5 episode=demo_36 frames=141 task=pick up the cream cheese and place it in the basket
[convert] file=pick_up_the_cream_cheese_and_place_it_in_the_basket_demo.hdf5 episode=demo_37 frames=135 task=pick up the cream cheese and place it in the basket
[convert] file=pick_up_the_cream_cheese_and_place_it_in_the_basket_demo.hdf5 episode=demo_38 frames=130 task=pick up the cream cheese and place it in the basket
[convert] file=pick_up_the_cream_cheese_and_place_it_in_the_basket_demo.hdf5 episode=demo_39 frames=164 task=pick up the cream cheese and place it in the basket
[convert] file=pick_up_the_cream_cheese_and_place_it_in_the_basket_demo.hdf5 episode=demo_4 frames=127 task=pick up the cream cheese and place it in the basket
[convert] file=pick_up_the_cream_cheese_and_place_it_in_the_basket_demo.hdf5 episode=demo_40 frames=151 task=pick up the cream cheese and place it in the basket
[convert] file=pick_up_the_cream_cheese_and_place_it_in_the_basket_demo.hdf5 episode=demo_41 frames=136 task=pick up the cream cheese and place it in the basket
[convert] file=pick_up_the_cream_cheese_and_place_it_in_the_basket_demo.hdf5 episode=demo_42 frames=139 task=pick up the cream cheese and place it in the basket
[convert] file=pick_up_the_cream_cheese_and_place_it_in_the_basket_demo.hdf5 episode=demo_43 frames=142 task=pick up the cream cheese and place it in the basket
[convert] file=pick_up_the_cream_cheese_and_place_it_in_the_basket_demo.hdf5 episode=demo_44 frames=137 task=pick up the cream cheese and place it in the basket
[convert] file=pick_up_the_cream_cheese_and_place_it_in_the_basket_demo.hdf5 episode=demo_45 frames=163 task=pick up the cream cheese and place it in the basket
[convert] file=pick_up_the_cream_cheese_and_place_it_in_the_basket_demo.hdf5 episode=demo_46 frames=135 task=pick up the cream cheese and place it in the basket
[convert] file=pick_up_the_cream_cheese_and_place_it_in_the_basket_demo.hdf5 episode=demo_47 frames=156 task=pick up the cream cheese and place it in the basket
[convert] file=pick_up_the_cream_cheese_and_place_it_in_the_basket_demo.hdf5 episode=demo_48 frames=137 task=pick up the cream cheese and place it in the basket
[convert] file=pick_up_the_cream_cheese_and_place_it_in_the_basket_demo.hdf5 episode=demo_49 frames=128 task=pick up the cream cheese and place it in the basket
[convert] file=pick_up_the_cream_cheese_and_place_it_in_the_basket_demo.hdf5 episode=demo_5 frames=156 task=pick up the cream cheese and place it in the basket
[convert] file=pick_up_the_cream_cheese_and_place_it_in_the_basket_demo.hdf5 episode=demo_6 frames=168 task=pick up the cream cheese and place it in the basket
[convert] file=pick_up_the_cream_cheese_and_place_it_in_the_basket_demo.hdf5 episode=demo_7 frames=141 task=pick up the cream cheese and place it in the basket
[convert] file=pick_up_the_cream_cheese_and_place_it_in_the_basket_demo.hdf5 episode=demo_8 frames=176 task=pick up the cream cheese and place it in the basket
[convert] file=pick_up_the_cream_cheese_and_place_it_in_the_basket_demo.hdf5 episode=demo_9 frames=150 task=pick up the cream cheese and place it in the basket
[convert] file=pick_up_the_ketchup_and_place_it_in_the_basket_demo_camvar_05_t1a391a.hdf5 episode=demo_0 frames=243 task=pick up the ketchup and place it in the basket
[convert] file=pick_up_the_ketchup_and_place_it_in_the_basket_demo_camvar_05_t1a391a.hdf5 episode=demo_1 frames=150 task=pick up the ketchup and place it in the basket
[convert] file=pick_up_the_ketchup_and_place_it_in_the_basket_demo_camvar_05_t1a391a.hdf5 episode=demo_10 frames=174 task=pick up the ketchup and place it in the basket
[convert] file=pick_up_the_ketchup_and_place_it_in_the_basket_demo_camvar_05_t1a391a.hdf5 episode=demo_11 frames=151 task=pick up the ketchup and place it in the basket
[convert] file=pick_up_the_ketchup_and_place_it_in_the_basket_demo_camvar_05_t1a391a.hdf5 episode=demo_12 frames=132 task=pick up the ketchup and place it in the basket
[convert] file=pick_up_the_ketchup_and_place_it_in_the_basket_demo_camvar_05_t1a391a.hdf5 episode=demo_13 frames=234 task=pick up the ketchup and place it in the basket
[convert] file=pick_up_the_ketchup_and_place_it_in_the_basket_demo_camvar_05_t1a391a.hdf5 episode=demo_14 frames=136 task=pick up the ketchup and place it in the basket
[convert] file=pick_up_the_ketchup_and_place_it_in_the_basket_demo_camvar_05_t1a391a.hdf5 episode=demo_15 frames=137 task=pick up the ketchup and place it in the basket
[convert] file=pick_up_the_ketchup_and_place_it_in_the_basket_demo_camvar_05_t1a391a.hdf5 episode=demo_16 frames=131 task=pick up the ketchup and place it in the basket
[convert] file=pick_up_the_ketchup_and_place_it_in_the_basket_demo_camvar_05_t1a391a.hdf5 episode=demo_17 frames=147 task=pick up the ketchup and place it in the basket
[convert] file=pick_up_the_ketchup_and_place_it_in_the_basket_demo_camvar_05_t1a391a.hdf5 episode=demo_18 frames=145 task=pick up the ketchup and place it in the basket
[convert] file=pick_up_the_ketchup_and_place_it_in_the_basket_demo_camvar_05_t1a391a.hdf5 episode=demo_19 frames=143 task=pick up the ketchup and place it in the basket
[convert] file=pick_up_the_ketchup_and_place_it_in_the_basket_demo_camvar_05_t1a391a.hdf5 episode=demo_2 frames=155 task=pick up the ketchup and place it in the basket
[convert] file=pick_up_the_ketchup_and_place_it_in_the_basket_demo_camvar_05_t1a391a.hdf5 episode=demo_20 frames=147 task=pick up the ketchup and place it in the basket
[convert] file=pick_up_the_ketchup_and_place_it_in_the_basket_demo_camvar_05_t1a391a.hdf5 episode=demo_21 frames=130 task=pick up the ketchup and place it in the basket
[convert] file=pick_up_the_ketchup_and_place_it_in_the_basket_demo_camvar_05_t1a391a.hdf5 episode=demo_22 frames=194 task=pick up the ketchup and place it in the basket
[convert] file=pick_up_the_ketchup_and_place_it_in_the_basket_demo_camvar_05_t1a391a.hdf5 episode=demo_23 frames=131 task=pick up the ketchup and place it in the basket
[convert] file=pick_up_the_ketchup_and_place_it_in_the_basket_demo_camvar_05_t1a391a.hdf5 episode=demo_24 frames=154 task=pick up the ketchup and place it in the basket
[convert] file=pick_up_the_ketchup_and_place_it_in_the_basket_demo_camvar_05_t1a391a.hdf5 episode=demo_25 frames=214 task=pick up the ketchup and place it in the basket
[convert] file=pick_up_the_ketchup_and_place_it_in_the_basket_demo_camvar_05_t1a391a.hdf5 episode=demo_26 frames=154 task=pick up the ketchup and place it in the basket
[convert] file=pick_up_the_ketchup_and_place_it_in_the_basket_demo_camvar_05_t1a391a.hdf5 episode=demo_27 frames=157 task=pick up the ketchup and place it in the basket
[convert] file=pick_up_the_ketchup_and_place_it_in_the_basket_demo_camvar_05_t1a391a.hdf5 episode=demo_28 frames=153 task=pick up the ketchup and place it in the basket
[convert] file=pick_up_the_ketchup_and_place_it_in_the_basket_demo_camvar_05_t1a391a.hdf5 episode=demo_29 frames=151 task=pick up the ketchup and place it in the basket
[convert] file=pick_up_the_ketchup_and_place_it_in_the_basket_demo_camvar_05_t1a391a.hdf5 episode=demo_3 frames=143 task=pick up the ketchup and place it in the basket
[convert] file=pick_up_the_ketchup_and_place_it_in_the_basket_demo_camvar_05_t1a391a.hdf5 episode=demo_30 frames=136 task=pick up the ketchup and place it in the basket
[convert] file=pick_up_the_ketchup_and_place_it_in_the_basket_demo_camvar_05_t1a391a.hdf5 episode=demo_31 frames=154 task=pick up the ketchup and place it in the basket
[convert] file=pick_up_the_ketchup_and_place_it_in_the_basket_demo_camvar_05_t1a391a.hdf5 episode=demo_32 frames=137 task=pick up the ketchup and place it in the basket
[convert] file=pick_up_the_ketchup_and_place_it_in_the_basket_demo_camvar_05_t1a391a.hdf5 episode=demo_33 frames=141 task=pick up the ketchup and place it in the basket
[convert] file=pick_up_the_ketchup_and_place_it_in_the_basket_demo_camvar_05_t1a391a.hdf5 episode=demo_34 frames=142 task=pick up the ketchup and place it in the basket
[convert] file=pick_up_the_ketchup_and_place_it_in_the_basket_demo_camvar_05_t1a391a.hdf5 episode=demo_35 frames=159 task=pick up the ketchup and place it in the basket
[convert] file=pick_up_the_ketchup_and_place_it_in_the_basket_demo_camvar_05_t1a391a.hdf5 episode=demo_36 frames=155 task=pick up the ketchup and place it in the basket
[convert] file=pick_up_the_ketchup_and_place_it_in_the_basket_demo_camvar_05_t1a391a.hdf5 episode=demo_37 frames=136 task=pick up the ketchup and place it in the basket
[convert] file=pick_up_the_ketchup_and_place_it_in_the_basket_demo_camvar_05_t1a391a.hdf5 episode=demo_38 frames=143 task=pick up the ketchup and place it in the basket
[convert] file=pick_up_the_ketchup_and_place_it_in_the_basket_demo_camvar_05_t1a391a.hdf5 episode=demo_39 frames=137 task=pick up the ketchup and place it in the basket
[convert] file=pick_up_the_ketchup_and_place_it_in_the_basket_demo_camvar_05_t1a391a.hdf5 episode=demo_4 frames=157 task=pick up the ketchup and place it in the basket
[convert] file=pick_up_the_ketchup_and_place_it_in_the_basket_demo_camvar_05_t1a391a.hdf5 episode=demo_40 frames=155 task=pick up the ketchup and place it in the basket
[convert] file=pick_up_the_ketchup_and_place_it_in_the_basket_demo_camvar_05_t1a391a.hdf5 episode=demo_41 frames=246 task=pick up the ketchup and place it in the basket
[convert] file=pick_up_the_ketchup_and_place_it_in_the_basket_demo_camvar_05_t1a391a.hdf5 episode=demo_42 frames=158 task=pick up the ketchup and place it in the basket
[convert] file=pick_up_the_ketchup_and_place_it_in_the_basket_demo_camvar_05_t1a391a.hdf5 episode=demo_43 frames=139 task=pick up the ketchup and place it in the basket
[convert] file=pick_up_the_ketchup_and_place_it_in_the_basket_demo_camvar_05_t1a391a.hdf5 episode=demo_44 frames=152 task=pick up the ketchup and place it in the basket
[convert] file=pick_up_the_ketchup_and_place_it_in_the_basket_demo_camvar_05_t1a391a.hdf5 episode=demo_45 frames=189 task=pick up the ketchup and place it in the basket
[convert] file=pick_up_the_ketchup_and_place_it_in_the_basket_demo_camvar_05_t1a391a.hdf5 episode=demo_46 frames=145 task=pick up the ketchup and place it in the basket
[convert] file=pick_up_the_ketchup_and_place_it_in_the_basket_demo_camvar_05_t1a391a.hdf5 episode=demo_47 frames=146 task=pick up the ketchup and place it in the basket
[convert] file=pick_up_the_ketchup_and_place_it_in_the_basket_demo_camvar_05_t1a391a.hdf5 episode=demo_48 frames=143 task=pick up the ketchup and place it in the basket
[convert] file=pick_up_the_ketchup_and_place_it_in_the_basket_demo_camvar_05_t1a391a.hdf5 episode=demo_49 frames=144 task=pick up the ketchup and place it in the basket
[convert] file=pick_up_the_ketchup_and_place_it_in_the_basket_demo_camvar_05_t1a391a.hdf5 episode=demo_5 frames=145 task=pick up the ketchup and place it in the basket
[convert] file=pick_up_the_ketchup_and_place_it_in_the_basket_demo_camvar_05_t1a391a.hdf5 episode=demo_6 frames=136 task=pick up the ketchup and place it in the basket
[convert] file=pick_up_the_ketchup_and_place_it_in_the_basket_demo_camvar_05_t1a391a.hdf5 episode=demo_7 frames=139 task=pick up the ketchup and place it in the basket
[convert] file=pick_up_the_ketchup_and_place_it_in_the_basket_demo_camvar_05_t1a391a.hdf5 episode=demo_8 frames=145 task=pick up the ketchup and place it in the basket
[convert] file=pick_up_the_ketchup_and_place_it_in_the_basket_demo_camvar_05_t1a391a.hdf5 episode=demo_9 frames=221 task=pick up the ketchup and place it in the basket
[convert] file=pick_up_the_orange_juice_and_place_it_in_the_basket_demo.hdf5 episode=demo_0 frames=126 task=pick up the orange juice and place it in the basket
[convert] file=pick_up_the_orange_juice_and_place_it_in_the_basket_demo.hdf5 episode=demo_1 frames=135 task=pick up the orange juice and place it in the basket
[convert] file=pick_up_the_orange_juice_and_place_it_in_the_basket_demo.hdf5 episode=demo_10 frames=134 task=pick up the orange juice and place it in the basket
[convert] file=pick_up_the_orange_juice_and_place_it_in_the_basket_demo.hdf5 episode=demo_11 frames=167 task=pick up the orange juice and place it in the basket
[convert] file=pick_up_the_orange_juice_and_place_it_in_the_basket_demo.hdf5 episode=demo_12 frames=144 task=pick up the orange juice and place it in the basket
[convert] file=pick_up_the_orange_juice_and_place_it_in_the_basket_demo.hdf5 episode=demo_13 frames=129 task=pick up the orange juice and place it in the basket
[convert] file=pick_up_the_orange_juice_and_place_it_in_the_basket_demo.hdf5 episode=demo_14 frames=114 task=pick up the orange juice and place it in the basket
[convert] file=pick_up_the_orange_juice_and_place_it_in_the_basket_demo.hdf5 episode=demo_15 frames=131 task=pick up the orange juice and place it in the basket
[convert] file=pick_up_the_orange_juice_and_place_it_in_the_basket_demo.hdf5 episode=demo_16 frames=163 task=pick up the orange juice and place it in the basket
[convert] file=pick_up_the_orange_juice_and_place_it_in_the_basket_demo.hdf5 episode=demo_17 frames=122 task=pick up the orange juice and place it in the basket
[convert] file=pick_up_the_orange_juice_and_place_it_in_the_basket_demo.hdf5 episode=demo_18 frames=136 task=pick up the orange juice and place it in the basket
[convert] file=pick_up_the_orange_juice_and_place_it_in_the_basket_demo.hdf5 episode=demo_19 frames=121 task=pick up the orange juice and place it in the basket
[convert] file=pick_up_the_orange_juice_and_place_it_in_the_basket_demo.hdf5 episode=demo_2 frames=132 task=pick up the orange juice and place it in the basket
[convert] file=pick_up_the_orange_juice_and_place_it_in_the_basket_demo.hdf5 episode=demo_20 frames=201 task=pick up the orange juice and place it in the basket
[convert] file=pick_up_the_orange_juice_and_place_it_in_the_basket_demo.hdf5 episode=demo_21 frames=136 task=pick up the orange juice and place it in the basket
[convert] file=pick_up_the_orange_juice_and_place_it_in_the_basket_demo.hdf5 episode=demo_22 frames=195 task=pick up the orange juice and place it in the basket
[convert] file=pick_up_the_orange_juice_and_place_it_in_the_basket_demo.hdf5 episode=demo_23 frames=150 task=pick up the orange juice and place it in the basket
[convert] file=pick_up_the_orange_juice_and_place_it_in_the_basket_demo.hdf5 episode=demo_24 frames=124 task=pick up the orange juice and place it in the basket
[convert] file=pick_up_the_orange_juice_and_place_it_in_the_basket_demo.hdf5 episode=demo_25 frames=127 task=pick up the orange juice and place it in the basket
[convert] file=pick_up_the_orange_juice_and_place_it_in_the_basket_demo.hdf5 episode=demo_26 frames=128 task=pick up the orange juice and place it in the basket
[convert] file=pick_up_the_orange_juice_and_place_it_in_the_basket_demo.hdf5 episode=demo_27 frames=141 task=pick up the orange juice and place it in the basket
[convert] file=pick_up_the_orange_juice_and_place_it_in_the_basket_demo.hdf5 episode=demo_28 frames=131 task=pick up the orange juice and place it in the basket
[convert] file=pick_up_the_orange_juice_and_place_it_in_the_basket_demo.hdf5 episode=demo_29 frames=154 task=pick up the orange juice and place it in the basket
[convert] file=pick_up_the_orange_juice_and_place_it_in_the_basket_demo.hdf5 episode=demo_3 frames=145 task=pick up the orange juice and place it in the basket
[convert] file=pick_up_the_orange_juice_and_place_it_in_the_basket_demo.hdf5 episode=demo_30 frames=124 task=pick up the orange juice and place it in the basket
[convert] file=pick_up_the_orange_juice_and_place_it_in_the_basket_demo.hdf5 episode=demo_31 frames=143 task=pick up the orange juice and place it in the basket
[convert] file=pick_up_the_orange_juice_and_place_it_in_the_basket_demo.hdf5 episode=demo_32 frames=121 task=pick up the orange juice and place it in the basket
[convert] file=pick_up_the_orange_juice_and_place_it_in_the_basket_demo.hdf5 episode=demo_33 frames=142 task=pick up the orange juice and place it in the basket
[convert] file=pick_up_the_orange_juice_and_place_it_in_the_basket_demo.hdf5 episode=demo_34 frames=123 task=pick up the orange juice and place it in the basket
[convert] file=pick_up_the_orange_juice_and_place_it_in_the_basket_demo.hdf5 episode=demo_35 frames=168 task=pick up the orange juice and place it in the basket
[convert] file=pick_up_the_orange_juice_and_place_it_in_the_basket_demo.hdf5 episode=demo_36 frames=141 task=pick up the orange juice and place it in the basket
[convert] file=pick_up_the_orange_juice_and_place_it_in_the_basket_demo.hdf5 episode=demo_37 frames=134 task=pick up the orange juice and place it in the basket
[convert] file=pick_up_the_orange_juice_and_place_it_in_the_basket_demo.hdf5 episode=demo_38 frames=123 task=pick up the orange juice and place it in the basket
[convert] file=pick_up_the_orange_juice_and_place_it_in_the_basket_demo.hdf5 episode=demo_39 frames=142 task=pick up the orange juice and place it in the basket
[convert] file=pick_up_the_orange_juice_and_place_it_in_the_basket_demo.hdf5 episode=demo_4 frames=138 task=pick up the orange juice and place it in the basket
[convert] file=pick_up_the_orange_juice_and_place_it_in_the_basket_demo.hdf5 episode=demo_40 frames=164 task=pick up the orange juice and place it in the basket
[convert] file=pick_up_the_orange_juice_and_place_it_in_the_basket_demo.hdf5 episode=demo_41 frames=120 task=pick up the orange juice and place it in the basket
[convert] file=pick_up_the_orange_juice_and_place_it_in_the_basket_demo.hdf5 episode=demo_42 frames=126 task=pick up the orange juice and place it in the basket
[convert] file=pick_up_the_orange_juice_and_place_it_in_the_basket_demo.hdf5 episode=demo_43 frames=254 task=pick up the orange juice and place it in the basket
[convert] file=pick_up_the_orange_juice_and_place_it_in_the_basket_demo.hdf5 episode=demo_44 frames=123 task=pick up the orange juice and place it in the basket
[convert] file=pick_up_the_orange_juice_and_place_it_in_the_basket_demo.hdf5 episode=demo_45 frames=145 task=pick up the orange juice and place it in the basket
[convert] file=pick_up_the_orange_juice_and_place_it_in_the_basket_demo.hdf5 episode=demo_46 frames=121 task=pick up the orange juice and place it in the basket
[convert] file=pick_up_the_orange_juice_and_place_it_in_the_basket_demo.hdf5 episode=demo_47 frames=133 task=pick up the orange juice and place it in the basket
[convert] file=pick_up_the_orange_juice_and_place_it_in_the_basket_demo.hdf5 episode=demo_48 frames=129 task=pick up the orange juice and place it in the basket
[convert] file=pick_up_the_orange_juice_and_place_it_in_the_basket_demo.hdf5 episode=demo_49 frames=125 task=pick up the orange juice and place it in the basket
[convert] file=pick_up_the_orange_juice_and_place_it_in_the_basket_demo.hdf5 episode=demo_5 frames=133 task=pick up the orange juice and place it in the basket
[convert] file=pick_up_the_orange_juice_and_place_it_in_the_basket_demo.hdf5 episode=demo_6 frames=133 task=pick up the orange juice and place it in the basket
[convert] file=pick_up_the_orange_juice_and_place_it_in_the_basket_demo.hdf5 episode=demo_7 frames=129 task=pick up the orange juice and place it in the basket
[convert] file=pick_up_the_orange_juice_and_place_it_in_the_basket_demo.hdf5 episode=demo_8 frames=123 task=pick up the orange juice and place it in the basket
[convert] file=pick_up_the_orange_juice_and_place_it_in_the_basket_demo.hdf5 episode=demo_9 frames=125 task=pick up the orange juice and place it in the basket
[convert] file=pick_up_the_salad_dressing_and_place_it_in_the_basket_demo_camvar_05_t499846.hdf5 episode=demo_0 frames=132 task=pick up the salad dressing and place it in the basket
[convert] file=pick_up_the_salad_dressing_and_place_it_in_the_basket_demo_camvar_05_t499846.hdf5 episode=demo_1 frames=119 task=pick up the salad dressing and place it in the basket
[convert] file=pick_up_the_salad_dressing_and_place_it_in_the_basket_demo_camvar_05_t499846.hdf5 episode=demo_10 frames=119 task=pick up the salad dressing and place it in the basket
[convert] file=pick_up_the_salad_dressing_and_place_it_in_the_basket_demo_camvar_05_t499846.hdf5 episode=demo_11 frames=123 task=pick up the salad dressing and place it in the basket
[convert] file=pick_up_the_salad_dressing_and_place_it_in_the_basket_demo_camvar_05_t499846.hdf5 episode=demo_12 frames=124 task=pick up the salad dressing and place it in the basket
[convert] file=pick_up_the_salad_dressing_and_place_it_in_the_basket_demo_camvar_05_t499846.hdf5 episode=demo_13 frames=140 task=pick up the salad dressing and place it in the basket
[convert] file=pick_up_the_salad_dressing_and_place_it_in_the_basket_demo_camvar_05_t499846.hdf5 episode=demo_14 frames=118 task=pick up the salad dressing and place it in the basket
[convert] file=pick_up_the_salad_dressing_and_place_it_in_the_basket_demo_camvar_05_t499846.hdf5 episode=demo_15 frames=130 task=pick up the salad dressing and place it in the basket
[convert] file=pick_up_the_salad_dressing_and_place_it_in_the_basket_demo_camvar_05_t499846.hdf5 episode=demo_16 frames=116 task=pick up the salad dressing and place it in the basket
[convert] file=pick_up_the_salad_dressing_and_place_it_in_the_basket_demo_camvar_05_t499846.hdf5 episode=demo_17 frames=126 task=pick up the salad dressing and place it in the basket
[convert] file=pick_up_the_salad_dressing_and_place_it_in_the_basket_demo_camvar_05_t499846.hdf5 episode=demo_18 frames=172 task=pick up the salad dressing and place it in the basket
[convert] file=pick_up_the_salad_dressing_and_place_it_in_the_basket_demo_camvar_05_t499846.hdf5 episode=demo_19 frames=124 task=pick up the salad dressing and place it in the basket
[convert] file=pick_up_the_salad_dressing_and_place_it_in_the_basket_demo_camvar_05_t499846.hdf5 episode=demo_2 frames=158 task=pick up the salad dressing and place it in the basket
[convert] file=pick_up_the_salad_dressing_and_place_it_in_the_basket_demo_camvar_05_t499846.hdf5 episode=demo_20 frames=123 task=pick up the salad dressing and place it in the basket
[convert] file=pick_up_the_salad_dressing_and_place_it_in_the_basket_demo_camvar_05_t499846.hdf5 episode=demo_21 frames=123 task=pick up the salad dressing and place it in the basket
[convert] file=pick_up_the_salad_dressing_and_place_it_in_the_basket_demo_camvar_05_t499846.hdf5 episode=demo_22 frames=121 task=pick up the salad dressing and place it in the basket
[convert] file=pick_up_the_salad_dressing_and_place_it_in_the_basket_demo_camvar_05_t499846.hdf5 episode=demo_23 frames=120 task=pick up the salad dressing and place it in the basket
[convert] file=pick_up_the_salad_dressing_and_place_it_in_the_basket_demo_camvar_05_t499846.hdf5 episode=demo_24 frames=144 task=pick up the salad dressing and place it in the basket
[convert] file=pick_up_the_salad_dressing_and_place_it_in_the_basket_demo_camvar_05_t499846.hdf5 episode=demo_25 frames=121 task=pick up the salad dressing and place it in the basket
[convert] file=pick_up_the_salad_dressing_and_place_it_in_the_basket_demo_camvar_05_t499846.hdf5 episode=demo_26 frames=117 task=pick up the salad dressing and place it in the basket
[convert] file=pick_up_the_salad_dressing_and_place_it_in_the_basket_demo_camvar_05_t499846.hdf5 episode=demo_27 frames=119 task=pick up the salad dressing and place it in the basket
[convert] file=pick_up_the_salad_dressing_and_place_it_in_the_basket_demo_camvar_05_t499846.hdf5 episode=demo_28 frames=127 task=pick up the salad dressing and place it in the basket
[convert] file=pick_up_the_salad_dressing_and_place_it_in_the_basket_demo_camvar_05_t499846.hdf5 episode=demo_29 frames=118 task=pick up the salad dressing and place it in the basket
[convert] file=pick_up_the_salad_dressing_and_place_it_in_the_basket_demo_camvar_05_t499846.hdf5 episode=demo_3 frames=162 task=pick up the salad dressing and place it in the basket
[convert] file=pick_up_the_salad_dressing_and_place_it_in_the_basket_demo_camvar_05_t499846.hdf5 episode=demo_30 frames=123 task=pick up the salad dressing and place it in the basket
[convert] file=pick_up_the_salad_dressing_and_place_it_in_the_basket_demo_camvar_05_t499846.hdf5 episode=demo_31 frames=127 task=pick up the salad dressing and place it in the basket
[convert] file=pick_up_the_salad_dressing_and_place_it_in_the_basket_demo_camvar_05_t499846.hdf5 episode=demo_32 frames=128 task=pick up the salad dressing and place it in the basket
[convert] file=pick_up_the_salad_dressing_and_place_it_in_the_basket_demo_camvar_05_t499846.hdf5 episode=demo_33 frames=131 task=pick up the salad dressing and place it in the basket
[convert] file=pick_up_the_salad_dressing_and_place_it_in_the_basket_demo_camvar_05_t499846.hdf5 episode=demo_34 frames=211 task=pick up the salad dressing and place it in the basket
[convert] file=pick_up_the_salad_dressing_and_place_it_in_the_basket_demo_camvar_05_t499846.hdf5 episode=demo_35 frames=111 task=pick up the salad dressing and place it in the basket
[convert] file=pick_up_the_salad_dressing_and_place_it_in_the_basket_demo_camvar_05_t499846.hdf5 episode=demo_36 frames=115 task=pick up the salad dressing and place it in the basket
[convert] file=pick_up_the_salad_dressing_and_place_it_in_the_basket_demo_camvar_05_t499846.hdf5 episode=demo_37 frames=119 task=pick up the salad dressing and place it in the basket
[convert] file=pick_up_the_salad_dressing_and_place_it_in_the_basket_demo_camvar_05_t499846.hdf5 episode=demo_38 frames=120 task=pick up the salad dressing and place it in the basket
[convert] file=pick_up_the_salad_dressing_and_place_it_in_the_basket_demo_camvar_05_t499846.hdf5 episode=demo_39 frames=121 task=pick up the salad dressing and place it in the basket
[convert] file=pick_up_the_salad_dressing_and_place_it_in_the_basket_demo_camvar_05_t499846.hdf5 episode=demo_4 frames=117 task=pick up the salad dressing and place it in the basket
[convert] file=pick_up_the_salad_dressing_and_place_it_in_the_basket_demo_camvar_05_t499846.hdf5 episode=demo_40 frames=110 task=pick up the salad dressing and place it in the basket
[convert] file=pick_up_the_salad_dressing_and_place_it_in_the_basket_demo_camvar_05_t499846.hdf5 episode=demo_41 frames=113 task=pick up the salad dressing and place it in the basket
[convert] file=pick_up_the_salad_dressing_and_place_it_in_the_basket_demo_camvar_05_t499846.hdf5 episode=demo_42 frames=124 task=pick up the salad dressing and place it in the basket
[convert] file=pick_up_the_salad_dressing_and_place_it_in_the_basket_demo_camvar_05_t499846.hdf5 episode=demo_43 frames=124 task=pick up the salad dressing and place it in the basket
[convert] file=pick_up_the_salad_dressing_and_place_it_in_the_basket_demo_camvar_05_t499846.hdf5 episode=demo_44 frames=129 task=pick up the salad dressing and place it in the basket
[convert] file=pick_up_the_salad_dressing_and_place_it_in_the_basket_demo_camvar_05_t499846.hdf5 episode=demo_45 frames=113 task=pick up the salad dressing and place it in the basket
[convert] file=pick_up_the_salad_dressing_and_place_it_in_the_basket_demo_camvar_05_t499846.hdf5 episode=demo_46 frames=121 task=pick up the salad dressing and place it in the basket
[convert] file=pick_up_the_salad_dressing_and_place_it_in_the_basket_demo_camvar_05_t499846.hdf5 episode=demo_47 frames=119 task=pick up the salad dressing and place it in the basket
[convert] file=pick_up_the_salad_dressing_and_place_it_in_the_basket_demo_camvar_05_t499846.hdf5 episode=demo_48 frames=129 task=pick up the salad dressing and place it in the basket
[convert] file=pick_up_the_salad_dressing_and_place_it_in_the_basket_demo_camvar_05_t499846.hdf5 episode=demo_49 frames=165 task=pick up the salad dressing and place it in the basket
[convert] file=pick_up_the_salad_dressing_and_place_it_in_the_basket_demo_camvar_05_t499846.hdf5 episode=demo_5 frames=134 task=pick up the salad dressing and place it in the basket
[convert] file=pick_up_the_salad_dressing_and_place_it_in_the_basket_demo_camvar_05_t499846.hdf5 episode=demo_6 frames=119 task=pick up the salad dressing and place it in the basket
[convert] file=pick_up_the_salad_dressing_and_place_it_in_the_basket_demo_camvar_05_t499846.hdf5 episode=demo_7 frames=120 task=pick up the salad dressing and place it in the basket
[convert] file=pick_up_the_salad_dressing_and_place_it_in_the_basket_demo_camvar_05_t499846.hdf5 episode=demo_8 frames=129 task=pick up the salad dressing and place it in the basket
[convert] file=pick_up_the_salad_dressing_and_place_it_in_the_basket_demo_camvar_05_t499846.hdf5 episode=demo_9 frames=123 task=pick up the salad dressing and place it in the basket
[convert] completed repo_id=glbreeze/libero_object_cam_train_o00_02_03_05_06_09_10_tmp_shards/shard_008 mode=all_views files=6 episodes=300 frames=43322
Shard conversion completed successfully.
